#
# A fatal error has been detected by the Java Runtime Environment:
#
#  EXCEPTION_ACCESS_VIOLATION (0xc0000005) at pc=0x000007fee2641cbd, pid=2612, tid=9092
#
# JRE version: Java(TM) SE Runtime Environment (8.0_45-b15) (build 1.8.0_45-b15)
# Java VM: Java HotSpot(TM) 64-Bit Server VM (25.45-b02 mixed mode windows-amd64 compressed oops)
# Problematic frame:
# C  [opencv_objdetect300.dll+0x1cbd]
#
# Failed to write core dump. Minidumps are not enabled by default on client versions of Windows
#
# If you would like to submit a bug report, please visit:
#   http://bugreport.java.com/bugreport/crash.jsp
# The crash happened outside the Java Virtual Machine in native code.
# See problematic frame for where to report the bug.
#

---------------  T H R E A D  ---------------

Current thread (0x0000000002528000):  JavaThread "main" [_thread_in_native, id=9092, stack(0x00000000026c0000,0x00000000027c0000)]

siginfo: ExceptionCode=0xc0000005, writing address 0x0000001c42500008

Registers:
RAX=0x00000000ffffffff, RBX=0x000000000033de60, RCX=0x0000001c42500000, RDX=0x00000000027beeb8
RSP=0x00000000027bee40, RBP=0x00000000027bf008, RSI=0x000000005a912c20, RDI=0x000000000033de60
R8 =0x00000000624e85d0, R9 =0x00000000624fe940, R10=0x0000000077a92c30, R11=0x000000000034bba0
R12=0x00000000027bf028, R13=0x000000000033de60, R14=0x0000000000000000, R15=0x000000005a912c20
RIP=0x000007fee2641cbd, EFLAGS=0x0000000000010286

Top of Stack: (sp=0x00000000027bee40)
0x00000000027bee40:   00000000624fe940 000007fee2649265
0x00000000027bee50:   00000000624fe940 00000000624fe948
0x00000000027bee60:   fffffffffffffffe 0000001c42500000
0x00000000027bee70:   0000001e00000012 fffffffffffffffe
0x00000000027bee80:   00000000027bef30 000007fee2666125
0x00000000027bee90:   00000000027beeb8 00000000624e85d0
0x00000000027beea0:   00000000027bef30 000007fee1cfb1b1
0x00000000027beeb0:   fffffffffffffffe 00000000624e85d0
0x00000000027beec0:   00000000624fe940 000000005a912c20
0x00000000027beed0:   0000000000000019 000007feee9c4d0b
0x00000000027beee0:   00000000025281f8 000000005a912c20
0x00000000027beef0:   00000000027bf028 00000000025281f8
0x00000000027bef00:   000000005a912c20 0000000059e19816
0x00000000027bef10:   fffffffffffffffe 000000005a912c20
0x00000000027bef20:   0000000000000000 000000005a912c20
0x00000000027bef30:   000000000034bb24 0000000000000019 

Instructions: (pc=0x000007fee2641cbd)
0x000007fee2641c9d:   48 8b 09 48 89 4c 24 28 4c 89 03 48 8b 43 08 48
0x000007fee2641cad:   89 44 24 30 4c 89 4b 08 48 85 c9 74 18 83 c8 ff
0x000007fee2641cbd:   f0 0f c1 41 08 83 f8 01 75 0b 48 8b 4c 24 28 48
0x000007fee2641ccd:   8b 01 ff 50 08 0f 57 c0 f3 0f 7f 44 24 28 48 8b 


Register to memory mapping:

RAX=0x00000000ffffffff is an unallocated location in the heap
RBX=0x000000000033de60 is an unknown value
RCX=0x0000001c42500000 is an unknown value
RDX=0x00000000027beeb8 is pointing into the stack for thread: 0x0000000002528000
RSP=0x00000000027bee40 is pointing into the stack for thread: 0x0000000002528000
RBP=0x00000000027bf008 is pointing into the stack for thread: 0x0000000002528000
RSI=0x000000005a912c20 is an unknown value
RDI=0x000000000033de60 is an unknown value
R8 =0x00000000624e85d0 is an unknown value
R9 =0x00000000624fe940 is an unknown value
R10=0x0000000077a92c30 is an unknown value
R11=0x000000000034bba0 is an unknown value
R12=0x00000000027bf028 is pointing into the stack for thread: 0x0000000002528000
R13=0x000000000033de60 is an unknown value
R14=0x0000000000000000 is an unknown value
R15=0x000000005a912c20 is an unknown value


Stack: [0x00000000026c0000,0x00000000027c0000],  sp=0x00000000027bee40,  free space=1019k
Native frames: (J=compiled Java code, j=interpreted, Vv=VM code, C=native code)
C  [opencv_objdetect300.dll+0x1cbd]
C  [opencv_objdetect300.dll+0x26125]
C  [jniopencv_objdetect.dll+0x14d0b]
C  0x0000000002865e14

Java frames: (J=compiled Java code, j=interpreted, Vv=VM code)
j  org.bytedeco.javacpp.opencv_objdetect$CascadeClassifier.load(Ljava/lang/String;)Z+0
j  Hand.<init>(II)V+301
j  Main.main([Ljava/lang/String;)V+100
v  ~StubRoutines::call_stub

---------------  P R O C E S S  ---------------

Java Threads: ( => current thread )
  0x0000000058ed8800 JavaThread "AWT-Windows" daemon [_thread_in_native, id=11240, stack(0x000000005adf0000,0x000000005aef0000)]
  0x0000000058ed7000 JavaThread "Java2D Disposer" daemon [_thread_blocked, id=4536, stack(0x0000000059930000,0x0000000059a30000)]
  0x0000000058b78800 JavaThread "Service Thread" daemon [_thread_blocked, id=5668, stack(0x00000000592a0000,0x00000000593a0000)]
  0x0000000058b12000 JavaThread "C1 CompilerThread2" daemon [_thread_blocked, id=7208, stack(0x0000000059470000,0x0000000059570000)]
  0x0000000058b07000 JavaThread "C2 CompilerThread1" daemon [_thread_blocked, id=10396, stack(0x00000000591a0000,0x00000000592a0000)]
  0x0000000058af4000 JavaThread "C2 CompilerThread0" daemon [_thread_blocked, id=1048, stack(0x00000000588d0000,0x00000000589d0000)]
  0x0000000058aea000 JavaThread "Attach Listener" daemon [_thread_blocked, id=10872, stack(0x0000000058fd0000,0x00000000590d0000)]
  0x0000000058af3800 JavaThread "Signal Dispatcher" daemon [_thread_blocked, id=5456, stack(0x0000000058390000,0x0000000058490000)]
  0x0000000057428000 JavaThread "Finalizer" daemon [_thread_blocked, id=10808, stack(0x00000000589e0000,0x0000000058ae0000)]
  0x0000000057421800 JavaThread "Reference Handler" daemon [_thread_blocked, id=10488, stack(0x00000000587a0000,0x00000000588a0000)]
=>0x0000000002528000 JavaThread "main" [_thread_in_native, id=9092, stack(0x00000000026c0000,0x00000000027c0000)]

Other Threads:
  0x000000005741c000 VMThread [stack: 0x00000000584d0000,0x00000000585d0000] [id=9932]
  0x0000000058b8f000 WatcherThread [stack: 0x00000000595e0000,0x00000000596e0000] [id=10544]

VM state:not at safepoint (normal execution)

VM Mutex/Monitor currently owned by a thread: None

Heap:
 PSYoungGen      total 36864K, used 24203K [0x00000000d6e00000, 0x00000000d9700000, 0x0000000100000000)
  eden space 31744K, 76% used [0x00000000d6e00000,0x00000000d85a2c70,0x00000000d8d00000)
  from space 5120K, 0% used [0x00000000d9200000,0x00000000d9200000,0x00000000d9700000)
  to   space 5120K, 0% used [0x00000000d8d00000,0x00000000d8d00000,0x00000000d9200000)
 ParOldGen       total 84992K, used 0K [0x0000000084a00000, 0x0000000089d00000, 0x00000000d6e00000)
  object space 84992K, 0% used [0x0000000084a00000,0x0000000084a00000,0x0000000089d00000)
 Metaspace       used 8628K, capacity 8806K, committed 8960K, reserved 1056768K
  class space    used 954K, capacity 1023K, committed 1024K, reserved 1048576K

Card table byte_map: [0x0000000011c10000,0x0000000011ff0000] byte_map_base: 0x00000000117eb000

Marking Bits: (ParMarkBitMap*) 0x000000005a564040
 Begin Bits: [0x0000000012900000, 0x00000000147d8000)
 End Bits:   [0x00000000147d8000, 0x00000000166b0000)

Polling page: 0x0000000000230000

CodeCache: size=245760Kb used=3380Kb max_used=3380Kb free=242379Kb
 bounds [0x0000000002850000, 0x0000000002bb0000, 0x0000000011850000]
 total_blobs=1243 nmethods=776 adapters=380
 compilation: enabled

Compilation events (10 events):
Event: 4.492 Thread 0x0000000058b12000  772       3       java.net.URLClassLoader$2::run (16 bytes)
Event: 4.493 Thread 0x0000000058b12000 nmethod 772 0x0000000002b91110 code [0x0000000002b91280, 0x0000000002b91448]
Event: 4.493 Thread 0x0000000058b12000  773       3       sun.misc.URLClassPath$FileLoader::findResource (18 bytes)
Event: 4.493 Thread 0x0000000058b12000 nmethod 773 0x0000000002b90c10 code [0x0000000002b90d80, 0x0000000002b91018]
Event: 4.624 Thread 0x0000000058b12000  774       1       java.util.WeakHashMap::indexFor (6 bytes)
Event: 4.624 Thread 0x0000000058b12000 nmethod 774 0x0000000002b90990 code [0x0000000002b90ae0, 0x0000000002b90bd0]
Event: 4.630 Thread 0x0000000058b12000  775       3       java.util.ArrayList::toArray (12 bytes)
Event: 4.630 Thread 0x0000000058b12000 nmethod 775 0x0000000002b90490 code [0x0000000002b90600, 0x0000000002b90888]
Event: 4.633 Thread 0x0000000058b12000  776       3       java.net.URI::defineString (289 bytes)
Event: 4.637 Thread 0x0000000058b12000 nmethod 776 0x0000000002b9b410 code [0x0000000002b9b8c0, 0x0000000002ba04f8]

GC Heap History (0 events):
No events

Deoptimization events (0 events):
No events

Internal exceptions (10 events):
Event: 4.307 Thread 0x0000000002528000 Exception <a 'java/lang/UnsatisfiedLinkError'> (0x00000000d83ca858) thrown at [C:\re\workspace\8-2-build-windows-amd64-cygwin\jdk8u45\3627\hotspot\src\share\vm\prims\jvm.cpp, line 3965]
Event: 4.307 Thread 0x0000000002528000 Exception <a 'java/lang/UnsatisfiedLinkError'> (0x00000000d83ca858) thrown at [C:\re\workspace\8-2-build-windows-amd64-cygwin\jdk8u45\3627\hotspot\src\share\vm\prims\jni.cpp, line 709]
Event: 4.312 Thread 0x0000000002528000 Exception <a 'java/lang/UnsatisfiedLinkError'> (0x00000000d83f2ee8) thrown at [C:\re\workspace\8-2-build-windows-amd64-cygwin\jdk8u45\3627\hotspot\src\share\vm\prims\jvm.cpp, line 3965]
Event: 4.312 Thread 0x0000000002528000 Exception <a 'java/lang/UnsatisfiedLinkError'> (0x00000000d83f2ee8) thrown at [C:\re\workspace\8-2-build-windows-amd64-cygwin\jdk8u45\3627\hotspot\src\share\vm\prims\jni.cpp, line 709]
Event: 4.316 Thread 0x0000000002528000 Exception <a 'java/lang/UnsatisfiedLinkError'> (0x00000000d841b630) thrown at [C:\re\workspace\8-2-build-windows-amd64-cygwin\jdk8u45\3627\hotspot\src\share\vm\prims\jvm.cpp, line 3965]
Event: 4.316 Thread 0x0000000002528000 Exception <a 'java/lang/UnsatisfiedLinkError'> (0x00000000d841b630) thrown at [C:\re\workspace\8-2-build-windows-amd64-cygwin\jdk8u45\3627\hotspot\src\share\vm\prims\jni.cpp, line 709]
Event: 4.491 Thread 0x0000000002528000 Exception <a 'java/lang/UnsatisfiedLinkError'> (0x00000000d84ae1a8) thrown at [C:\re\workspace\8-2-build-windows-amd64-cygwin\jdk8u45\3627\hotspot\src\share\vm\prims\jvm.cpp, line 3965]
Event: 4.492 Thread 0x0000000002528000 Exception <a 'java/lang/UnsatisfiedLinkError'> (0x00000000d84ae1a8) thrown at [C:\re\workspace\8-2-build-windows-amd64-cygwin\jdk8u45\3627\hotspot\src\share\vm\prims\jni.cpp, line 709]
Event: 4.633 Thread 0x0000000002528000 Exception <a 'java/lang/UnsatisfiedLinkError'> (0x00000000d85290c0) thrown at [C:\re\workspace\8-2-build-windows-amd64-cygwin\jdk8u45\3627\hotspot\src\share\vm\prims\jvm.cpp, line 3965]
Event: 4.633 Thread 0x0000000002528000 Exception <a 'java/lang/UnsatisfiedLinkError'> (0x00000000d85290c0) thrown at [C:\re\workspace\8-2-build-windows-amd64-cygwin\jdk8u45\3627\hotspot\src\share\vm\prims\jni.cpp, line 709]

Events (10 events):
Event: 4.627 loading class org/bytedeco/javacpp/opencv_objdetect$CvHaarClassifierCascade
Event: 4.627 loading class org/bytedeco/javacpp/opencv_objdetect$CvHaarClassifierCascade done
Event: 4.628 loading class org/bytedeco/javacpp/helper/opencv_objdetect$AbstractCvHaarClassifierCascade
Event: 4.628 loading class org/bytedeco/javacpp/helper/opencv_objdetect$AbstractCvHaarClassifierCascade done
Event: 4.629 loading class org/bytedeco/javacpp/opencv_objdetect$CvHaarStageClassifier
Event: 4.629 loading class org/bytedeco/javacpp/opencv_objdetect$CvHaarStageClassifier done
Event: 4.629 loading class org/bytedeco/javacpp/opencv_objdetect$CvHaarClassifier
Event: 4.629 loading class org/bytedeco/javacpp/opencv_objdetect$CvHaarClassifier done
Event: 4.630 loading class org/bytedeco/javacpp/opencv_objdetect$CvHaarFeature
Event: 4.630 loading class org/bytedeco/javacpp/opencv_objdetect$CvHaarFeature done


Dynamic libraries:
0x000000013f920000 - 0x000000013f957000 	C:\Program Files\Java\jre1.8.0_45\bin\javaw.exe
0x0000000077960000 - 0x0000000077b0a000 	C:\Windows\SYSTEM32\ntdll.dll
0x0000000077840000 - 0x000000007795f000 	C:\Windows\system32\kernel32.dll
0x000007fefd830000 - 0x000007fefd89a000 	C:\Windows\system32\KERNELBASE.dll
0x000007fefef90000 - 0x000007feff06b000 	C:\Windows\system32\ADVAPI32.dll
0x000007feff070000 - 0x000007feff10f000 	C:\Windows\system32\msvcrt.dll
0x000007feffaa0000 - 0x000007feffabf000 	C:\Windows\SYSTEM32\sechost.dll
0x000007fefde30000 - 0x000007fefdf5d000 	C:\Windows\system32\RPCRT4.dll
0x0000000077740000 - 0x000000007783a000 	C:\Windows\system32\USER32.dll
0x000007fefedd0000 - 0x000007fefee37000 	C:\Windows\system32\GDI32.dll
0x000007fefee40000 - 0x000007fefee4e000 	C:\Windows\system32\LPK.dll
0x000007feffac0000 - 0x000007feffb8a000 	C:\Windows\system32\USP10.dll
0x000007fefa640000 - 0x000007fefa834000 	C:\Windows\WinSxS\amd64_microsoft.windows.common-controls_6595b64144ccf1df_6.0.7601.18837_none_fa3b1e3d17594757\COMCTL32.dll
0x000007feff570000 - 0x000007feff5e1000 	C:\Windows\system32\SHLWAPI.dll
0x000007fefd4a0000 - 0x000007fefd4f7000 	C:\Windows\system32\apphelp.dll
0x000007fefb200000 - 0x000007fefb251000 	C:\Windows\AppPatch\AppPatch64\AcGenral.DLL
0x000007fefd470000 - 0x000007fefd495000 	C:\Windows\system32\SspiCli.dll
0x000007fefdbc0000 - 0x000007fefddc3000 	C:\Windows\system32\ole32.dll
0x000007fefdfa0000 - 0x000007fefed2c000 	C:\Windows\system32\SHELL32.dll
0x000000006df30000 - 0x000000006df33000 	C:\Windows\system32\sfc.dll
0x000007fef3e50000 - 0x000007fef3e60000 	C:\Windows\system32\sfc_os.DLL
0x000007fefd770000 - 0x000007fefd78e000 	C:\Windows\system32\USERENV.dll
0x000007fefd6a0000 - 0x000007fefd6af000 	C:\Windows\system32\profapi.dll
0x000007fefa220000 - 0x000007fefa238000 	C:\Windows\system32\dwmapi.dll
0x000007feee2f0000 - 0x000007feee308000 	C:\Windows\system32\MPR.dll
0x000007fefdf70000 - 0x000007fefdf9e000 	C:\Windows\system32\IMM32.DLL
0x000007fefdab0000 - 0x000007fefdbb9000 	C:\Windows\system32\MSCTF.dll
0x0000000058610000 - 0x00000000586e2000 	C:\Program Files\Java\jre1.8.0_45\bin\msvcr100.dll
0x0000000059d60000 - 0x000000005a5e3000 	C:\Program Files\Java\jre1.8.0_45\bin\server\jvm.dll
0x000007fefadd0000 - 0x000007fefadd9000 	C:\Windows\system32\WSOCK32.dll
0x000007fefda60000 - 0x000007fefdaad000 	C:\Windows\system32\WS2_32.dll
0x000007fefdf60000 - 0x000007fefdf68000 	C:\Windows\system32\NSI.dll
0x000007fef8370000 - 0x000007fef83ab000 	C:\Windows\system32\WINMM.dll
0x000007fefc5d0000 - 0x000007fefc5dc000 	C:\Windows\system32\VERSION.dll
0x0000000077b30000 - 0x0000000077b37000 	C:\Windows\system32\PSAPI.DLL
0x0000000070f70000 - 0x0000000070f7f000 	C:\Program Files\Java\jre1.8.0_45\bin\verify.dll
0x0000000070f40000 - 0x0000000070f69000 	C:\Program Files\Java\jre1.8.0_45\bin\java.dll
0x0000000070f20000 - 0x0000000070f36000 	C:\Program Files\Java\jre1.8.0_45\bin\zip.dll
0x00000000596e0000 - 0x0000000059878000 	C:\Program Files\Java\jre1.8.0_45\bin\awt.dll
0x000007feffb90000 - 0x000007feffc68000 	C:\Windows\system32\OLEAUT32.dll
0x000007fefad00000 - 0x000007fefad56000 	C:\Windows\system32\uxtheme.dll
0x000007feebaf0000 - 0x000007feec380000 	C:\Windows\system32\SOGOUPY.IME
0x000007fef8410000 - 0x000007fef8417000 	C:\Windows\system32\MSIMG32.dll
0x000007fef83b0000 - 0x000007fef8404000 	C:\Windows\system32\OLEACC.dll
0x000007fefc4a0000 - 0x000007fefc4cd000 	C:\Windows\system32\ntmarta.dll
0x000007fefddd0000 - 0x000007fefde22000 	C:\Windows\system32\WLDAP32.dll
0x000007fefd500000 - 0x000007fefd50f000 	C:\Windows\system32\CRYPTBASE.dll
0x000007fee8630000 - 0x000007fee8867000 	c:\Program Files (x86)\SogouInput\Components\PicFace\1.0.0.1455\PicFace64.dll
0x0000000058730000 - 0x0000000058745000 	C:\Users\KYWang\AppData\Local\Temp\javacpp18505880974618\libusb0.dll
0x000007feff8c0000 - 0x000007feffa97000 	C:\Windows\system32\SETUPAPI.dll
0x000007fefd730000 - 0x000007fefd766000 	C:\Windows\system32\CFGMGR32.dll
0x000007fefd8d0000 - 0x000007fefd8ea000 	C:\Windows\system32\DEVOBJ.dll
0x000007fef2420000 - 0x000007fef2454000 	C:\Users\KYWang\AppData\Local\Temp\javacpp18505880974618\freenect.dll
0x000007fef6680000 - 0x000007fef6699000 	C:\Users\KYWang\AppData\Local\Temp\javacpp18505880974618\pthreadVC2.dll
0x000007fef4040000 - 0x000007fef4063000 	C:\Users\KYWang\AppData\Local\Temp\javacpp18505880974618\jnifreenect.dll
0x000007fef5d60000 - 0x000007fef5e4f000 	C:\Windows\system32\MSVCR120.dll
0x000007fef3bf0000 - 0x000007fef3c14000 	C:\Users\KYWang\AppData\Local\Temp\javacpp18505880974618\jnivideoInputLib.dll
0x000007feea180000 - 0x000007feea226000 	C:\Windows\system32\MSVCP120.dll
0x000007fefee50000 - 0x000007fefeee9000 	C:\Windows\system32\CLBCatQ.DLL
0x000007fef3340000 - 0x000007fef3356000 	C:\Windows\system32\devenum.dll
0x000007fefd6e0000 - 0x000007fefd71b000 	C:\Windows\system32\WINTRUST.dll
0x000007fefd8f0000 - 0x000007fefda5d000 	C:\Windows\system32\CRYPT32.dll
0x000007fefd6b0000 - 0x000007fefd6bf000 	C:\Windows\system32\MSASN1.dll
0x000007fefb2a0000 - 0x000007fefb2ad000 	C:\Windows\system32\msdmo.dll
0x000007fef22f0000 - 0x000007fef231f000 	C:\Windows\system32\qcap.dll
0x000007feeea00000 - 0x000007feeebb3000 	C:\Windows\system32\quartz.dll
0x000007fef1bc0000 - 0x000007fef1c01000 	C:\Windows\system32\ksproxy.ax
0x000000006df40000 - 0x000000006df46000 	C:\Windows\system32\ksuser.dll
0x000007fef9e70000 - 0x000007fefa06f000 	C:\Windows\system32\d3d9.dll
0x000007fef9e60000 - 0x000007fef9e67000 	C:\Windows\system32\d3d8thk.dll
0x000007fef1b90000 - 0x000007fef1bb4000 	C:\Windows\system32\kswdmcap.ax
0x000007fee7bd0000 - 0x000007fee7d2c000 	C:\Windows\system32\MFC42.dll
0x000007fee2540000 - 0x000007fee25f1000 	C:\Windows\system32\ODBC32.dll
0x00000000590d0000 - 0x0000000059108000 	C:\Windows\system32\odbcint.dll
0x000007feee420000 - 0x000007feee4bb000 	C:\Windows\System32\qedit.dll
0x000007fef1b60000 - 0x000007fef1b89000 	C:\Windows\System32\MSVFW32.dll
0x000007fefed30000 - 0x000007fefedc7000 	C:\Windows\system32\COMDLG32.dll
0x000007fefa3d0000 - 0x000007fefa5e6000 	C:\Windows\WinSxS\amd64_microsoft.windows.gdiplus_6595b64144ccf1df_1.1.7601.23508_none_145555328b95eaaa\gdiplus.dll
0x000007fef2fb0000 - 0x000007fef30a1000 	C:\Windows\system32\DDRAW.dll
0x000007fef3d00000 - 0x000007fef3d08000 	C:\Windows\system32\DCIMAN32.dll
0x000007fee2450000 - 0x000007fee253f000 	C:\Users\KYWang\AppData\Local\Temp\javacpp18505880974618\msvcr120.dll
0x000007fee23a0000 - 0x000007fee2446000 	C:\Users\KYWang\AppData\Local\Temp\javacpp18505880974618\msvcp120.dll
0x000007fee1b70000 - 0x000007fee1df1000 	C:\Users\KYWang\AppData\Local\Temp\javacpp18505880974618\opencv_core300.dll
0x000007fee0e90000 - 0x000007fee120f000 	C:\Users\KYWang\AppData\Local\Temp\javacpp18505880974618\opencv_imgproc300.dll
0x000007fee0cd0000 - 0x000007fee0e88000 	C:\Users\KYWang\AppData\Local\Temp\javacpp18505880974618\jniopencv_core.dll
0x000007fee0c20000 - 0x000007fee0cc5000 	C:\Users\KYWang\AppData\Local\Temp\javacpp18505880974618\jniopencv_imgproc.dll
0x000007fee0960000 - 0x000007fee0c17000 	C:\Users\KYWang\AppData\Local\Temp\javacpp18505880974618\opencv_imgcodecs300.dll
0x000007fef26f0000 - 0x000007fef270b000 	C:\Users\KYWang\AppData\Local\Temp\javacpp18505880974618\jniopencv_imgcodecs.dll
0x0000000066840000 - 0x00000000676b4000 	C:\Windows\System32\opencv_ffmpeg300_64.dll
0x000007fef1860000 - 0x000007fef18a8000 	C:\Users\KYWang\AppData\Local\Temp\javacpp18505880974618\opencv_videoio300.dll
0x000007fef2400000 - 0x000007fef241f000 	C:\Windows\system32\AVIFIL32.dll
0x000007fee92c0000 - 0x000007fee92d8000 	C:\Windows\system32\MSACM32.dll
0x000007fef1d70000 - 0x000007fef1d87000 	C:\Windows\system32\AVICAP32.dll
0x000007fef1840000 - 0x000007fef1854000 	C:\Users\KYWang\AppData\Local\Temp\javacpp18505880974618\jniopencv_videoio.dll
0x000007fef1790000 - 0x000007fef17ba000 	C:\Users\KYWang\AppData\Local\Temp\javacpp18505880974618\opencv_highgui300.dll
0x000007fef1750000 - 0x000007fef1784000 	C:\Users\KYWang\AppData\Local\Temp\javacpp18505880974618\jniopencv_highgui.dll
0x000007fee0890000 - 0x000007fee0960000 	C:\Users\KYWang\AppData\Local\Temp\javacpp18505880974618\opencv_ml300.dll
0x000007fef11b0000 - 0x000007fef11df000 	C:\Users\KYWang\AppData\Local\Temp\javacpp18505880974618\jniopencv_ml.dll
0x000007fee2640000 - 0x000007fee26e0000 	C:\Users\KYWang\AppData\Local\Temp\javacpp18505880974618\opencv_objdetect300.dll
0x000007feee9b0000 - 0x000007feee9fc000 	C:\Users\KYWang\AppData\Local\Temp\javacpp18505880974618\jniopencv_objdetect.dll
0x000007fefade0000 - 0x000007fefaf05000 	C:\Windows\system32\dbghelp.dll

VM Arguments:
jvm_args: -Dfile.encoding=GBK 
java_command: Main
java_class_path (initial): E:\GestureRecognition\code\HandDetection\bin;E:\GestureRecognition\javacv-bin\;E:\GestureRecognition\javacv-bin\javacpp.jar;E:\GestureRecognition\javacv-bin\opencv-linux-x86.jar;E:\GestureRecognition\javacv-bin\opencv-linux-x86_64.jar;E:\GestureRecognition\javacv-bin\opencv-macosx-x86_64.jar;E:\GestureRecognition\javacv-bin\opencv-windows-x86.jar;E:\GestureRecognition\javacv-bin\opencv-windows-x86_64.jar;E:\GestureRecognition\javacv-bin\opencv.jar;E:\GestureRecognition\javacv-bin\ffmpeg-linux-x86.jar;E:\GestureRecognition\javacv-bin\ffmpeg-linux-x86_64.jar;E:\GestureRecognition\javacv-bin\ffmpeg-macosx-x86_64.jar;E:\GestureRecognition\javacv-bin\ffmpeg-windows-x86.jar;E:\GestureRecognition\javacv-bin\ffmpeg-windows-x86_64.jar;E:\GestureRecognition\javacv-bin\ffmpeg.jar;E:\GestureRecognition\javacv-bin\flycapture-linux-x86.jar;E:\GestureRecognition\javacv-bin\flycapture-linux-x86_64.jar;E:\GestureRecognition\javacv-bin\flycapture-windows-x86.jar;E:\GestureRecognition\javacv-bin\flycapture-windows-x86_64.jar;E:\GestureRecognition\javacv-bin\flycapture.jar;E:\GestureRecognition\javacv-bin\libdc1394-linux-x86.jar;E:\GestureRecognition\javacv-bin\libdc1394-linux-x86_64.jar;E:\GestureRecognition\javacv-bin\libdc1394-macosx-x86_64.jar;E:\GestureRecognition\javacv-bin\libdc1394.jar;E:\GestureRecognition\javacv-bin\libfreenect-linux-x86.jar;E:\GestureRecognition\javacv-bin\libfreenect-linux-x86_64.jar;E:\GestureRecognition\javacv-bin\libfreenect-macosx-x86_64.jar;E:\GestureRecognition\javacv-bin\libfreenect-windows-x86.jar;E:\GestureRecognition\javacv-bin\libfreenect-windows-x86_64.jar;E:\GestureRecognition\javacv-bin\libfreenect.jar;E:\GestureRecognition\javacv-bin\videoinput-windows-x86.jar;E:\GestureRecognition\javacv-bin\videoinput-windows-x86_64.jar;E:\GestureRecognition\javacv-bin\videoinput.jar;E:\GestureRecognition\javacv-bin\artoolkitplus-linux-x86.jar;E:\GestureRecognition\javacv-bin\artoolkitplus-linux-x86_64.jar;E:\GestureRecognition\
Launcher Type: SUN_STANDARD

Environment Variables:
JAVA_HOME=C:\Program Files\Java\jdk1.8.0_25
PATH=C:/Program Files/Java/jre1.8.0_45/bin/server;C:/Program Files/Java/jre1.8.0_45/bin;C:/Program Files/Java/jre1.8.0_45/lib/amd64;C:\ProgramData\Oracle\Java\javapath;C:\Program Files (x86)\Intel\iCLS Client\;C:\Program Files\Intel\iCLS Client\;C:\Windows\system32;C:\Windows;C:\Windows\System32\Wbem;C:\Windows\System32\WindowsPowerShell\v1.0\;C:\Program Files\Intel\Intel(R) Management Engine Components\DAL;C:\Program Files\Intel\Intel(R) Management Engine Components\IPT;C:\Program Files (x86)\Intel\Intel(R) Management Engine Components\DAL;C:\Program Files (x86)\Intel\Intel(R) Management Engine Components\IPT;C:\Program Files\Lenovo\Fingerprint Manager Pro\;C:\Program Files (x86)\Common Files\Lenovo;C:\SWTOOLS\ReadyApps;C:\Program Files (x86)\Lenovo\Access Connections\;C:\Program Files (x86)\Lenovo\Password Manager\;C:\Program Files\SourceGear\Common\DiffMerge\;d:\MATLAB\R2014b\runtime\win64;d:\MATLAB\R2014b\bin;d:\MATLAB\R2014b\polyspace\bin;C:\Program Files (x86)\Microsoft SQL Server\100\Tools\Binn\;C:\Program Files\Microsoft SQL Server\100\Tools\Binn\;C:\Program Files\Microsoft SQL Server\100\DTS\Binn\;C:\Program Files (x86)\Windows Kits\10\Windows Performance Toolkit\;C:\Program Files\Intel\WiFi\bin\;C:\Program Files\Common Files\Intel\WirelessCommon\;C:\Program Files (x86)\GtkSharp\2.12\bin;C:\Program Files (x86)\QuickTime\QTSystem\;C:\Users\KYWang\AppData\Local\Programs\Python\Python35\Scripts\;C:\Users\KYWang\AppData\Local\Programs\Python\Python35\;C:\Program Files\Java\jdk1.8.0_25/bin;C:\Program Files (x86)\Google\google_appengine\;C:\Program Files\mingw-w64\x86_64-5.2.0-posix-seh-rt_v4-rev0\mingw64\bin;D:\opencv\build\x86\vc12\bin;D:\opencv\build\x64\vc12\bin;D:\opencv\build\MinGW64\bin;C:\Users\KYWang\AppData\Local\Android\sdk\platform-tools;C:\Program Files\Intel\WiFi\bin\;C:\Program Files\Common Files\Intel\WirelessCommon\;D:\eclipse;
USERNAME=KYWang
OS=Windows_NT
PROCESSOR_IDENTIFIER=Intel64 Family 6 Model 69 Stepping 1, GenuineIntel



---------------  S Y S T E M  ---------------

OS: Windows 7 , 64 bit Build 7601 (6.1.7601.23418)

CPU:total 4 (2 cores per cpu, 2 threads per core) family 6 model 69 stepping 1, cmov, cx8, fxsr, mmx, sse, sse2, sse3, ssse3, sse4.1, sse4.2, popcnt, avx, avx2, clmul, erms, lzcnt, ht, tsc, tscinvbit, bmi1, bmi2

Memory: 4k page, physical 8085152k(2389300k free), swap 16168444k(8671380k free)

vm_info: Java HotSpot(TM) 64-Bit Server VM (25.45-b02) for windows-amd64 JRE (1.8.0_45-b15), built on Apr 30 2015 12:40:44 by "java_re" with MS VC++ 10.0 (VS2010)

time: Sat Sep 17 16:41:43 2016
elapsed time: 4 seconds (0d 0h 0m 4s)

