#
# A fatal error has been detected by the Java Runtime Environment:
#
#  EXCEPTION_ACCESS_VIOLATION (0xc0000005) at pc=0x000007feddedbe6a, pid=10640, tid=7628
#
# JRE version: Java(TM) SE Runtime Environment (8.0_45-b15) (build 1.8.0_45-b15)
# Java VM: Java HotSpot(TM) 64-Bit Server VM (25.45-b02 mixed mode windows-amd64 compressed oops)
# Problematic frame:
# C  [opencv_imgproc300.dll+0xebe6a]
#
# Failed to write core dump. Minidumps are not enabled by default on client versions of Windows
#
# If you would like to submit a bug report, please visit:
#   http://bugreport.java.com/bugreport/crash.jsp
# The crash happened outside the Java Virtual Machine in native code.
# See problematic frame for where to report the bug.
#

---------------  T H R E A D  ---------------

Current thread (0x0000000002598000):  JavaThread "main" [_thread_in_native, id=7628, stack(0x0000000002740000,0x0000000002840000)]

siginfo: ExceptionCode=0xc0000005, reading address 0x0000000000000006

Registers:
RAX=0x0000000000000002, RBX=0x0000000000000010, RCX=0x0000000000000000, RDX=0x0000000061b3a920
RSP=0x000000000283f010, RBP=0x000000000283f0c9, RSI=0x000000000283f25c, RDI=0x000000000283f558
R8 =0x0000000000000000, R9 =0x000007fef63f0000, R10=0x0000000061b3a900, R11=0x0000000061b3a900
R12=0x0000000000000002, R13=0x000000000283f310, R14=0x000000000283f200, R15=0x0000000000000001
RIP=0x000007feddedbe6a, EFLAGS=0x0000000000010202

Top of Stack: (sp=0x000000000283f010)
0x000000000283f010:   000000000283f200 0000000000000001
0x000000000283f020:   0000000061861298 000000006fda5148
0x000000000283f030:   0000000061ba6230 000000000283f250
0x000000000283f040:   000000000283f038 0000000000000000
0x000000000283f050:   0000000000000001 0000000000000001
0x000000000283f060:   0000000000000000 000000000034fee0
0x000000000283f070:   0000000000000002 0000000000000000
0x000000000283f080:   0000000058b46d50 000007fede287dc6
0x000000000283f090:   0000000061861290 0000000000000000
0x000000000283f0a0:   000000000283f4d8 0000000000000001
0x000000000283f0b0:   fffffffffffffffe 000000006f7f56e3
0x000000000283f0c0:   0000000000000000 0000000000000000
0x000000000283f0d0:   0000000000000000 0000000000000002
0x000000000283f0e0:   000000000034fe20 000000000283f550
0x000000000283f0f0:   00000000ffffffff 000000000283f4d8
0x000000000283f100:   000000000283f210 000007fedded847b 

Instructions: (pc=0x000007feddedbe6a)
0x000007feddedbe4a:   8e ca 01 00 00 33 c9 8b d9 48 8b 75 6f 45 8b fc
0x000007feddedbe5a:   f2 0f 10 35 6e a3 10 00 48 8b 07 48 85 c0 74 0a
0x000007feddedbe6a:   f3 0f 10 40 04 0f 2f 00 77 6d 48 89 4c 24 30 48
0x000007feddedbe7a:   89 4c 24 38 ba 28 00 00 00 48 8d 4c 24 30 e8 4b 


Register to memory mapping:

RAX=0x0000000000000002 is an unknown value
RBX=0x0000000000000010 is an unknown value
RCX=0x0000000000000000 is an unknown value
RDX=0x0000000061b3a920 is an unknown value
RSP=0x000000000283f010 is pointing into the stack for thread: 0x0000000002598000
RBP=0x000000000283f0c9 is pointing into the stack for thread: 0x0000000002598000
RSI=0x000000000283f25c is pointing into the stack for thread: 0x0000000002598000
RDI=0x000000000283f558 is pointing into the stack for thread: 0x0000000002598000
R8 =0x0000000000000000 is an unknown value
R9 =0x000007fef63f0000 is an unknown value
R10=0x0000000061b3a900 is an unknown value
R11=0x0000000061b3a900 is an unknown value
R12=0x0000000000000002 is an unknown value
R13=0x000000000283f310 is pointing into the stack for thread: 0x0000000002598000
R14=0x000000000283f200 is pointing into the stack for thread: 0x0000000002598000
R15=0x0000000000000001 is an unknown value


Stack: [0x0000000002740000,0x0000000002840000],  sp=0x000000000283f010,  free space=1020k
Native frames: (J=compiled Java code, j=interpreted, Vv=VM code, C=native code)
C  [opencv_imgproc300.dll+0xebe6a]
C  [opencv_imgproc300.dll+0xe847b]
C  [jniopencv_imgproc.dll+0x368aa]
C  0x00000000028d5e14

Java frames: (J=compiled Java code, j=interpreted, Vv=VM code)
j  org.bytedeco.javacpp.opencv_imgproc.calcHist(Lorg/bytedeco/javacpp/opencv_core$Mat;I[ILorg/bytedeco/javacpp/opencv_core$Mat;Lorg/bytedeco/javacpp/opencv_core$Mat;I[I[F)V+0
j  Hand.update(Lorg/bytedeco/javacpp/opencv_core$Mat;)V+227
j  Main.main([Ljava/lang/String;)V+131
v  ~StubRoutines::call_stub

---------------  P R O C E S S  ---------------

Java Threads: ( => current thread )
  0x0000000059e09000 JavaThread "AWT-EventQueue-0" [_thread_blocked, id=9512, stack(0x00000000623e0000,0x00000000624e0000)]
  0x0000000059e0d800 JavaThread "AWT-Shutdown" [_thread_blocked, id=9256, stack(0x00000000620c0000,0x00000000621c0000)]
  0x000000005973e800 JavaThread "AWT-Windows" daemon [_thread_in_native, id=4028, stack(0x000000005a2c0000,0x000000005a3c0000)]
  0x0000000058cdd000 JavaThread "Java2D Disposer" daemon [_thread_blocked, id=1112, stack(0x000000005a020000,0x000000005a120000)]
  0x00000000589ab000 JavaThread "Service Thread" daemon [_thread_blocked, id=3040, stack(0x00000000593f0000,0x00000000594f0000)]
  0x000000005893b800 JavaThread "C1 CompilerThread2" daemon [_thread_blocked, id=10824, stack(0x0000000058d60000,0x0000000058e60000)]
  0x0000000058938000 JavaThread "C2 CompilerThread1" daemon [_thread_blocked, id=2052, stack(0x0000000059210000,0x0000000059310000)]
  0x0000000058924000 JavaThread "C2 CompilerThread0" daemon [_thread_blocked, id=8732, stack(0x0000000058fd0000,0x00000000590d0000)]
  0x000000005891a000 JavaThread "Attach Listener" daemon [_thread_blocked, id=10016, stack(0x00000000584a0000,0x00000000585a0000)]
  0x0000000058923800 JavaThread "Signal Dispatcher" daemon [_thread_blocked, id=8604, stack(0x0000000058e70000,0x0000000058f70000)]
  0x0000000057518000 JavaThread "Finalizer" daemon [_thread_blocked, id=5888, stack(0x0000000058810000,0x0000000058910000)]
  0x0000000057511800 JavaThread "Reference Handler" daemon [_thread_blocked, id=5604, stack(0x00000000586c0000,0x00000000587c0000)]
=>0x0000000002598000 JavaThread "main" [_thread_in_native, id=7628, stack(0x0000000002740000,0x0000000002840000)]

Other Threads:
  0x000000005750c000 VMThread [stack: 0x00000000585b0000,0x00000000586b0000] [id=4272]
  0x00000000589bf800 WatcherThread [stack: 0x0000000059610000,0x0000000059710000] [id=4792]

VM state:not at safepoint (normal execution)

VM Mutex/Monitor currently owned by a thread: None

Heap:
 PSYoungGen      total 36864K, used 25483K [0x00000000d6e00000, 0x00000000d9700000, 0x0000000100000000)
  eden space 31744K, 80% used [0x00000000d6e00000,0x00000000d86e2c10,0x00000000d8d00000)
  from space 5120K, 0% used [0x00000000d9200000,0x00000000d9200000,0x00000000d9700000)
  to   space 5120K, 0% used [0x00000000d8d00000,0x00000000d8d00000,0x00000000d9200000)
 ParOldGen       total 84992K, used 0K [0x0000000084a00000, 0x0000000089d00000, 0x00000000d6e00000)
  object space 84992K, 0% used [0x0000000084a00000,0x0000000084a00000,0x0000000089d00000)
 Metaspace       used 11874K, capacity 12006K, committed 12288K, reserved 1060864K
  class space    used 1379K, capacity 1450K, committed 1536K, reserved 1048576K

Card table byte_map: [0x0000000011c80000,0x0000000012060000] byte_map_base: 0x000000001185b000

Marking Bits: (ParMarkBitMap*) 0x000000006ffd4040
 Begin Bits: [0x00000000129f0000, 0x00000000148c8000)
 End Bits:   [0x00000000148c8000, 0x00000000167a0000)

Polling page: 0x0000000000240000

CodeCache: size=245760Kb used=3563Kb max_used=3575Kb free=242196Kb
 bounds [0x00000000028c0000, 0x0000000002c40000, 0x00000000118c0000]
 total_blobs=1428 nmethods=865 adapters=476
 compilation: enabled

Compilation events (10 events):
Event: 2.526 Thread 0x000000005893b800 nmethod 858 0x0000000002c2ae90 code [0x0000000002c2afe0, 0x0000000002c2b0f0]
Event: 2.527 Thread 0x000000005893b800  859   !   3       java.lang.ClassLoader::findNative (86 bytes)
Event: 2.528 Thread 0x000000005893b800 nmethod 859 0x0000000002c2d790 code [0x0000000002c2d940, 0x0000000002c2e1d8]
Event: 2.531 Thread 0x000000005893b800  860       3       java.awt.Component::getTreeLock (4 bytes)
Event: 2.532 Thread 0x000000005893b800 nmethod 860 0x0000000002c2ab90 code [0x0000000002c2ace0, 0x0000000002c2ae30]
Event: 2.537 Thread 0x000000005893b800  862       3       sun.util.locale.LocaleUtils::isUpper (18 bytes)
Event: 2.537 Thread 0x000000005893b800 nmethod 862 0x0000000002c2e590 code [0x0000000002c2e6e0, 0x0000000002c2e8b0]
Event: 2.540 Thread 0x000000005893b800  863   !   3       org.bytedeco.javacpp.Loader::loadLibrary (675 bytes)
Event: 2.547 Thread 0x000000005893b800 nmethod 863 0x0000000002c2e910 code [0x0000000002c2f260, 0x0000000002c36918]
Event: 2.562 Thread 0x0000000058924000  864       4       java.net.URI$Parser::scan (50 bytes)

GC Heap History (0 events):
No events

Deoptimization events (9 events):
Event: 2.427 Thread 0x0000000002598000 Uncommon trap: reason=unstable_if action=reinterpret pc=0x0000000002abf7c4 method=java.lang.String.startsWith(Ljava/lang/String;I)Z @ 25
Event: 2.428 Thread 0x0000000002598000 Uncommon trap: reason=unstable_if action=reinterpret pc=0x0000000002b11430 method=sun.misc.MetaIndex.mayContain(Ljava/lang/String;)Z @ 38
Event: 2.429 Thread 0x0000000002598000 Uncommon trap: reason=class_check action=maybe_recompile pc=0x0000000002b24a00 method=java.io.FilterInputStream.read([BII)I @ 7
Event: 2.430 Thread 0x0000000002598000 Uncommon trap: reason=unstable_if action=reinterpret pc=0x0000000002ad5a5c method=java.lang.AbstractStringBuilder.append(Ljava/lang/String;)Ljava/lang/AbstractStringBuilder; @ 1
Event: 2.430 Thread 0x0000000002598000 Uncommon trap: reason=unstable_if action=reinterpret pc=0x0000000002ae4fc8 method=java.lang.AbstractStringBuilder.append(Ljava/lang/String;)Ljava/lang/AbstractStringBuilder; @ 1
Event: 2.433 Thread 0x0000000002598000 Uncommon trap: reason=unstable_if action=reinterpret pc=0x0000000002b49928 method=java.util.HashMap.hash(Ljava/lang/Object;)I @ 1
Event: 2.443 Thread 0x000000005973e800 Uncommon trap: reason=bimorphic action=maybe_recompile pc=0x0000000002c03bd0 method=java.util.HashMap.putVal(ILjava/lang/Object;Ljava/lang/Object;ZZ)Ljava/lang/Object; @ 203
Event: 2.443 Thread 0x000000005973e800 Uncommon trap: reason=bimorphic action=maybe_recompile pc=0x0000000002c03bd0 method=java.util.HashMap.putVal(ILjava/lang/Object;Ljava/lang/Object;ZZ)Ljava/lang/Object; @ 203
Event: 2.443 Thread 0x000000005973e800 Uncommon trap: reason=bimorphic action=maybe_recompile pc=0x0000000002c03bd0 method=java.util.HashMap.putVal(ILjava/lang/Object;Ljava/lang/Object;ZZ)Ljava/lang/Object; @ 203

Internal exceptions (10 events):
Event: 2.135 Thread 0x0000000002598000 Exception <a 'java/lang/UnsatisfiedLinkError'> (0x00000000d841bf08) thrown at [C:\re\workspace\8-2-build-windows-amd64-cygwin\jdk8u45\3627\hotspot\src\share\vm\prims\jvm.cpp, line 3965]
Event: 2.135 Thread 0x0000000002598000 Exception <a 'java/lang/UnsatisfiedLinkError'> (0x00000000d841bf08) thrown at [C:\re\workspace\8-2-build-windows-amd64-cygwin\jdk8u45\3627\hotspot\src\share\vm\prims\jni.cpp, line 709]
Event: 2.268 Thread 0x0000000002598000 Exception <a 'java/lang/UnsatisfiedLinkError'> (0x00000000d84aee20) thrown at [C:\re\workspace\8-2-build-windows-amd64-cygwin\jdk8u45\3627\hotspot\src\share\vm\prims\jvm.cpp, line 3965]
Event: 2.268 Thread 0x0000000002598000 Exception <a 'java/lang/UnsatisfiedLinkError'> (0x00000000d84aee20) thrown at [C:\re\workspace\8-2-build-windows-amd64-cygwin\jdk8u45\3627\hotspot\src\share\vm\prims\jni.cpp, line 709]
Event: 2.363 Thread 0x0000000002598000 Exception <a 'java/lang/UnsatisfiedLinkError'> (0x00000000d8529d20) thrown at [C:\re\workspace\8-2-build-windows-amd64-cygwin\jdk8u45\3627\hotspot\src\share\vm\prims\jvm.cpp, line 3965]
Event: 2.363 Thread 0x0000000002598000 Exception <a 'java/lang/UnsatisfiedLinkError'> (0x00000000d8529d20) thrown at [C:\re\workspace\8-2-build-windows-amd64-cygwin\jdk8u45\3627\hotspot\src\share\vm\prims\jni.cpp, line 709]
Event: 2.401 Thread 0x0000000002598000 Exception <a 'java/io/FileNotFoundException'> (0x00000000d8558fb8) thrown at [C:\re\workspace\8-2-build-windows-amd64-cygwin\jdk8u45\3627\hotspot\src\share\vm\prims\jni.cpp, line 709]
Event: 2.430 Thread 0x0000000002598000 Implicit null exception at 0x0000000002ad5706 to 0x0000000002ad5a45
Event: 2.430 Thread 0x0000000002598000 Implicit null exception at 0x0000000002ae4c86 to 0x0000000002ae4fb1
Event: 2.433 Thread 0x0000000002598000 Implicit null exception at 0x0000000002b49745 to 0x0000000002b49919

Events (10 events):
Event: 2.554 loading class java/awt/event/InputMethodListener done
Event: 2.554 loading class sun/awt/im/CompositionAreaHandler done
Event: 2.554 loading class java/text/AttributedString
Event: 2.554 loading class java/text/AttributedString done
Event: 2.555 loading class java/text/AttributedString$AttributedStringIterator
Event: 2.555 loading class java/text/AttributedCharacterIterator
Event: 2.555 loading class java/text/CharacterIterator
Event: 2.555 loading class java/text/CharacterIterator done
Event: 2.555 loading class java/text/AttributedCharacterIterator done
Event: 2.555 loading class java/text/AttributedString$AttributedStringIterator done


Dynamic libraries:
0x000000013fa20000 - 0x000000013fa57000 	C:\Program Files\Java\jre1.8.0_45\bin\javaw.exe
0x0000000077140000 - 0x00000000772ea000 	C:\Windows\SYSTEM32\ntdll.dll
0x0000000076f20000 - 0x000000007703f000 	C:\Windows\system32\kernel32.dll
0x000007fefce90000 - 0x000007fefcefa000 	C:\Windows\system32\KERNELBASE.dll
0x000007fefe880000 - 0x000007fefe95b000 	C:\Windows\system32\ADVAPI32.dll
0x000007fefedd0000 - 0x000007fefee6f000 	C:\Windows\system32\msvcrt.dll
0x000007fefea90000 - 0x000007fefeaaf000 	C:\Windows\SYSTEM32\sechost.dll
0x000007fefe960000 - 0x000007fefea8d000 	C:\Windows\system32\RPCRT4.dll
0x0000000077040000 - 0x000000007713a000 	C:\Windows\system32\USER32.dll
0x000007feff090000 - 0x000007feff0f7000 	C:\Windows\system32\GDI32.dll
0x000007fefee70000 - 0x000007fefee7e000 	C:\Windows\system32\LPK.dll
0x000007fefe610000 - 0x000007fefe6da000 	C:\Windows\system32\USP10.dll
0x000007fefa100000 - 0x000007fefa2f4000 	C:\Windows\WinSxS\amd64_microsoft.windows.common-controls_6595b64144ccf1df_6.0.7601.18837_none_fa3b1e3d17594757\COMCTL32.dll
0x000007feff100000 - 0x000007feff171000 	C:\Windows\system32\SHLWAPI.dll
0x000007fefcc70000 - 0x000007fefccc7000 	C:\Windows\system32\apphelp.dll
0x000007fee66b0000 - 0x000007fee6701000 	C:\Windows\AppPatch\AppPatch64\AcGenral.DLL
0x000007fefcc40000 - 0x000007fefcc65000 	C:\Windows\system32\SspiCli.dll
0x000007fefee80000 - 0x000007feff083000 	C:\Windows\system32\ole32.dll
0x000007fefd880000 - 0x000007fefe60c000 	C:\Windows\system32\SHELL32.dll
0x000000006c3f0000 - 0x000000006c3f3000 	C:\Windows\system32\sfc.dll
0x000007fef5d10000 - 0x000007fef5d20000 	C:\Windows\system32\sfc_os.DLL
0x000007fefcf10000 - 0x000007fefcf2e000 	C:\Windows\system32\USERENV.dll
0x000007fefce80000 - 0x000007fefce8f000 	C:\Windows\system32\profapi.dll
0x000007fef97e0000 - 0x000007fef97f8000 	C:\Windows\system32\dwmapi.dll
0x000007feed7a0000 - 0x000007feed7b8000 	C:\Windows\system32\MPR.dll
0x000007fefe780000 - 0x000007fefe7ae000 	C:\Windows\system32\IMM32.DLL
0x000007fefecc0000 - 0x000007fefedc9000 	C:\Windows\system32\MSCTF.dll
0x0000000077ab0000 - 0x0000000077b82000 	C:\Program Files\Java\jre1.8.0_45\bin\msvcr100.dll
0x000000006f7d0000 - 0x0000000070053000 	C:\Program Files\Java\jre1.8.0_45\bin\server\jvm.dll
0x000007fefa5a0000 - 0x000007fefa5a9000 	C:\Windows\system32\WSOCK32.dll
0x000007fefe7b0000 - 0x000007fefe7fd000 	C:\Windows\system32\WS2_32.dll
0x000007fefd2d0000 - 0x000007fefd2d8000 	C:\Windows\system32\NSI.dll
0x000007fef7bd0000 - 0x000007fef7c0b000 	C:\Windows\system32\WINMM.dll
0x000007fefbda0000 - 0x000007fefbdac000 	C:\Windows\system32\VERSION.dll
0x0000000077300000 - 0x0000000077307000 	C:\Windows\system32\PSAPI.DLL
0x0000000070650000 - 0x000000007065f000 	C:\Program Files\Java\jre1.8.0_45\bin\verify.dll
0x000000006ca70000 - 0x000000006ca99000 	C:\Program Files\Java\jre1.8.0_45\bin\java.dll
0x0000000070680000 - 0x0000000070696000 	C:\Program Files\Java\jre1.8.0_45\bin\zip.dll
0x0000000077e60000 - 0x0000000077ff8000 	C:\Program Files\Java\jre1.8.0_45\bin\awt.dll
0x000007fefd2e0000 - 0x000007fefd3ba000 	C:\Windows\system32\OLEAUT32.dll
0x000007fefa4d0000 - 0x000007fefa526000 	C:\Windows\system32\uxtheme.dll
0x000007feeb200000 - 0x000007feeba90000 	C:\Windows\system32\SOGOUPY.IME
0x000007fef7c70000 - 0x000007fef7c77000 	C:\Windows\system32\MSIMG32.dll
0x000007fef7c10000 - 0x000007fef7c64000 	C:\Windows\system32\OLEACC.dll
0x000007fefbc70000 - 0x000007fefbc9d000 	C:\Windows\system32\ntmarta.dll
0x000007fefeab0000 - 0x000007fefeb02000 	C:\Windows\system32\WLDAP32.dll
0x000007fefcd10000 - 0x000007fefcd1f000 	C:\Windows\system32\CRYPTBASE.dll
0x000007fee7630000 - 0x000007fee7867000 	c:\Program Files (x86)\SogouInput\Components\PicFace\1.0.0.1455\PicFace64.dll
0x00000000587e0000 - 0x00000000587f5000 	C:\Users\KYWang\AppData\Local\Temp\javacpp5983585759863\libusb0.dll
0x000007fefd6a0000 - 0x000007fefd877000 	C:\Windows\system32\SETUPAPI.dll
0x000007fefd020000 - 0x000007fefd056000 	C:\Windows\system32\CFGMGR32.dll
0x000007fefd060000 - 0x000007fefd07a000 	C:\Windows\system32\DEVOBJ.dll
0x000007fefaa70000 - 0x000007fefaaa4000 	C:\Users\KYWang\AppData\Local\Temp\javacpp5983585759863\freenect.dll
0x000007fefaa50000 - 0x000007fefaa69000 	C:\Users\KYWang\AppData\Local\Temp\javacpp5983585759863\pthreadVC2.dll
0x000007fefaa20000 - 0x000007fefaa43000 	C:\Users\KYWang\AppData\Local\Temp\javacpp5983585759863\jnifreenect.dll
0x000007fef63f0000 - 0x000007fef64df000 	C:\Windows\system32\MSVCR120.dll
0x000007fefa9f0000 - 0x000007fefaa14000 	C:\Users\KYWang\AppData\Local\Temp\javacpp5983585759863\jnivideoInputLib.dll
0x000007fee9c20000 - 0x000007fee9cc6000 	C:\Windows\system32\MSVCP120.dll
0x000007fefd230000 - 0x000007fefd2c9000 	C:\Windows\system32\CLBCatQ.DLL
0x000007fef77e0000 - 0x000007fef77f6000 	C:\Windows\system32\devenum.dll
0x000007fefd1f0000 - 0x000007fefd22b000 	C:\Windows\system32\WINTRUST.dll
0x000007fefd080000 - 0x000007fefd1ed000 	C:\Windows\system32\CRYPT32.dll
0x000007fefce70000 - 0x000007fefce7f000 	C:\Windows\system32\MSASN1.dll
0x000007fefa9c0000 - 0x000007fefa9cd000 	C:\Windows\system32\msdmo.dll
0x000007fef77b0000 - 0x000007fef77df000 	C:\Windows\system32\qcap.dll
0x000007fee1080000 - 0x000007fee1233000 	C:\Windows\system32\quartz.dll
0x000007fef30e0000 - 0x000007fef3121000 	C:\Windows\system32\ksproxy.ax
0x000000006a330000 - 0x000000006a336000 	C:\Windows\system32\ksuser.dll
0x000007fef9810000 - 0x000007fef9a0f000 	C:\Windows\system32\d3d9.dll
0x000007fef9800000 - 0x000007fef9807000 	C:\Windows\system32\d3d8thk.dll
0x000007fef30b0000 - 0x000007fef30d4000 	C:\Windows\system32\kswdmcap.ax
0x000007fede400000 - 0x000007fede55c000 	C:\Windows\system32\MFC42.dll
0x000007fef09c0000 - 0x000007fef0a71000 	C:\Windows\system32\ODBC32.dll
0x0000000058f70000 - 0x0000000058fa8000 	C:\Windows\system32\odbcint.dll
0x000007fef04f0000 - 0x000007fef058b000 	C:\Windows\System32\qedit.dll
0x000007fef7660000 - 0x000007fef7689000 	C:\Windows\System32\MSVFW32.dll
0x000007fefe6e0000 - 0x000007fefe777000 	C:\Windows\system32\COMDLG32.dll
0x000007fef9ba0000 - 0x000007fef9db6000 	C:\Windows\WinSxS\amd64_microsoft.windows.gdiplus_6595b64144ccf1df_1.1.7601.23508_none_145555328b95eaaa\gdiplus.dll
0x000007fef1540000 - 0x000007fef1631000 	C:\Windows\system32\DDRAW.dll
0x000007fef52d0000 - 0x000007fef52d8000 	C:\Windows\system32\DCIMAN32.dll
0x000007fee1800000 - 0x000007fee18ef000 	C:\Users\KYWang\AppData\Local\Temp\javacpp5983585759863\msvcr120.dll
0x000007fee0fd0000 - 0x000007fee1076000 	C:\Users\KYWang\AppData\Local\Temp\javacpp5983585759863\msvcp120.dll
0x000007fede170000 - 0x000007fede3f1000 	C:\Users\KYWang\AppData\Local\Temp\javacpp5983585759863\opencv_core300.dll
0x000007fedddf0000 - 0x000007fede16f000 	C:\Users\KYWang\AppData\Local\Temp\javacpp5983585759863\opencv_imgproc300.dll
0x000007feddc30000 - 0x000007feddde8000 	C:\Users\KYWang\AppData\Local\Temp\javacpp5983585759863\jniopencv_core.dll
0x000007feddb80000 - 0x000007feddc25000 	C:\Users\KYWang\AppData\Local\Temp\javacpp5983585759863\jniopencv_imgproc.dll
0x000007fedd8c0000 - 0x000007feddb77000 	C:\Users\KYWang\AppData\Local\Temp\javacpp5983585759863\opencv_imgcodecs300.dll
0x000007fef7800000 - 0x000007fef781b000 	C:\Users\KYWang\AppData\Local\Temp\javacpp5983585759863\jniopencv_imgcodecs.dll
0x0000000066840000 - 0x00000000676b4000 	C:\Windows\System32\opencv_ffmpeg300_64.dll
0x000007fef0970000 - 0x000007fef09b8000 	C:\Users\KYWang\AppData\Local\Temp\javacpp5983585759863\opencv_videoio300.dll
0x000007fef3090000 - 0x000007fef30af000 	C:\Windows\system32\AVIFIL32.dll
0x000007fee8a60000 - 0x000007fee8a78000 	C:\Windows\system32\MSACM32.dll
0x000007fef3170000 - 0x000007fef3187000 	C:\Windows\system32\AVICAP32.dll
0x000007fef3040000 - 0x000007fef3054000 	C:\Users\KYWang\AppData\Local\Temp\javacpp5983585759863\jniopencv_videoio.dll
0x000007fef2120000 - 0x000007fef214a000 	C:\Users\KYWang\AppData\Local\Temp\javacpp5983585759863\opencv_highgui300.dll
0x000007fef0930000 - 0x000007fef0964000 	C:\Users\KYWang\AppData\Local\Temp\javacpp5983585759863\jniopencv_highgui.dll
0x000007fedd7f0000 - 0x000007fedd8c0000 	C:\Users\KYWang\AppData\Local\Temp\javacpp5983585759863\opencv_ml300.dll
0x000007fef1e80000 - 0x000007fef1eaf000 	C:\Users\KYWang\AppData\Local\Temp\javacpp5983585759863\jniopencv_ml.dll
0x000007fef00e0000 - 0x000007fef0180000 	C:\Users\KYWang\AppData\Local\Temp\javacpp5983585759863\opencv_objdetect300.dll
0x000007fef04a0000 - 0x000007fef04ec000 	C:\Users\KYWang\AppData\Local\Temp\javacpp5983585759863\jniopencv_objdetect.dll
0x0000000059580000 - 0x00000000595c7000 	C:\Program Files\Java\jre1.8.0_45\bin\fontmanager.dll
0x0000000070240000 - 0x000000007025a000 	C:\Program Files\Java\jre1.8.0_45\bin\net.dll
0x000007fefc5f0000 - 0x000007fefc645000 	C:\Windows\system32\mswsock.dll
0x000007fefc660000 - 0x000007fefc667000 	C:\Windows\System32\wship6.dll
0x00000000595d0000 - 0x00000000595e1000 	C:\Program Files\Java\jre1.8.0_45\bin\nio.dll
0x0000000060ff0000 - 0x00000000610cd000 	c:\Program Files (x86)\SogouInput\8.0.0.8051\Resource.dll
0x000007fefa5b0000 - 0x000007fefa6d5000 	C:\Windows\system32\dbghelp.dll

VM Arguments:
jvm_args: -Dfile.encoding=GBK 
java_command: Main
java_class_path (initial): E:\GestureRecognition\code\HandDetection\bin;E:\GestureRecognition\javacv-bin\;E:\GestureRecognition\javacv-bin\javacpp.jar;E:\GestureRecognition\javacv-bin\opencv-linux-x86.jar;E:\GestureRecognition\javacv-bin\opencv-linux-x86_64.jar;E:\GestureRecognition\javacv-bin\opencv-macosx-x86_64.jar;E:\GestureRecognition\javacv-bin\opencv-windows-x86.jar;E:\GestureRecognition\javacv-bin\opencv-windows-x86_64.jar;E:\GestureRecognition\javacv-bin\opencv.jar;E:\GestureRecognition\javacv-bin\ffmpeg-linux-x86.jar;E:\GestureRecognition\javacv-bin\ffmpeg-linux-x86_64.jar;E:\GestureRecognition\javacv-bin\ffmpeg-macosx-x86_64.jar;E:\GestureRecognition\javacv-bin\ffmpeg-windows-x86.jar;E:\GestureRecognition\javacv-bin\ffmpeg-windows-x86_64.jar;E:\GestureRecognition\javacv-bin\ffmpeg.jar;E:\GestureRecognition\javacv-bin\flycapture-linux-x86.jar;E:\GestureRecognition\javacv-bin\flycapture-linux-x86_64.jar;E:\GestureRecognition\javacv-bin\flycapture-windows-x86.jar;E:\GestureRecognition\javacv-bin\flycapture-windows-x86_64.jar;E:\GestureRecognition\javacv-bin\flycapture.jar;E:\GestureRecognition\javacv-bin\libdc1394-linux-x86.jar;E:\GestureRecognition\javacv-bin\libdc1394-linux-x86_64.jar;E:\GestureRecognition\javacv-bin\libdc1394-macosx-x86_64.jar;E:\GestureRecognition\javacv-bin\libdc1394.jar;E:\GestureRecognition\javacv-bin\libfreenect-linux-x86.jar;E:\GestureRecognition\javacv-bin\libfreenect-linux-x86_64.jar;E:\GestureRecognition\javacv-bin\libfreenect-macosx-x86_64.jar;E:\GestureRecognition\javacv-bin\libfreenect-windows-x86.jar;E:\GestureRecognition\javacv-bin\libfreenect-windows-x86_64.jar;E:\GestureRecognition\javacv-bin\libfreenect.jar;E:\GestureRecognition\javacv-bin\videoinput-windows-x86.jar;E:\GestureRecognition\javacv-bin\videoinput-windows-x86_64.jar;E:\GestureRecognition\javacv-bin\videoinput.jar;E:\GestureRecognition\javacv-bin\artoolkitplus-linux-x86.jar;E:\GestureRecognition\javacv-bin\artoolkitplus-linux-x86_64.jar;E:\GestureRecognition\
Launcher Type: SUN_STANDARD

Environment Variables:
JAVA_HOME=C:\Program Files\Java\jdk1.8.0_25
PATH=C:/Program Files/Java/jre1.8.0_45/bin/server;C:/Program Files/Java/jre1.8.0_45/bin;C:/Program Files/Java/jre1.8.0_45/lib/amd64;C:\ProgramData\Oracle\Java\javapath;C:\Program Files (x86)\Intel\iCLS Client\;C:\Program Files\Intel\iCLS Client\;C:\Windows\system32;C:\Windows;C:\Windows\System32\Wbem;C:\Windows\System32\WindowsPowerShell\v1.0\;C:\Program Files\Intel\Intel(R) Management Engine Components\DAL;C:\Program Files\Intel\Intel(R) Management Engine Components\IPT;C:\Program Files (x86)\Intel\Intel(R) Management Engine Components\DAL;C:\Program Files (x86)\Intel\Intel(R) Management Engine Components\IPT;C:\Program Files\Lenovo\Fingerprint Manager Pro\;C:\Program Files (x86)\Common Files\Lenovo;C:\SWTOOLS\ReadyApps;C:\Program Files (x86)\Lenovo\Access Connections\;C:\Program Files (x86)\Lenovo\Password Manager\;C:\Program Files\SourceGear\Common\DiffMerge\;d:\MATLAB\R2014b\runtime\win64;d:\MATLAB\R2014b\bin;d:\MATLAB\R2014b\polyspace\bin;C:\Program Files (x86)\Microsoft SQL Server\100\Tools\Binn\;C:\Program Files\Microsoft SQL Server\100\Tools\Binn\;C:\Program Files\Microsoft SQL Server\100\DTS\Binn\;C:\Program Files (x86)\Windows Kits\10\Windows Performance Toolkit\;C:\Program Files\Intel\WiFi\bin\;C:\Program Files\Common Files\Intel\WirelessCommon\;C:\Program Files (x86)\GtkSharp\2.12\bin;C:\Program Files (x86)\QuickTime\QTSystem\;C:\Users\KYWang\AppData\Local\Programs\Python\Python35\Scripts\;C:\Users\KYWang\AppData\Local\Programs\Python\Python35\;C:\Program Files\Java\jdk1.8.0_25/bin;C:\Program Files (x86)\Google\google_appengine\;C:\Program Files\mingw-w64\x86_64-5.2.0-posix-seh-rt_v4-rev0\mingw64\bin;D:\opencv\build\x86\vc12\bin;D:\opencv\build\x64\vc12\bin;D:\opencv\build\MinGW64\bin;C:\Users\KYWang\AppData\Local\Android\sdk\platform-tools;C:\Program Files\Intel\WiFi\bin\;C:\Program Files\Common Files\Intel\WirelessCommon\;D:\eclipse;
USERNAME=KYWang
OS=Windows_NT
PROCESSOR_IDENTIFIER=Intel64 Family 6 Model 69 Stepping 1, GenuineIntel



---------------  S Y S T E M  ---------------

OS: Windows 7 , 64 bit Build 7601 (6.1.7601.23539)

CPU:total 4 (2 cores per cpu, 2 threads per core) family 6 model 69 stepping 1, cmov, cx8, fxsr, mmx, sse, sse2, sse3, ssse3, sse4.1, sse4.2, popcnt, avx, avx2, clmul, erms, lzcnt, ht, tsc, tscinvbit, bmi1, bmi2

Memory: 4k page, physical 8085152k(3163784k free), swap 16168444k(10207752k free)

vm_info: Java HotSpot(TM) 64-Bit Server VM (25.45-b02) for windows-amd64 JRE (1.8.0_45-b15), built on Apr 30 2015 12:40:44 by "java_re" with MS VC++ 10.0 (VS2010)

time: Tue Sep 20 10:33:16 2016
elapsed time: 2 seconds (0d 0h 0m 2s)

