#
# A fatal error has been detected by the Java Runtime Environment:
#
#  EXCEPTION_ACCESS_VIOLATION (0xc0000005) at pc=0x000007fee266315d, pid=10480, tid=10664
#
# JRE version: Java(TM) SE Runtime Environment (8.0_45-b15) (build 1.8.0_45-b15)
# Java VM: Java HotSpot(TM) 64-Bit Server VM (25.45-b02 mixed mode windows-amd64 compressed oops)
# Problematic frame:
# C  [opencv_objdetect300.dll+0x2315d]
#
# Failed to write core dump. Minidumps are not enabled by default on client versions of Windows
#
# If you would like to submit a bug report, please visit:
#   http://bugreport.java.com/bugreport/crash.jsp
# The crash happened outside the Java Virtual Machine in native code.
# See problematic frame for where to report the bug.
#

---------------  T H R E A D  ---------------

Current thread (0x0000000002548000):  JavaThread "main" [_thread_in_native, id=10664, stack(0x0000000002880000,0x0000000002980000)]

siginfo: ExceptionCode=0xc0000005, reading address 0x0000001e00000012

Registers:
RAX=0x0000000000000000, RBX=0x00000000025481f8, RCX=0x0000001e00000012, RDX=0x000000000297f510
RSP=0x000000000297f400, RBP=0x000000000297f4f0, RSI=0x000000000297f510, RDI=0x00000000002cfa20
R8 =0x0000000000000032, R9 =0x00000000d852ec10, R10=0x000000000000000a, R11=0x000000005a55acd8
R12=0x0000000000000000, R13=0x0000000057345a40, R14=0x000000000297f510, R15=0x0000000002548000
RIP=0x000007fee266315d, EFLAGS=0x0000000000010206

Top of Stack: (sp=0x000000000297f400)
0x000000000297f400:   000000000297f848 0000000002548000
0x000000000297f410:   0000000057345a48 0000000059e8a904
0x000000000297f420:   0000000057345a48 000007feee9c4e11
0x000000000297f430:   0000000057345a48 0000000002548000
0x000000000297f440:   0000000002987a50 0000000002995ca6
0x000000000297f450:   fffffffffffffffe 0000000002548000
0x000000000297f460:   0000000002987a50 0000000000200021
0x000000000297f470:   0000000057345a48 0000000002995e14
0x000000000297f480:   00000000025481f8 0000000057345a48
0x000000000297f490:   0000000000200000 0000000002548000
0x000000000297f4a0:   000000000297f580 0000000002995b42
0x000000000297f4b0:   000000000297f4b0 0000000057345a40
0x000000000297f4c0:   000000000297f510 0000000057347310
0x000000000297f4d0:   0000000000000000 0000000057345a48
0x000000000297f4e0:   0000000000000000 000000000297f510
0x000000000297f4f0:   000000000297f558 00000000029874a0 

Instructions: (pc=0x000007fee266315d)
0x000007fee266313d:   cc cc cc 32 c0 c3 cc cc cc cc cc cc cc cc cc cc
0x000007fee266314d:   cc cc cc 48 83 ec 28 48 8b 49 08 48 85 c9 74 0f
0x000007fee266315d:   48 8b 01 ff 50 20 84 c0 75 05 48 83 c4 28 c3 b0
0x000007fee266316d:   01 48 83 c4 28 c3 cc cc cc cc cc cc cc cc cc cc 


Register to memory mapping:

RAX=0x0000000000000000 is an unknown value
RBX=0x00000000025481f8 is an unknown value
RCX=0x0000001e00000012 is an unknown value
RDX=0x000000000297f510 is pointing into the stack for thread: 0x0000000002548000
RSP=0x000000000297f400 is pointing into the stack for thread: 0x0000000002548000
RBP=0x000000000297f4f0 is pointing into the stack for thread: 0x0000000002548000
RSI=0x000000000297f510 is pointing into the stack for thread: 0x0000000002548000
RDI=0x00000000002cfa20 is an unknown value
R8 =0x0000000000000032 is an unknown value
R9 =0x00000000d852ec10 is an oop
org.bytedeco.javacpp.opencv_objdetect$CascadeClassifier 
 - klass: 'org/bytedeco/javacpp/opencv_objdetect$CascadeClassifier'
R10=0x000000000000000a is an unknown value
R11=0x000000005a55acd8 is an unknown value
R12=0x0000000000000000 is an unknown value
R13=0x0000000057345a40 is pointing into metadata
R14=0x000000000297f510 is pointing into the stack for thread: 0x0000000002548000
R15=0x0000000002548000 is a thread


Stack: [0x0000000002880000,0x0000000002980000],  sp=0x000000000297f400,  free space=1021k
Native frames: (J=compiled Java code, j=interpreted, Vv=VM code, C=native code)
C  [opencv_objdetect300.dll+0x2315d]
C  [jniopencv_objdetect.dll+0x14e11]
C  0x0000000002995e14

Java frames: (J=compiled Java code, j=interpreted, Vv=VM code)
j  org.bytedeco.javacpp.opencv_objdetect$CascadeClassifier.empty()Z+0
j  Hand.<init>(II)V+299
j  Main.main([Ljava/lang/String;)V+100
v  ~StubRoutines::call_stub

---------------  P R O C E S S  ---------------

Java Threads: ( => current thread )
  0x0000000058eda800 JavaThread "AWT-Windows" daemon [_thread_in_native, id=10716, stack(0x000000005ae40000,0x000000005af40000)]
  0x0000000058ed9000 JavaThread "Java2D Disposer" daemon [_thread_blocked, id=1848, stack(0x0000000059800000,0x0000000059900000)]
  0x0000000058b65000 JavaThread "Service Thread" daemon [_thread_blocked, id=10252, stack(0x00000000591a0000,0x00000000592a0000)]
  0x0000000058b4e800 JavaThread "C1 CompilerThread2" daemon [_thread_blocked, id=10524, stack(0x0000000059440000,0x0000000059540000)]
  0x0000000058afb800 JavaThread "C2 CompilerThread1" daemon [_thread_blocked, id=10512, stack(0x0000000059340000,0x0000000059440000)]
  0x0000000058af9000 JavaThread "C2 CompilerThread0" daemon [_thread_blocked, id=11208, stack(0x00000000588a0000,0x00000000589a0000)]
  0x0000000058aeb800 JavaThread "Attach Listener" daemon [_thread_blocked, id=6588, stack(0x0000000059070000,0x0000000059170000)]
  0x0000000057631000 JavaThread "Signal Dispatcher" daemon [_thread_blocked, id=10712, stack(0x0000000058f50000,0x0000000059050000)]
  0x00000000575d2800 JavaThread "Finalizer" daemon [_thread_blocked, id=3928, stack(0x00000000589e0000,0x0000000058ae0000)]
  0x00000000575d1800 JavaThread "Reference Handler" daemon [_thread_blocked, id=8936, stack(0x0000000058500000,0x0000000058600000)]
=>0x0000000002548000 JavaThread "main" [_thread_in_native, id=10664, stack(0x0000000002880000,0x0000000002980000)]

Other Threads:
  0x00000000575cb800 VMThread [stack: 0x0000000058760000,0x0000000058860000] [id=10904]
  0x0000000058b79800 WatcherThread [stack: 0x00000000596e0000,0x00000000597e0000] [id=6696]

VM state:not at safepoint (normal execution)

VM Mutex/Monitor currently owned by a thread: None

Heap:
 PSYoungGen      total 36864K, used 24206K [0x00000000d6e00000, 0x00000000d9700000, 0x0000000100000000)
  eden space 31744K, 76% used [0x00000000d6e00000,0x00000000d85a3968,0x00000000d8d00000)
  from space 5120K, 0% used [0x00000000d9200000,0x00000000d9200000,0x00000000d9700000)
  to   space 5120K, 0% used [0x00000000d8d00000,0x00000000d8d00000,0x00000000d9200000)
 ParOldGen       total 84992K, used 0K [0x0000000084a00000, 0x0000000089d00000, 0x00000000d6e00000)
  object space 84992K, 0% used [0x0000000084a00000,0x0000000084a00000,0x0000000089d00000)
 Metaspace       used 8670K, capacity 8874K, committed 8960K, reserved 1056768K
  class space    used 954K, capacity 1023K, committed 1024K, reserved 1048576K

Card table byte_map: [0x0000000011d40000,0x0000000012120000] byte_map_base: 0x000000001191b000

Marking Bits: (ParMarkBitMap*) 0x000000005a564040
 Begin Bits: [0x0000000012ab0000, 0x0000000014988000)
 End Bits:   [0x0000000014988000, 0x0000000016860000)

Polling page: 0x0000000000330000

CodeCache: size=245760Kb used=3469Kb max_used=3490Kb free=242290Kb
 bounds [0x0000000002980000, 0x0000000002cf0000, 0x0000000011980000]
 total_blobs=1269 nmethods=802 adapters=380
 compilation: enabled

Compilation events (10 events):
Event: 3.826 Thread 0x0000000058b4e800  798  s    3       java.util.Stack::peek (25 bytes)
Event: 3.826 Thread 0x0000000058b4e800 nmethod 798 0x0000000002ce3750 code [0x0000000002ce38e0, 0x0000000002ce3ef8]
Event: 3.830 Thread 0x0000000058b4e800  799       3       java.net.URLClassLoader$2::run (5 bytes)
Event: 3.830 Thread 0x0000000058b4e800 nmethod 799 0x0000000002ce3250 code [0x0000000002ce33c0, 0x0000000002ce3608]
Event: 3.830 Thread 0x0000000058b4e800  800       3       java.net.URLClassLoader$2::run (16 bytes)
Event: 3.830 Thread 0x0000000058b4e800 nmethod 800 0x0000000002ce2e10 code [0x0000000002ce2f80, 0x0000000002ce3148]
Event: 3.830 Thread 0x0000000058b4e800  801       3       sun.misc.URLClassPath$FileLoader::findResource (18 bytes)
Event: 3.830 Thread 0x0000000058b4e800 nmethod 801 0x0000000002ce2910 code [0x0000000002ce2a80, 0x0000000002ce2d18]
Event: 3.995 Thread 0x0000000058b4e800  802       3       java.util.ArrayList::toArray (12 bytes)
Event: 3.995 Thread 0x0000000058b4e800 nmethod 802 0x0000000002ce2410 code [0x0000000002ce2580, 0x0000000002ce2808]

GC Heap History (0 events):
No events

Deoptimization events (0 events):
No events

Internal exceptions (10 events):
Event: 3.618 Thread 0x0000000002548000 Exception <a 'java/lang/UnsatisfiedLinkError'> (0x00000000d83cb550) thrown at [C:\re\workspace\8-2-build-windows-amd64-cygwin\jdk8u45\3627\hotspot\src\share\vm\prims\jvm.cpp, line 3965]
Event: 3.618 Thread 0x0000000002548000 Exception <a 'java/lang/UnsatisfiedLinkError'> (0x00000000d83cb550) thrown at [C:\re\workspace\8-2-build-windows-amd64-cygwin\jdk8u45\3627\hotspot\src\share\vm\prims\jni.cpp, line 709]
Event: 3.625 Thread 0x0000000002548000 Exception <a 'java/lang/UnsatisfiedLinkError'> (0x00000000d83f3be0) thrown at [C:\re\workspace\8-2-build-windows-amd64-cygwin\jdk8u45\3627\hotspot\src\share\vm\prims\jvm.cpp, line 3965]
Event: 3.625 Thread 0x0000000002548000 Exception <a 'java/lang/UnsatisfiedLinkError'> (0x00000000d83f3be0) thrown at [C:\re\workspace\8-2-build-windows-amd64-cygwin\jdk8u45\3627\hotspot\src\share\vm\prims\jni.cpp, line 709]
Event: 3.631 Thread 0x0000000002548000 Exception <a 'java/lang/UnsatisfiedLinkError'> (0x00000000d841c328) thrown at [C:\re\workspace\8-2-build-windows-amd64-cygwin\jdk8u45\3627\hotspot\src\share\vm\prims\jvm.cpp, line 3965]
Event: 3.631 Thread 0x0000000002548000 Exception <a 'java/lang/UnsatisfiedLinkError'> (0x00000000d841c328) thrown at [C:\re\workspace\8-2-build-windows-amd64-cygwin\jdk8u45\3627\hotspot\src\share\vm\prims\jni.cpp, line 709]
Event: 3.829 Thread 0x0000000002548000 Exception <a 'java/lang/UnsatisfiedLinkError'> (0x00000000d84aeea0) thrown at [C:\re\workspace\8-2-build-windows-amd64-cygwin\jdk8u45\3627\hotspot\src\share\vm\prims\jvm.cpp, line 3965]
Event: 3.829 Thread 0x0000000002548000 Exception <a 'java/lang/UnsatisfiedLinkError'> (0x00000000d84aeea0) thrown at [C:\re\workspace\8-2-build-windows-amd64-cygwin\jdk8u45\3627\hotspot\src\share\vm\prims\jni.cpp, line 709]
Event: 3.998 Thread 0x0000000002548000 Exception <a 'java/lang/UnsatisfiedLinkError'> (0x00000000d8529db8) thrown at [C:\re\workspace\8-2-build-windows-amd64-cygwin\jdk8u45\3627\hotspot\src\share\vm\prims\jvm.cpp, line 3965]
Event: 3.998 Thread 0x0000000002548000 Exception <a 'java/lang/UnsatisfiedLinkError'> (0x00000000d8529db8) thrown at [C:\re\workspace\8-2-build-windows-amd64-cygwin\jdk8u45\3627\hotspot\src\share\vm\prims\jni.cpp, line 709]

Events (10 events):
Event: 3.993 loading class org/bytedeco/javacpp/opencv_objdetect$CvHaarClassifierCascade
Event: 3.993 loading class org/bytedeco/javacpp/opencv_objdetect$CvHaarClassifierCascade done
Event: 3.993 loading class org/bytedeco/javacpp/helper/opencv_objdetect$AbstractCvHaarClassifierCascade
Event: 3.993 loading class org/bytedeco/javacpp/helper/opencv_objdetect$AbstractCvHaarClassifierCascade done
Event: 3.994 loading class org/bytedeco/javacpp/opencv_objdetect$CvHaarStageClassifier
Event: 3.994 loading class org/bytedeco/javacpp/opencv_objdetect$CvHaarStageClassifier done
Event: 3.994 loading class org/bytedeco/javacpp/opencv_objdetect$CvHaarClassifier
Event: 3.994 loading class org/bytedeco/javacpp/opencv_objdetect$CvHaarClassifier done
Event: 3.995 loading class org/bytedeco/javacpp/opencv_objdetect$CvHaarFeature
Event: 3.995 loading class org/bytedeco/javacpp/opencv_objdetect$CvHaarFeature done


Dynamic libraries:
0x000000013f1a0000 - 0x000000013f1d7000 	C:\Program Files\Java\jre1.8.0_45\bin\javaw.exe
0x0000000077960000 - 0x0000000077b0a000 	C:\Windows\SYSTEM32\ntdll.dll
0x0000000077840000 - 0x000000007795f000 	C:\Windows\system32\kernel32.dll
0x000007fefd830000 - 0x000007fefd89a000 	C:\Windows\system32\KERNELBASE.dll
0x000007fefef90000 - 0x000007feff06b000 	C:\Windows\system32\ADVAPI32.dll
0x000007feff070000 - 0x000007feff10f000 	C:\Windows\system32\msvcrt.dll
0x000007feffaa0000 - 0x000007feffabf000 	C:\Windows\SYSTEM32\sechost.dll
0x000007fefde30000 - 0x000007fefdf5d000 	C:\Windows\system32\RPCRT4.dll
0x0000000077740000 - 0x000000007783a000 	C:\Windows\system32\USER32.dll
0x000007fefedd0000 - 0x000007fefee37000 	C:\Windows\system32\GDI32.dll
0x000007fefee40000 - 0x000007fefee4e000 	C:\Windows\system32\LPK.dll
0x000007feffac0000 - 0x000007feffb8a000 	C:\Windows\system32\USP10.dll
0x000007fefa640000 - 0x000007fefa834000 	C:\Windows\WinSxS\amd64_microsoft.windows.common-controls_6595b64144ccf1df_6.0.7601.18837_none_fa3b1e3d17594757\COMCTL32.dll
0x000007feff570000 - 0x000007feff5e1000 	C:\Windows\system32\SHLWAPI.dll
0x000007fefd4a0000 - 0x000007fefd4f7000 	C:\Windows\system32\apphelp.dll
0x000007fefb200000 - 0x000007fefb251000 	C:\Windows\AppPatch\AppPatch64\AcGenral.DLL
0x000007fefd470000 - 0x000007fefd495000 	C:\Windows\system32\SspiCli.dll
0x000007fefdbc0000 - 0x000007fefddc3000 	C:\Windows\system32\ole32.dll
0x000007fefdfa0000 - 0x000007fefed2c000 	C:\Windows\system32\SHELL32.dll
0x000000006df30000 - 0x000000006df33000 	C:\Windows\system32\sfc.dll
0x000007fef3e50000 - 0x000007fef3e60000 	C:\Windows\system32\sfc_os.DLL
0x000007fefd770000 - 0x000007fefd78e000 	C:\Windows\system32\USERENV.dll
0x000007fefd6a0000 - 0x000007fefd6af000 	C:\Windows\system32\profapi.dll
0x000007fefa220000 - 0x000007fefa238000 	C:\Windows\system32\dwmapi.dll
0x000007feee2f0000 - 0x000007feee308000 	C:\Windows\system32\MPR.dll
0x000007fefdf70000 - 0x000007fefdf9e000 	C:\Windows\system32\IMM32.DLL
0x000007fefdab0000 - 0x000007fefdbb9000 	C:\Windows\system32\MSCTF.dll
0x0000000058610000 - 0x00000000586e2000 	C:\Program Files\Java\jre1.8.0_45\bin\msvcr100.dll
0x0000000059d60000 - 0x000000005a5e3000 	C:\Program Files\Java\jre1.8.0_45\bin\server\jvm.dll
0x000007fefadd0000 - 0x000007fefadd9000 	C:\Windows\system32\WSOCK32.dll
0x000007fefda60000 - 0x000007fefdaad000 	C:\Windows\system32\WS2_32.dll
0x000007fefdf60000 - 0x000007fefdf68000 	C:\Windows\system32\NSI.dll
0x000007fef8370000 - 0x000007fef83ab000 	C:\Windows\system32\WINMM.dll
0x000007fefc5d0000 - 0x000007fefc5dc000 	C:\Windows\system32\VERSION.dll
0x0000000077b30000 - 0x0000000077b37000 	C:\Windows\system32\PSAPI.DLL
0x0000000070f70000 - 0x0000000070f7f000 	C:\Program Files\Java\jre1.8.0_45\bin\verify.dll
0x0000000070f40000 - 0x0000000070f69000 	C:\Program Files\Java\jre1.8.0_45\bin\java.dll
0x0000000070f20000 - 0x0000000070f36000 	C:\Program Files\Java\jre1.8.0_45\bin\zip.dll
0x0000000059540000 - 0x00000000596d8000 	C:\Program Files\Java\jre1.8.0_45\bin\awt.dll
0x000007feffb90000 - 0x000007feffc68000 	C:\Windows\system32\OLEAUT32.dll
0x000007fefad00000 - 0x000007fefad56000 	C:\Windows\system32\uxtheme.dll
0x000007feebaf0000 - 0x000007feec380000 	C:\Windows\system32\SOGOUPY.IME
0x000007fef8410000 - 0x000007fef8417000 	C:\Windows\system32\MSIMG32.dll
0x000007fef83b0000 - 0x000007fef8404000 	C:\Windows\system32\OLEACC.dll
0x000007fefc4a0000 - 0x000007fefc4cd000 	C:\Windows\system32\ntmarta.dll
0x000007fefddd0000 - 0x000007fefde22000 	C:\Windows\system32\WLDAP32.dll
0x000007fefd500000 - 0x000007fefd50f000 	C:\Windows\system32\CRYPTBASE.dll
0x000007fee8630000 - 0x000007fee8867000 	c:\Program Files (x86)\SogouInput\Components\PicFace\1.0.0.1455\PicFace64.dll
0x0000000058710000 - 0x0000000058725000 	C:\Users\KYWang\AppData\Local\Temp\javacpp18698011262928\libusb0.dll
0x000007feff8c0000 - 0x000007feffa97000 	C:\Windows\system32\SETUPAPI.dll
0x000007fefd730000 - 0x000007fefd766000 	C:\Windows\system32\CFGMGR32.dll
0x000007fefd8d0000 - 0x000007fefd8ea000 	C:\Windows\system32\DEVOBJ.dll
0x000007fef2420000 - 0x000007fef2454000 	C:\Users\KYWang\AppData\Local\Temp\javacpp18698011262928\freenect.dll
0x000007fef6680000 - 0x000007fef6699000 	C:\Users\KYWang\AppData\Local\Temp\javacpp18698011262928\pthreadVC2.dll
0x000007fef4040000 - 0x000007fef4063000 	C:\Users\KYWang\AppData\Local\Temp\javacpp18698011262928\jnifreenect.dll
0x000007fef5d60000 - 0x000007fef5e4f000 	C:\Windows\system32\MSVCR120.dll
0x000007fef3bf0000 - 0x000007fef3c14000 	C:\Users\KYWang\AppData\Local\Temp\javacpp18698011262928\jnivideoInputLib.dll
0x000007feea180000 - 0x000007feea226000 	C:\Windows\system32\MSVCP120.dll
0x000007fefee50000 - 0x000007fefeee9000 	C:\Windows\system32\CLBCatQ.DLL
0x000007fef26f0000 - 0x000007fef2706000 	C:\Windows\system32\devenum.dll
0x000007fefd6e0000 - 0x000007fefd71b000 	C:\Windows\system32\WINTRUST.dll
0x000007fefd8f0000 - 0x000007fefda5d000 	C:\Windows\system32\CRYPT32.dll
0x000007fefd6b0000 - 0x000007fefd6bf000 	C:\Windows\system32\MSASN1.dll
0x000007fefb2a0000 - 0x000007fefb2ad000 	C:\Windows\system32\msdmo.dll
0x000007fef3330000 - 0x000007fef335f000 	C:\Windows\system32\qcap.dll
0x000007feeea00000 - 0x000007feeebb3000 	C:\Windows\system32\quartz.dll
0x000007fef1bc0000 - 0x000007fef1c01000 	C:\Windows\system32\ksproxy.ax
0x000000006df40000 - 0x000000006df46000 	C:\Windows\system32\ksuser.dll
0x000007fef9e70000 - 0x000007fefa06f000 	C:\Windows\system32\d3d9.dll
0x000007fef9e60000 - 0x000007fef9e67000 	C:\Windows\system32\d3d8thk.dll
0x000007fef1b90000 - 0x000007fef1bb4000 	C:\Windows\system32\kswdmcap.ax
0x000007fee7bd0000 - 0x000007fee7d2c000 	C:\Windows\system32\MFC42.dll
0x000007fee2540000 - 0x000007fee25f1000 	C:\Windows\system32\ODBC32.dll
0x00000000589a0000 - 0x00000000589d8000 	C:\Windows\system32\odbcint.dll
0x000007feee420000 - 0x000007feee4bb000 	C:\Windows\System32\qedit.dll
0x000007fef22f0000 - 0x000007fef2319000 	C:\Windows\System32\MSVFW32.dll
0x000007fefed30000 - 0x000007fefedc7000 	C:\Windows\system32\COMDLG32.dll
0x000007fefa3d0000 - 0x000007fefa5e6000 	C:\Windows\WinSxS\amd64_microsoft.windows.gdiplus_6595b64144ccf1df_1.1.7601.23508_none_145555328b95eaaa\gdiplus.dll
0x000007fef2fb0000 - 0x000007fef30a1000 	C:\Windows\system32\DDRAW.dll
0x000007fef3d00000 - 0x000007fef3d08000 	C:\Windows\system32\DCIMAN32.dll
0x000007fee2450000 - 0x000007fee253f000 	C:\Users\KYWang\AppData\Local\Temp\javacpp18698011262928\msvcr120.dll
0x000007fee23a0000 - 0x000007fee2446000 	C:\Users\KYWang\AppData\Local\Temp\javacpp18698011262928\msvcp120.dll
0x000007fee1b70000 - 0x000007fee1df1000 	C:\Users\KYWang\AppData\Local\Temp\javacpp18698011262928\opencv_core300.dll
0x000007fee0e90000 - 0x000007fee120f000 	C:\Users\KYWang\AppData\Local\Temp\javacpp18698011262928\opencv_imgproc300.dll
0x000007fee0cd0000 - 0x000007fee0e88000 	C:\Users\KYWang\AppData\Local\Temp\javacpp18698011262928\jniopencv_core.dll
0x000007fee0c20000 - 0x000007fee0cc5000 	C:\Users\KYWang\AppData\Local\Temp\javacpp18698011262928\jniopencv_imgproc.dll
0x000007fee0960000 - 0x000007fee0c17000 	C:\Users\KYWang\AppData\Local\Temp\javacpp18698011262928\opencv_imgcodecs300.dll
0x000007fef2400000 - 0x000007fef241b000 	C:\Users\KYWang\AppData\Local\Temp\javacpp18698011262928\jniopencv_imgcodecs.dll
0x0000000066840000 - 0x00000000676b4000 	C:\Windows\System32\opencv_ffmpeg300_64.dll
0x000007fef1860000 - 0x000007fef18a8000 	C:\Users\KYWang\AppData\Local\Temp\javacpp18698011262928\opencv_videoio300.dll
0x000007fef1d70000 - 0x000007fef1d8f000 	C:\Windows\system32\AVIFIL32.dll
0x000007fee92c0000 - 0x000007fee92d8000 	C:\Windows\system32\MSACM32.dll
0x000007fef1b70000 - 0x000007fef1b87000 	C:\Windows\system32\AVICAP32.dll
0x000007fef1840000 - 0x000007fef1854000 	C:\Users\KYWang\AppData\Local\Temp\javacpp18698011262928\jniopencv_videoio.dll
0x000007fef1790000 - 0x000007fef17ba000 	C:\Users\KYWang\AppData\Local\Temp\javacpp18698011262928\opencv_highgui300.dll
0x000007fef1750000 - 0x000007fef1784000 	C:\Users\KYWang\AppData\Local\Temp\javacpp18698011262928\jniopencv_highgui.dll
0x000007fee0890000 - 0x000007fee0960000 	C:\Users\KYWang\AppData\Local\Temp\javacpp18698011262928\opencv_ml300.dll
0x000007fef11b0000 - 0x000007fef11df000 	C:\Users\KYWang\AppData\Local\Temp\javacpp18698011262928\jniopencv_ml.dll
0x000007fee2640000 - 0x000007fee26e0000 	C:\Users\KYWang\AppData\Local\Temp\javacpp18698011262928\opencv_objdetect300.dll
0x000007feee9b0000 - 0x000007feee9fc000 	C:\Users\KYWang\AppData\Local\Temp\javacpp18698011262928\jniopencv_objdetect.dll
0x000007fefade0000 - 0x000007fefaf05000 	C:\Windows\system32\dbghelp.dll

VM Arguments:
jvm_args: -Dfile.encoding=GBK 
java_command: Main
java_class_path (initial): E:\GestureRecognition\code\HandDetection\bin;E:\GestureRecognition\javacv-bin\;E:\GestureRecognition\javacv-bin\javacpp.jar;E:\GestureRecognition\javacv-bin\opencv-linux-x86.jar;E:\GestureRecognition\javacv-bin\opencv-linux-x86_64.jar;E:\GestureRecognition\javacv-bin\opencv-macosx-x86_64.jar;E:\GestureRecognition\javacv-bin\opencv-windows-x86.jar;E:\GestureRecognition\javacv-bin\opencv-windows-x86_64.jar;E:\GestureRecognition\javacv-bin\opencv.jar;E:\GestureRecognition\javacv-bin\ffmpeg-linux-x86.jar;E:\GestureRecognition\javacv-bin\ffmpeg-linux-x86_64.jar;E:\GestureRecognition\javacv-bin\ffmpeg-macosx-x86_64.jar;E:\GestureRecognition\javacv-bin\ffmpeg-windows-x86.jar;E:\GestureRecognition\javacv-bin\ffmpeg-windows-x86_64.jar;E:\GestureRecognition\javacv-bin\ffmpeg.jar;E:\GestureRecognition\javacv-bin\flycapture-linux-x86.jar;E:\GestureRecognition\javacv-bin\flycapture-linux-x86_64.jar;E:\GestureRecognition\javacv-bin\flycapture-windows-x86.jar;E:\GestureRecognition\javacv-bin\flycapture-windows-x86_64.jar;E:\GestureRecognition\javacv-bin\flycapture.jar;E:\GestureRecognition\javacv-bin\libdc1394-linux-x86.jar;E:\GestureRecognition\javacv-bin\libdc1394-linux-x86_64.jar;E:\GestureRecognition\javacv-bin\libdc1394-macosx-x86_64.jar;E:\GestureRecognition\javacv-bin\libdc1394.jar;E:\GestureRecognition\javacv-bin\libfreenect-linux-x86.jar;E:\GestureRecognition\javacv-bin\libfreenect-linux-x86_64.jar;E:\GestureRecognition\javacv-bin\libfreenect-macosx-x86_64.jar;E:\GestureRecognition\javacv-bin\libfreenect-windows-x86.jar;E:\GestureRecognition\javacv-bin\libfreenect-windows-x86_64.jar;E:\GestureRecognition\javacv-bin\libfreenect.jar;E:\GestureRecognition\javacv-bin\videoinput-windows-x86.jar;E:\GestureRecognition\javacv-bin\videoinput-windows-x86_64.jar;E:\GestureRecognition\javacv-bin\videoinput.jar;E:\GestureRecognition\javacv-bin\artoolkitplus-linux-x86.jar;E:\GestureRecognition\javacv-bin\artoolkitplus-linux-x86_64.jar;E:\GestureRecognition\
Launcher Type: SUN_STANDARD

Environment Variables:
JAVA_HOME=C:\Program Files\Java\jdk1.8.0_25
PATH=C:/Program Files/Java/jre1.8.0_45/bin/server;C:/Program Files/Java/jre1.8.0_45/bin;C:/Program Files/Java/jre1.8.0_45/lib/amd64;C:\ProgramData\Oracle\Java\javapath;C:\Program Files (x86)\Intel\iCLS Client\;C:\Program Files\Intel\iCLS Client\;C:\Windows\system32;C:\Windows;C:\Windows\System32\Wbem;C:\Windows\System32\WindowsPowerShell\v1.0\;C:\Program Files\Intel\Intel(R) Management Engine Components\DAL;C:\Program Files\Intel\Intel(R) Management Engine Components\IPT;C:\Program Files (x86)\Intel\Intel(R) Management Engine Components\DAL;C:\Program Files (x86)\Intel\Intel(R) Management Engine Components\IPT;C:\Program Files\Lenovo\Fingerprint Manager Pro\;C:\Program Files (x86)\Common Files\Lenovo;C:\SWTOOLS\ReadyApps;C:\Program Files (x86)\Lenovo\Access Connections\;C:\Program Files (x86)\Lenovo\Password Manager\;C:\Program Files\SourceGear\Common\DiffMerge\;d:\MATLAB\R2014b\runtime\win64;d:\MATLAB\R2014b\bin;d:\MATLAB\R2014b\polyspace\bin;C:\Program Files (x86)\Microsoft SQL Server\100\Tools\Binn\;C:\Program Files\Microsoft SQL Server\100\Tools\Binn\;C:\Program Files\Microsoft SQL Server\100\DTS\Binn\;C:\Program Files (x86)\Windows Kits\10\Windows Performance Toolkit\;C:\Program Files\Intel\WiFi\bin\;C:\Program Files\Common Files\Intel\WirelessCommon\;C:\Program Files (x86)\GtkSharp\2.12\bin;C:\Program Files (x86)\QuickTime\QTSystem\;C:\Users\KYWang\AppData\Local\Programs\Python\Python35\Scripts\;C:\Users\KYWang\AppData\Local\Programs\Python\Python35\;C:\Program Files\Java\jdk1.8.0_25/bin;C:\Program Files (x86)\Google\google_appengine\;C:\Program Files\mingw-w64\x86_64-5.2.0-posix-seh-rt_v4-rev0\mingw64\bin;D:\opencv\build\x86\vc12\bin;D:\opencv\build\x64\vc12\bin;D:\opencv\build\MinGW64\bin;C:\Users\KYWang\AppData\Local\Android\sdk\platform-tools;C:\Program Files\Intel\WiFi\bin\;C:\Program Files\Common Files\Intel\WirelessCommon\;D:\eclipse;
USERNAME=KYWang
OS=Windows_NT
PROCESSOR_IDENTIFIER=Intel64 Family 6 Model 69 Stepping 1, GenuineIntel



---------------  S Y S T E M  ---------------

OS: Windows 7 , 64 bit Build 7601 (6.1.7601.23418)

CPU:total 4 (2 cores per cpu, 2 threads per core) family 6 model 69 stepping 1, cmov, cx8, fxsr, mmx, sse, sse2, sse3, ssse3, sse4.1, sse4.2, popcnt, avx, avx2, clmul, erms, lzcnt, ht, tsc, tscinvbit, bmi1, bmi2

Memory: 4k page, physical 8085152k(2359024k free), swap 16168444k(8659800k free)

vm_info: Java HotSpot(TM) 64-Bit Server VM (25.45-b02) for windows-amd64 JRE (1.8.0_45-b15), built on Apr 30 2015 12:40:44 by "java_re" with MS VC++ 10.0 (VS2010)

time: Sat Sep 17 16:44:55 2016
elapsed time: 4 seconds (0d 0h 0m 4s)

