#
# A fatal error has been detected by the Java Runtime Environment:
#
#  EXCEPTION_ACCESS_VIOLATION (0xc0000005) at pc=0x000007fedd6dbe6a, pid=11492, tid=11388
#
# JRE version: Java(TM) SE Runtime Environment (8.0_45-b15) (build 1.8.0_45-b15)
# Java VM: Java HotSpot(TM) 64-Bit Server VM (25.45-b02 mixed mode windows-amd64 compressed oops)
# Problematic frame:
# C  [opencv_imgproc300.dll+0xebe6a]
#
# Failed to write core dump. Minidumps are not enabled by default on client versions of Windows
#
# If you would like to submit a bug report, please visit:
#   http://bugreport.java.com/bugreport/crash.jsp
# The crash happened outside the Java Virtual Machine in native code.
# See problematic frame for where to report the bug.
#

---------------  T H R E A D  ---------------

Current thread (0x0000000002588000):  JavaThread "main" [_thread_in_native, id=11388, stack(0x00000000028a0000,0x00000000029a0000)]

siginfo: ExceptionCode=0xc0000005, reading address 0x0000000000000005

Registers:
RAX=0x0000000000000001, RBX=0x0000000000000010, RCX=0x0000000000000000, RDX=0x000000006259bab0
RSP=0x000000000299efa0, RBP=0x000000000299f059, RSI=0x000000000299f1ec, RDI=0x000000000299f4c8
R8 =0x0000000000000000, R9 =0x000007fef6650000, R10=0x000000006259ba90, R11=0x000000006259ba90
R12=0x0000000000000002, R13=0x000000000299f2a0, R14=0x000000000299f190, R15=0x0000000000000001
RIP=0x000007fedd6dbe6a, EFLAGS=0x0000000000010202

Top of Stack: (sp=0x000000000299efa0)
0x000000000299efa0:   000000000299f190 0000000000000001
0x000000000299efb0:   00000000621b0ce8 00000000589a56e3
0x000000000299efc0:   00000000626044f0 000000000299f1e0
0x000000000299efd0:   000000000299efc8 0000000000000000
0x000000000299efe0:   0000000000000001 0000000000000001
0x000000000299eff0:   0000000000000000 000000000033d410
0x000000000299f000:   0000000000000002 0000000000000000
0x000000000299f010:   000000006259a4a0 000007fedda87dc6
0x000000000299f020:   00000000621b0ce0 0000000000000000
0x000000000299f030:   000000000299f440 0000000000000001
0x000000000299f040:   fffffffffffffffe 0000000058f55148
0x000000000299f050:   0000000000000000 0000000000000000
0x000000000299f060:   0000000000000000 0000000000000002
0x000000000299f070:   000000000033d350 000000000299f4c0
0x000000000299f080:   00000000ffffffff 000000000299f440
0x000000000299f090:   000000000299f1a0 000007fedd6d847b 

Instructions: (pc=0x000007fedd6dbe6a)
0x000007fedd6dbe4a:   8e ca 01 00 00 33 c9 8b d9 48 8b 75 6f 45 8b fc
0x000007fedd6dbe5a:   f2 0f 10 35 6e a3 10 00 48 8b 07 48 85 c0 74 0a
0x000007fedd6dbe6a:   f3 0f 10 40 04 0f 2f 00 77 6d 48 89 4c 24 30 48
0x000007fedd6dbe7a:   89 4c 24 38 ba 28 00 00 00 48 8d 4c 24 30 e8 4b 


Register to memory mapping:

RAX=0x0000000000000001 is an unknown value
RBX=0x0000000000000010 is an unknown value
RCX=0x0000000000000000 is an unknown value
RDX=0x000000006259bab0 is an unknown value
RSP=0x000000000299efa0 is pointing into the stack for thread: 0x0000000002588000
RBP=0x000000000299f059 is pointing into the stack for thread: 0x0000000002588000
RSI=0x000000000299f1ec is pointing into the stack for thread: 0x0000000002588000
RDI=0x000000000299f4c8 is pointing into the stack for thread: 0x0000000002588000
R8 =0x0000000000000000 is an unknown value
R9 =0x000007fef6650000 is an unknown value
R10=0x000000006259ba90 is an unknown value
R11=0x000000006259ba90 is an unknown value
R12=0x0000000000000002 is an unknown value
R13=0x000000000299f2a0 is pointing into the stack for thread: 0x0000000002588000
R14=0x000000000299f190 is pointing into the stack for thread: 0x0000000002588000
R15=0x0000000000000001 is an unknown value


Stack: [0x00000000028a0000,0x00000000029a0000],  sp=0x000000000299efa0,  free space=1019k
Native frames: (J=compiled Java code, j=interpreted, Vv=VM code, C=native code)
C  [opencv_imgproc300.dll+0xebe6a]
C  [opencv_imgproc300.dll+0xe847b]
C  [jniopencv_imgproc.dll+0x37f34]
C  0x00000000029b5e14

Java frames: (J=compiled Java code, j=interpreted, Vv=VM code)
j  org.bytedeco.javacpp.opencv_imgproc.calcHist(Lorg/bytedeco/javacpp/opencv_core$Mat;ILorg/bytedeco/javacpp/IntPointer;Lorg/bytedeco/javacpp/opencv_core$Mat;Lorg/bytedeco/javacpp/opencv_core$Mat;ILorg/bytedeco/javacpp/IntPointer;Lorg/bytedeco/javacpp/FloatPointer;)V+0
j  Hand.update(Lorg/bytedeco/javacpp/opencv_core$Mat;)V+299
j  Main.main([Ljava/lang/String;)V+131
v  ~StubRoutines::call_stub

---------------  P R O C E S S  ---------------

Java Threads: ( => current thread )
  0x000000005a65a800 JavaThread "AWT-EventQueue-0" [_thread_blocked, id=10424, stack(0x0000000062cf0000,0x0000000062df0000)]
  0x000000005aa1d800 JavaThread "AWT-Shutdown" [_thread_blocked, id=12628, stack(0x000000005add0000,0x000000005aed0000)]
  0x000000005a2f4800 JavaThread "AWT-Windows" daemon [_thread_in_native, id=7844, stack(0x000000005b020000,0x000000005b120000)]
  0x000000005a2f3000 JavaThread "Java2D Disposer" daemon [_thread_blocked, id=12076, stack(0x000000005ab60000,0x000000005ac60000)]
  0x000000005929c800 JavaThread "Service Thread" daemon [_thread_blocked, id=7784, stack(0x000000005a020000,0x000000005a120000)]
  0x000000005922d800 JavaThread "C1 CompilerThread2" daemon [_thread_blocked, id=7984, stack(0x0000000059f20000,0x000000005a020000)]
  0x0000000059229000 JavaThread "C2 CompilerThread1" daemon [_thread_blocked, id=3052, stack(0x0000000059d30000,0x0000000059e30000)]
  0x0000000059227000 JavaThread "C2 CompilerThread0" daemon [_thread_blocked, id=7196, stack(0x0000000059b90000,0x0000000059c90000)]
  0x0000000059224000 JavaThread "Attach Listener" daemon [_thread_blocked, id=5208, stack(0x00000000599a0000,0x0000000059aa0000)]
  0x0000000057573800 JavaThread "Signal Dispatcher" daemon [_thread_blocked, id=11600, stack(0x0000000059730000,0x0000000059830000)]
  0x000000005751b800 JavaThread "Finalizer" daemon [_thread_blocked, id=11960, stack(0x00000000586f0000,0x00000000587f0000)]
  0x0000000057515000 JavaThread "Reference Handler" daemon [_thread_blocked, id=1296, stack(0x00000000587f0000,0x00000000588f0000)]
=>0x0000000002588000 JavaThread "main" [_thread_in_native, id=11388, stack(0x00000000028a0000,0x00000000029a0000)]

Other Threads:
  0x000000005750f800 VMThread [stack: 0x0000000058500000,0x0000000058600000] [id=10272]
  0x00000000592a1000 WatcherThread [stack: 0x000000005a1e0000,0x000000005a2e0000] [id=12556]

VM state:not at safepoint (normal execution)

VM Mutex/Monitor currently owned by a thread: None

Heap:
 PSYoungGen      total 36864K, used 25488K [0x00000000d6e00000, 0x00000000d9700000, 0x0000000100000000)
  eden space 31744K, 80% used [0x00000000d6e00000,0x00000000d86e4318,0x00000000d8d00000)
  from space 5120K, 0% used [0x00000000d9200000,0x00000000d9200000,0x00000000d9700000)
  to   space 5120K, 0% used [0x00000000d8d00000,0x00000000d8d00000,0x00000000d9200000)
 ParOldGen       total 84992K, used 0K [0x0000000084a00000, 0x0000000089d00000, 0x00000000d6e00000)
  object space 84992K, 0% used [0x0000000084a00000,0x0000000084a00000,0x0000000089d00000)
 Metaspace       used 11898K, capacity 12066K, committed 12288K, reserved 1060864K
  class space    used 1379K, capacity 1450K, committed 1536K, reserved 1048576K

Card table byte_map: [0x0000000011d60000,0x0000000012140000] byte_map_base: 0x000000001193b000

Marking Bits: (ParMarkBitMap*) 0x0000000059184040
 Begin Bits: [0x00000000129f0000, 0x00000000148c8000)
 End Bits:   [0x00000000148c8000, 0x00000000167a0000)

Polling page: 0x0000000000250000

CodeCache: size=245760Kb used=3584Kb max_used=3584Kb free=242175Kb
 bounds [0x00000000029a0000, 0x0000000002d30000, 0x00000000119a0000]
 total_blobs=1438 nmethods=875 adapters=476
 compilation: enabled

Compilation events (10 events):
Event: 2.743 Thread 0x0000000059227000 nmethod 868 0x0000000002d21850 code [0x0000000002d219a0, 0x0000000002d21a78]
Event: 2.743 Thread 0x000000005922d800 nmethod 869 0x0000000002d20a50 code [0x0000000002d20c00, 0x0000000002d21498]
Event: 2.743 Thread 0x000000005922d800  870       3       sun.awt.AppContext::getAppContext (51 bytes)
Event: 2.744 Thread 0x000000005922d800 nmethod 870 0x0000000002d200d0 code [0x0000000002d20280, 0x0000000002d208d8]
Event: 2.744 Thread 0x000000005922d800  872       1       java.awt.Component::getParent_NoClientCode (5 bytes)
Event: 2.744 Thread 0x000000005922d800 nmethod 872 0x0000000002d1fe10 code [0x0000000002d1ff60, 0x0000000002d20070]
Event: 2.745 Thread 0x000000005922d800  873       3       java.awt.Component::getTreeLock (4 bytes)
Event: 2.745 Thread 0x000000005922d800 nmethod 873 0x0000000002d1fb10 code [0x0000000002d1fc60, 0x0000000002d1fdb0]
Event: 2.748 Thread 0x000000005922d800  875       3       sun.util.locale.LocaleUtils::isUpper (18 bytes)
Event: 2.748 Thread 0x000000005922d800 nmethod 875 0x0000000002d1f190 code [0x0000000002d1f2e0, 0x0000000002d1f4b0]

GC Heap History (0 events):
No events

Deoptimization events (10 events):
Event: 2.642 Thread 0x0000000002588000 Uncommon trap: reason=class_check action=maybe_recompile pc=0x0000000002c13714 method=java.io.FilterInputStream.read([BII)I @ 7
Event: 2.643 Thread 0x0000000002588000 Uncommon trap: reason=unstable_if action=reinterpret pc=0x0000000002c2221c method=java.lang.AbstractStringBuilder.append(Ljava/lang/String;)Ljava/lang/AbstractStringBuilder; @ 1
Event: 2.644 Thread 0x0000000002588000 Uncommon trap: reason=unstable_if action=reinterpret pc=0x0000000002bbd508 method=java.lang.AbstractStringBuilder.append(Ljava/lang/String;)Ljava/lang/AbstractStringBuilder; @ 1
Event: 2.646 Thread 0x0000000002588000 Uncommon trap: reason=unstable_if action=reinterpret pc=0x0000000002c26368 method=java.util.HashMap.hash(Ljava/lang/Object;)I @ 1
Event: 2.646 Thread 0x0000000002588000 Uncommon trap: reason=unstable_if action=reinterpret pc=0x0000000002cf48a0 method=java.util.HashMap.hash(Ljava/lang/Object;)I @ 1
Event: 2.648 Thread 0x0000000002588000 Uncommon trap: reason=unstable_if action=reinterpret pc=0x0000000002c7f364 method=java.util.HashMap.hash(Ljava/lang/Object;)I @ 1
Event: 2.659 Thread 0x000000005a2f4800 Uncommon trap: reason=bimorphic action=maybe_recompile pc=0x0000000002cf81ac method=java.util.HashMap.putVal(ILjava/lang/Object;Ljava/lang/Object;ZZ)Ljava/lang/Object; @ 203
Event: 2.659 Thread 0x000000005a2f4800 Uncommon trap: reason=bimorphic action=maybe_recompile pc=0x0000000002cf812c method=java.util.HashMap.putVal(ILjava/lang/Object;Ljava/lang/Object;ZZ)Ljava/lang/Object; @ 91
Event: 2.659 Thread 0x000000005a2f4800 Uncommon trap: reason=bimorphic action=maybe_recompile pc=0x0000000002cf81ac method=java.util.HashMap.putVal(ILjava/lang/Object;Ljava/lang/Object;ZZ)Ljava/lang/Object; @ 203
Event: 2.659 Thread 0x000000005a2f4800 Uncommon trap: reason=bimorphic action=maybe_recompile pc=0x0000000002cf81ac method=java.util.HashMap.putVal(ILjava/lang/Object;Ljava/lang/Object;ZZ)Ljava/lang/Object; @ 203

Internal exceptions (10 events):
Event: 2.469 Thread 0x0000000002588000 Exception <a 'java/lang/UnsatisfiedLinkError'> (0x00000000d84b02d8) thrown at [C:\re\workspace\8-2-build-windows-amd64-cygwin\jdk8u45\3627\hotspot\src\share\vm\prims\jvm.cpp, line 3965]
Event: 2.470 Thread 0x0000000002588000 Exception <a 'java/lang/UnsatisfiedLinkError'> (0x00000000d84b02d8) thrown at [C:\re\workspace\8-2-build-windows-amd64-cygwin\jdk8u45\3627\hotspot\src\share\vm\prims\jni.cpp, line 709]
Event: 2.571 Thread 0x0000000002588000 Exception <a 'java/lang/UnsatisfiedLinkError'> (0x00000000d852b2f0) thrown at [C:\re\workspace\8-2-build-windows-amd64-cygwin\jdk8u45\3627\hotspot\src\share\vm\prims\jvm.cpp, line 3965]
Event: 2.571 Thread 0x0000000002588000 Exception <a 'java/lang/UnsatisfiedLinkError'> (0x00000000d852b2f0) thrown at [C:\re\workspace\8-2-build-windows-amd64-cygwin\jdk8u45\3627\hotspot\src\share\vm\prims\jni.cpp, line 709]
Event: 2.610 Thread 0x0000000002588000 Exception <a 'java/io/FileNotFoundException'> (0x00000000d855a6b8) thrown at [C:\re\workspace\8-2-build-windows-amd64-cygwin\jdk8u45\3627\hotspot\src\share\vm\prims\jni.cpp, line 709]
Event: 2.643 Thread 0x0000000002588000 Implicit null exception at 0x0000000002c21ec6 to 0x0000000002c22205
Event: 2.644 Thread 0x0000000002588000 Implicit null exception at 0x0000000002bbd1c6 to 0x0000000002bbd4f1
Event: 2.646 Thread 0x0000000002588000 Implicit null exception at 0x0000000002c26185 to 0x0000000002c26359
Event: 2.646 Thread 0x0000000002588000 Implicit null exception at 0x0000000002cf4808 to 0x0000000002cf4896
Event: 2.648 Thread 0x0000000002588000 Implicit null exception at 0x0000000002c7f2ef to 0x0000000002c7f355

Events (10 events):
Event: 2.747 loading class sun/util/locale/LanguageTag
Event: 2.748 loading class sun/util/locale/LanguageTag done
Event: 2.748 loading class sun/util/locale/ParseStatus
Event: 2.748 loading class sun/util/locale/ParseStatus done
Event: 2.748 loading class sun/util/locale/StringTokenIterator
Event: 2.748 loading class sun/util/locale/StringTokenIterator done
Event: 2.748 loading class sun/util/locale/InternalLocaleBuilder
Event: 2.748 loading class sun/util/locale/InternalLocaleBuilder done
Event: 2.748 loading class sun/util/locale/InternalLocaleBuilder$CaseInsensitiveChar
Event: 2.748 loading class sun/util/locale/InternalLocaleBuilder$CaseInsensitiveChar done


Dynamic libraries:
0x000000013fe60000 - 0x000000013fe97000 	C:\Program Files\Java\jre1.8.0_45\bin\javaw.exe
0x0000000077890000 - 0x0000000077a3a000 	C:\Windows\SYSTEM32\ntdll.dll
0x0000000077770000 - 0x000000007788f000 	C:\Windows\system32\kernel32.dll
0x000007fefd680000 - 0x000007fefd6ea000 	C:\Windows\system32\KERNELBASE.dll
0x000007feff450000 - 0x000007feff52b000 	C:\Windows\system32\ADVAPI32.dll
0x000007fefdc40000 - 0x000007fefdcdf000 	C:\Windows\system32\msvcrt.dll
0x000007fefefa0000 - 0x000007fefefbf000 	C:\Windows\SYSTEM32\sechost.dll
0x000007fefdb10000 - 0x000007fefdc3d000 	C:\Windows\system32\RPCRT4.dll
0x0000000077670000 - 0x000000007776a000 	C:\Windows\system32\USER32.dll
0x000007feff310000 - 0x000007feff377000 	C:\Windows\system32\GDI32.dll
0x000007feff560000 - 0x000007feff56e000 	C:\Windows\system32\LPK.dll
0x000007feff380000 - 0x000007feff44a000 	C:\Windows\system32\USP10.dll
0x000007fefbf00000 - 0x000007fefc0f4000 	C:\Windows\WinSxS\amd64_microsoft.windows.common-controls_6595b64144ccf1df_6.0.7601.18837_none_fa3b1e3d17594757\COMCTL32.dll
0x000007feff730000 - 0x000007feff7a1000 	C:\Windows\system32\SHLWAPI.dll
0x000007fefd3c0000 - 0x000007fefd417000 	C:\Windows\system32\apphelp.dll
0x000007fee4f60000 - 0x000007fee4fb1000 	C:\Windows\AppPatch\AppPatch64\AcGenral.DLL
0x000007fefd390000 - 0x000007fefd3b5000 	C:\Windows\system32\SspiCli.dll
0x000007fefefc0000 - 0x000007feff1c3000 	C:\Windows\system32\ole32.dll
0x000007fefe190000 - 0x000007fefef1c000 	C:\Windows\system32\SHELL32.dll
0x000000006d700000 - 0x000000006d703000 	C:\Windows\system32\sfc.dll
0x000007fef6190000 - 0x000007fef61a0000 	C:\Windows\system32\sfc_os.DLL
0x000007fefd620000 - 0x000007fefd63e000 	C:\Windows\system32\USERENV.dll
0x000007fefd5d0000 - 0x000007fefd5df000 	C:\Windows\system32\profapi.dll
0x000007fefb8c0000 - 0x000007fefb8d8000 	C:\Windows\system32\dwmapi.dll
0x000007fef9ad0000 - 0x000007fef9ae8000 	C:\Windows\system32\MPR.dll
0x000007feff530000 - 0x000007feff55e000 	C:\Windows\system32\IMM32.DLL
0x000007feff7b0000 - 0x000007feff8b9000 	C:\Windows\system32\MSCTF.dll
0x0000000078ad0000 - 0x0000000078ba2000 	C:\Program Files\Java\jre1.8.0_45\bin\msvcr100.dll
0x0000000058980000 - 0x0000000059203000 	C:\Program Files\Java\jre1.8.0_45\bin\server\jvm.dll
0x000007fef9810000 - 0x000007fef9819000 	C:\Windows\system32\WSOCK32.dll
0x000007feff6e0000 - 0x000007feff72d000 	C:\Windows\system32\WS2_32.dll
0x000007feff650000 - 0x000007feff658000 	C:\Windows\system32\NSI.dll
0x000007fef7980000 - 0x000007fef79bb000 	C:\Windows\system32\WINMM.dll
0x000007fefc6b0000 - 0x000007fefc6bc000 	C:\Windows\system32\VERSION.dll
0x0000000077a60000 - 0x0000000077a67000 	C:\Windows\system32\PSAPI.DLL
0x000000005f650000 - 0x000000005f65f000 	C:\Program Files\Java\jre1.8.0_45\bin\verify.dll
0x000000005a160000 - 0x000000005a189000 	C:\Program Files\Java\jre1.8.0_45\bin\java.dll
0x000000005aed0000 - 0x000000005aee6000 	C:\Program Files\Java\jre1.8.0_45\bin\zip.dll
0x000000006c190000 - 0x000000006c328000 	C:\Program Files\Java\jre1.8.0_45\bin\awt.dll
0x000007feff570000 - 0x000007feff64a000 	C:\Windows\system32\OLEAUT32.dll
0x000007fefbcf0000 - 0x000007fefbd46000 	C:\Windows\system32\uxtheme.dll
0x000007feea520000 - 0x000007feeadb0000 	C:\Windows\system32\SOGOUPY.IME
0x000007fef8a40000 - 0x000007fef8a47000 	C:\Windows\system32\MSIMG32.dll
0x000007fef7a20000 - 0x000007fef7a74000 	C:\Windows\system32\OLEACC.dll
0x000007fefbea0000 - 0x000007fefbecd000 	C:\Windows\system32\ntmarta.dll
0x000007fefef20000 - 0x000007fefef72000 	C:\Windows\system32\WLDAP32.dll
0x000007fefd420000 - 0x000007fefd42f000 	C:\Windows\system32\CRYPTBASE.dll
0x000007feea280000 - 0x000007feea4b7000 	c:\Program Files (x86)\SogouInput\Components\PicFace\1.0.0.1455\PicFace64.dll
0x00000000737e0000 - 0x00000000737f5000 	C:\Users\KYWang\AppData\Local\Temp\javacpp113795349511236\libusb0.dll
0x000007fefdfb0000 - 0x000007fefe187000 	C:\Windows\system32\SETUPAPI.dll
0x000007fefd930000 - 0x000007fefd966000 	C:\Windows\system32\CFGMGR32.dll
0x000007fefd640000 - 0x000007fefd65a000 	C:\Windows\system32\DEVOBJ.dll
0x000007fef0550000 - 0x000007fef0584000 	C:\Users\KYWang\AppData\Local\Temp\javacpp113795349511236\freenect.dll
0x000007feefee0000 - 0x000007feefef9000 	C:\Users\KYWang\AppData\Local\Temp\javacpp113795349511236\pthreadVC2.dll
0x000007fef18d0000 - 0x000007fef18f3000 	C:\Users\KYWang\AppData\Local\Temp\javacpp113795349511236\jnifreenect.dll
0x000007fef6650000 - 0x000007fef673f000 	C:\Windows\system32\MSVCR120.dll
0x000007feeec30000 - 0x000007feeec54000 	C:\Users\KYWang\AppData\Local\Temp\javacpp113795349511236\jnivideoInputLib.dll
0x000007feed6d0000 - 0x000007feed776000 	C:\Windows\system32\MSVCP120.dll
0x000007feff270000 - 0x000007feff309000 	C:\Windows\system32\CLBCatQ.DLL
0x000007fefbee0000 - 0x000007fefbef6000 	C:\Windows\system32\devenum.dll
0x000007fefd5e0000 - 0x000007fefd61b000 	C:\Windows\system32\WINTRUST.dll
0x000007fefd720000 - 0x000007fefd88d000 	C:\Windows\system32\CRYPT32.dll
0x000007fefd5c0000 - 0x000007fefd5cf000 	C:\Windows\system32\MSASN1.dll
0x000007fefc5d0000 - 0x000007fefc5dd000 	C:\Windows\system32\msdmo.dll
0x000007fefad40000 - 0x000007fefad6f000 	C:\Windows\system32\qcap.dll
0x000007fef4730000 - 0x000007fef48e3000 	C:\Windows\system32\quartz.dll
0x000007fefab50000 - 0x000007fefab91000 	C:\Windows\system32\ksproxy.ax
0x0000000063000000 - 0x0000000063006000 	C:\Windows\system32\ksuser.dll
0x000007fef9550000 - 0x000007fef974f000 	C:\Windows\system32\d3d9.dll
0x000007fef9540000 - 0x000007fef9547000 	C:\Windows\system32\d3d8thk.dll
0x000007fefac40000 - 0x000007fefac64000 	C:\Windows\system32\kswdmcap.ax
0x000007fef2c00000 - 0x000007fef2d5c000 	C:\Windows\system32\MFC42.dll
0x000007fef2b40000 - 0x000007fef2bf1000 	C:\Windows\system32\ODBC32.dll
0x0000000059930000 - 0x0000000059968000 	C:\Windows\system32\odbcint.dll
0x000007fef4690000 - 0x000007fef472b000 	C:\Windows\System32\qedit.dll
0x000007fefab20000 - 0x000007fefab49000 	C:\Windows\System32\MSVFW32.dll
0x000007feff1d0000 - 0x000007feff267000 	C:\Windows\system32\COMDLG32.dll
0x000007fefbad0000 - 0x000007fefbce6000 	C:\Windows\WinSxS\amd64_microsoft.windows.gdiplus_6595b64144ccf1df_1.1.7601.23508_none_145555328b95eaaa\gdiplus.dll
0x000007fef1770000 - 0x000007fef1861000 	C:\Windows\system32\DDRAW.dll
0x000007fef6100000 - 0x000007fef6108000 	C:\Windows\system32\DCIMAN32.dll
0x000007fee4e70000 - 0x000007fee4f5f000 	C:\Users\KYWang\AppData\Local\Temp\javacpp113795349511236\msvcr120.dll
0x000007feddc00000 - 0x000007feddca6000 	C:\Users\KYWang\AppData\Local\Temp\javacpp113795349511236\msvcp120.dll
0x000007fedd970000 - 0x000007feddbf1000 	C:\Users\KYWang\AppData\Local\Temp\javacpp113795349511236\opencv_core300.dll
0x000007fedd5f0000 - 0x000007fedd96f000 	C:\Users\KYWang\AppData\Local\Temp\javacpp113795349511236\opencv_imgproc300.dll
0x000007fedd430000 - 0x000007fedd5e8000 	C:\Users\KYWang\AppData\Local\Temp\javacpp113795349511236\jniopencv_core.dll
0x000007fedd380000 - 0x000007fedd425000 	C:\Users\KYWang\AppData\Local\Temp\javacpp113795349511236\jniopencv_imgproc.dll
0x000007fedd0c0000 - 0x000007fedd377000 	C:\Users\KYWang\AppData\Local\Temp\javacpp113795349511236\opencv_imgcodecs300.dll
0x000007fef0650000 - 0x000007fef066b000 	C:\Users\KYWang\AppData\Local\Temp\javacpp113795349511236\jniopencv_imgcodecs.dll
0x0000000066840000 - 0x00000000676b4000 	C:\Windows\System32\opencv_ffmpeg300_64.dll
0x000007feec230000 - 0x000007feec278000 	C:\Users\KYWang\AppData\Local\Temp\javacpp113795349511236\opencv_videoio300.dll
0x000007fefa940000 - 0x000007fefa95f000 	C:\Windows\system32\AVIFIL32.dll
0x000007fee58a0000 - 0x000007fee58b8000 	C:\Windows\system32\MSACM32.dll
0x000007fefa920000 - 0x000007fefa937000 	C:\Windows\system32\AVICAP32.dll
0x000007feefac0000 - 0x000007feefad4000 	C:\Users\KYWang\AppData\Local\Temp\javacpp113795349511236\jniopencv_videoio.dll
0x000007feec050000 - 0x000007feec07a000 	C:\Users\KYWang\AppData\Local\Temp\javacpp113795349511236\opencv_highgui300.dll
0x000007feebf80000 - 0x000007feebfb4000 	C:\Users\KYWang\AppData\Local\Temp\javacpp113795349511236\jniopencv_highgui.dll
0x000007fedcff0000 - 0x000007fedd0c0000 	C:\Users\KYWang\AppData\Local\Temp\javacpp113795349511236\opencv_ml300.dll
0x000007feebf50000 - 0x000007feebf7f000 	C:\Users\KYWang\AppData\Local\Temp\javacpp113795349511236\jniopencv_ml.dll
0x000007fedcf50000 - 0x000007fedcff0000 	C:\Users\KYWang\AppData\Local\Temp\javacpp113795349511236\opencv_objdetect300.dll
0x000007feebc40000 - 0x000007feebc8c000 	C:\Users\KYWang\AppData\Local\Temp\javacpp113795349511236\jniopencv_objdetect.dll
0x0000000059c90000 - 0x0000000059cd7000 	C:\Program Files\Java\jre1.8.0_45\bin\fontmanager.dll
0x0000000059aa0000 - 0x0000000059aba000 	C:\Program Files\Java\jre1.8.0_45\bin\net.dll
0x000007fefcd10000 - 0x000007fefcd65000 	C:\Windows\system32\mswsock.dll
0x000007fefcfb0000 - 0x000007fefcfb7000 	C:\Windows\System32\wship6.dll
0x0000000059b60000 - 0x0000000059b71000 	C:\Program Files\Java\jre1.8.0_45\bin\nio.dll
0x0000000062be0000 - 0x0000000062cbd000 	c:\Program Files (x86)\SogouInput\8.0.0.8051\Resource.dll
0x000007fefa080000 - 0x000007fefa1a5000 	C:\Windows\system32\dbghelp.dll

VM Arguments:
jvm_args: -Dfile.encoding=GBK 
java_command: Main
java_class_path (initial): E:\GestureRecognition\code\HandDetection\bin;E:\GestureRecognition\javacv-bin\;E:\GestureRecognition\javacv-bin\javacpp.jar;E:\GestureRecognition\javacv-bin\opencv-linux-x86.jar;E:\GestureRecognition\javacv-bin\opencv-linux-x86_64.jar;E:\GestureRecognition\javacv-bin\opencv-macosx-x86_64.jar;E:\GestureRecognition\javacv-bin\opencv-windows-x86.jar;E:\GestureRecognition\javacv-bin\opencv-windows-x86_64.jar;E:\GestureRecognition\javacv-bin\opencv.jar;E:\GestureRecognition\javacv-bin\ffmpeg-linux-x86.jar;E:\GestureRecognition\javacv-bin\ffmpeg-linux-x86_64.jar;E:\GestureRecognition\javacv-bin\ffmpeg-macosx-x86_64.jar;E:\GestureRecognition\javacv-bin\ffmpeg-windows-x86.jar;E:\GestureRecognition\javacv-bin\ffmpeg-windows-x86_64.jar;E:\GestureRecognition\javacv-bin\ffmpeg.jar;E:\GestureRecognition\javacv-bin\flycapture-linux-x86.jar;E:\GestureRecognition\javacv-bin\flycapture-linux-x86_64.jar;E:\GestureRecognition\javacv-bin\flycapture-windows-x86.jar;E:\GestureRecognition\javacv-bin\flycapture-windows-x86_64.jar;E:\GestureRecognition\javacv-bin\flycapture.jar;E:\GestureRecognition\javacv-bin\libdc1394-linux-x86.jar;E:\GestureRecognition\javacv-bin\libdc1394-linux-x86_64.jar;E:\GestureRecognition\javacv-bin\libdc1394-macosx-x86_64.jar;E:\GestureRecognition\javacv-bin\libdc1394.jar;E:\GestureRecognition\javacv-bin\libfreenect-linux-x86.jar;E:\GestureRecognition\javacv-bin\libfreenect-linux-x86_64.jar;E:\GestureRecognition\javacv-bin\libfreenect-macosx-x86_64.jar;E:\GestureRecognition\javacv-bin\libfreenect-windows-x86.jar;E:\GestureRecognition\javacv-bin\libfreenect-windows-x86_64.jar;E:\GestureRecognition\javacv-bin\libfreenect.jar;E:\GestureRecognition\javacv-bin\videoinput-windows-x86.jar;E:\GestureRecognition\javacv-bin\videoinput-windows-x86_64.jar;E:\GestureRecognition\javacv-bin\videoinput.jar;E:\GestureRecognition\javacv-bin\artoolkitplus-linux-x86.jar;E:\GestureRecognition\javacv-bin\artoolkitplus-linux-x86_64.jar;E:\GestureRecognition\
Launcher Type: SUN_STANDARD

Environment Variables:
JAVA_HOME=C:\Program Files\Java\jdk1.8.0_25
PATH=C:/Program Files/Java/jre1.8.0_45/bin/server;C:/Program Files/Java/jre1.8.0_45/bin;C:/Program Files/Java/jre1.8.0_45/lib/amd64;C:\ProgramData\Oracle\Java\javapath;C:\Program Files (x86)\Intel\iCLS Client\;C:\Program Files\Intel\iCLS Client\;C:\Windows\system32;C:\Windows;C:\Windows\System32\Wbem;C:\Windows\System32\WindowsPowerShell\v1.0\;C:\Program Files\Intel\Intel(R) Management Engine Components\DAL;C:\Program Files\Intel\Intel(R) Management Engine Components\IPT;C:\Program Files (x86)\Intel\Intel(R) Management Engine Components\DAL;C:\Program Files (x86)\Intel\Intel(R) Management Engine Components\IPT;C:\Program Files\Lenovo\Fingerprint Manager Pro\;C:\Program Files (x86)\Common Files\Lenovo;C:\SWTOOLS\ReadyApps;C:\Program Files (x86)\Lenovo\Access Connections\;C:\Program Files (x86)\Lenovo\Password Manager\;C:\Program Files\SourceGear\Common\DiffMerge\;d:\MATLAB\R2014b\runtime\win64;d:\MATLAB\R2014b\bin;d:\MATLAB\R2014b\polyspace\bin;C:\Program Files (x86)\Microsoft SQL Server\100\Tools\Binn\;C:\Program Files\Microsoft SQL Server\100\Tools\Binn\;C:\Program Files\Microsoft SQL Server\100\DTS\Binn\;C:\Program Files (x86)\Windows Kits\10\Windows Performance Toolkit\;C:\Program Files\Intel\WiFi\bin\;C:\Program Files\Common Files\Intel\WirelessCommon\;C:\Program Files (x86)\GtkSharp\2.12\bin;C:\Program Files (x86)\QuickTime\QTSystem\;C:\Users\KYWang\AppData\Local\Programs\Python\Python35\Scripts\;C:\Users\KYWang\AppData\Local\Programs\Python\Python35\;C:\Program Files\Java\jdk1.8.0_25/bin;C:\Program Files (x86)\Google\google_appengine\;C:\Program Files\mingw-w64\x86_64-5.2.0-posix-seh-rt_v4-rev0\mingw64\bin;D:\opencv\build\x86\vc12\bin;D:\opencv\build\x64\vc12\bin;D:\opencv\build\MinGW64\bin;C:\Users\KYWang\AppData\Local\Android\sdk\platform-tools;C:\Program Files\Intel\WiFi\bin\;C:\Program Files\Common Files\Intel\WirelessCommon\;D:\eclipse;
USERNAME=KYWang
OS=Windows_NT
PROCESSOR_IDENTIFIER=Intel64 Family 6 Model 69 Stepping 1, GenuineIntel



---------------  S Y S T E M  ---------------

OS: Windows 7 , 64 bit Build 7601 (6.1.7601.23539)

CPU:total 4 (2 cores per cpu, 2 threads per core) family 6 model 69 stepping 1, cmov, cx8, fxsr, mmx, sse, sse2, sse3, ssse3, sse4.1, sse4.2, popcnt, avx, avx2, clmul, erms, lzcnt, ht, tsc, tscinvbit, bmi1, bmi2

Memory: 4k page, physical 8085152k(2719492k free), swap 16168444k(7569084k free)

vm_info: Java HotSpot(TM) 64-Bit Server VM (25.45-b02) for windows-amd64 JRE (1.8.0_45-b15), built on Apr 30 2015 12:40:44 by "java_re" with MS VC++ 10.0 (VS2010)

time: Mon Sep 19 16:04:11 2016
elapsed time: 2 seconds (0d 0h 0m 2s)

