#
# A fatal error has been detected by the Java Runtime Environment:
#
#  EXCEPTION_ACCESS_VIOLATION (0xc0000005) at pc=0x000007fedde7be6a, pid=5404, tid=4548
#
# JRE version: Java(TM) SE Runtime Environment (8.0_45-b15) (build 1.8.0_45-b15)
# Java VM: Java HotSpot(TM) 64-Bit Server VM (25.45-b02 mixed mode windows-amd64 compressed oops)
# Problematic frame:
# C  [opencv_imgproc300.dll+0xebe6a]
#
# Failed to write core dump. Minidumps are not enabled by default on client versions of Windows
#
# If you would like to submit a bug report, please visit:
#   http://bugreport.java.com/bugreport/crash.jsp
# The crash happened outside the Java Virtual Machine in native code.
# See problematic frame for where to report the bug.
#

---------------  T H R E A D  ---------------

Current thread (0x0000000002628000):  JavaThread "main" [_thread_in_native, id=4548, stack(0x0000000002910000,0x0000000002a10000)]

siginfo: ExceptionCode=0xc0000005, reading address 0x0000000000000006

Registers:
RAX=0x0000000000000002, RBX=0x0000000000000010, RCX=0x0000000000000000, RDX=0x0000000061ba50e0
RSP=0x0000000002a0ecc0, RBP=0x0000000002a0ed79, RSI=0x0000000002a0ef0c, RDI=0x0000000002a0f208
R8 =0x0000000000000000, R9 =0x000007fef63f0000, R10=0x0000000061ba50c0, R11=0x0000000061ba50c0
R12=0x0000000000000002, R13=0x0000000002a0efc0, R14=0x0000000002a0eeb0, R15=0x0000000000000001
RIP=0x000007fedde7be6a, EFLAGS=0x0000000000010202

Top of Stack: (sp=0x0000000002a0ecc0)
0x0000000002a0ecc0:   0000000002a0eeb0 0000000000000001
0x0000000002a0ecd0:   00000000614c1298 000000006fda5148
0x0000000002a0ece0:   0000000061bc7a20 0000000002a0ef00
0x0000000002a0ecf0:   0000000002a0ece8 0000000000000000
0x0000000002a0ed00:   0000000000000001 0000000000000001
0x0000000002a0ed10:   0000000000000000 0000000000420e90
0x0000000002a0ed20:   0000000000000002 0000000000000000
0x0000000002a0ed30:   000000005896de50 000007fede227dc6
0x0000000002a0ed40:   00000000614c1290 0000000000000000
0x0000000002a0ed50:   0000000002a0f188 0000000000000001
0x0000000002a0ed60:   fffffffffffffffe 000000006f7f56e3
0x0000000002a0ed70:   0000000000000000 0000000000000000
0x0000000002a0ed80:   0000000000000000 0000000000000002
0x0000000002a0ed90:   0000000000420dd0 0000000002a0f200
0x0000000002a0eda0:   00000000ffffffff 0000000002a0f188
0x0000000002a0edb0:   0000000002a0eec0 000007fedde7847b 

Instructions: (pc=0x000007fedde7be6a)
0x000007fedde7be4a:   8e ca 01 00 00 33 c9 8b d9 48 8b 75 6f 45 8b fc
0x000007fedde7be5a:   f2 0f 10 35 6e a3 10 00 48 8b 07 48 85 c0 74 0a
0x000007fedde7be6a:   f3 0f 10 40 04 0f 2f 00 77 6d 48 89 4c 24 30 48
0x000007fedde7be7a:   89 4c 24 38 ba 28 00 00 00 48 8d 4c 24 30 e8 4b 


Register to memory mapping:

RAX=0x0000000000000002 is an unknown value
RBX=0x0000000000000010 is an unknown value
RCX=0x0000000000000000 is an unknown value
RDX=0x0000000061ba50e0 is an unknown value
RSP=0x0000000002a0ecc0 is pointing into the stack for thread: 0x0000000002628000
RBP=0x0000000002a0ed79 is pointing into the stack for thread: 0x0000000002628000
RSI=0x0000000002a0ef0c is pointing into the stack for thread: 0x0000000002628000
RDI=0x0000000002a0f208 is pointing into the stack for thread: 0x0000000002628000
R8 =0x0000000000000000 is an unknown value
R9 =0x000007fef63f0000 is an unknown value
R10=0x0000000061ba50c0 is an unknown value
R11=0x0000000061ba50c0 is an unknown value
R12=0x0000000000000002 is an unknown value
R13=0x0000000002a0efc0 is pointing into the stack for thread: 0x0000000002628000
R14=0x0000000002a0eeb0 is pointing into the stack for thread: 0x0000000002628000
R15=0x0000000000000001 is an unknown value


Stack: [0x0000000002910000,0x0000000002a10000],  sp=0x0000000002a0ecc0,  free space=1019k
Native frames: (J=compiled Java code, j=interpreted, Vv=VM code, C=native code)
C  [opencv_imgproc300.dll+0xebe6a]
C  [opencv_imgproc300.dll+0xe847b]
C  [jniopencv_imgproc.dll+0x368aa]
C  0x0000000002a25e14

Java frames: (J=compiled Java code, j=interpreted, Vv=VM code)
j  org.bytedeco.javacpp.opencv_imgproc.calcHist(Lorg/bytedeco/javacpp/opencv_core$Mat;I[ILorg/bytedeco/javacpp/opencv_core$Mat;Lorg/bytedeco/javacpp/opencv_core$Mat;I[I[F)V+0
j  Hand.update(Lorg/bytedeco/javacpp/opencv_core$Mat;)V+227
j  Main.main([Ljava/lang/String;)V+131
v  ~StubRoutines::call_stub

---------------  P R O C E S S  ---------------

Java Threads: ( => current thread )
  0x000000005e27f800 JavaThread "AWT-EventQueue-0" [_thread_blocked, id=6468, stack(0x0000000062610000,0x0000000062710000)]
  0x000000005e289000 JavaThread "AWT-Shutdown" [_thread_blocked, id=10716, stack(0x00000000604c0000,0x00000000605c0000)]
  0x00000000596ad000 JavaThread "AWT-Windows" daemon [_thread_in_native, id=10648, stack(0x0000000059e80000,0x0000000059f80000)]
  0x0000000058af9000 JavaThread "Java2D Disposer" daemon [_thread_blocked, id=7380, stack(0x0000000059fa0000,0x000000005a0a0000)]
  0x00000000587d1800 JavaThread "Service Thread" daemon [_thread_blocked, id=10604, stack(0x00000000592d0000,0x00000000593d0000)]
  0x000000005747f000 JavaThread "C1 CompilerThread2" daemon [_thread_blocked, id=1988, stack(0x0000000058ea0000,0x0000000058fa0000)]
  0x000000005747d800 JavaThread "C2 CompilerThread1" daemon [_thread_blocked, id=7324, stack(0x0000000059190000,0x0000000059290000)]
  0x000000005875b000 JavaThread "C2 CompilerThread0" daemon [_thread_blocked, id=2728, stack(0x0000000058fd0000,0x00000000590d0000)]
  0x0000000058758000 JavaThread "Attach Listener" daemon [_thread_blocked, id=412, stack(0x0000000058d80000,0x0000000058e80000)]
  0x000000005746f000 JavaThread "Signal Dispatcher" daemon [_thread_blocked, id=9304, stack(0x0000000058c80000,0x0000000058d80000)]
  0x0000000057412800 JavaThread "Finalizer" daemon [_thread_blocked, id=10400, stack(0x0000000058380000,0x0000000058480000)]
  0x0000000057411800 JavaThread "Reference Handler" daemon [_thread_blocked, id=10404, stack(0x0000000058640000,0x0000000058740000)]
=>0x0000000002628000 JavaThread "main" [_thread_in_native, id=4548, stack(0x0000000002910000,0x0000000002a10000)]

Other Threads:
  0x000000005740c000 VMThread [stack: 0x0000000058490000,0x0000000058590000] [id=7552]
  0x00000000587e6800 WatcherThread [stack: 0x00000000593e0000,0x00000000594e0000] [id=10800]

VM state:not at safepoint (normal execution)

VM Mutex/Monitor currently owned by a thread: None

Heap:
 PSYoungGen      total 36864K, used 24848K [0x00000000d6e00000, 0x00000000d9700000, 0x0000000100000000)
  eden space 31744K, 78% used [0x00000000d6e00000,0x00000000d86442f8,0x00000000d8d00000)
  from space 5120K, 0% used [0x00000000d9200000,0x00000000d9200000,0x00000000d9700000)
  to   space 5120K, 0% used [0x00000000d8d00000,0x00000000d8d00000,0x00000000d9200000)
 ParOldGen       total 84992K, used 0K [0x0000000084a00000, 0x0000000089d00000, 0x00000000d6e00000)
  object space 84992K, 0% used [0x0000000084a00000,0x0000000084a00000,0x0000000089d00000)
 Metaspace       used 11881K, capacity 12066K, committed 12288K, reserved 1060864K
  class space    used 1379K, capacity 1450K, committed 1536K, reserved 1048576K

Card table byte_map: [0x0000000011dd0000,0x00000000121b0000] byte_map_base: 0x00000000119ab000

Marking Bits: (ParMarkBitMap*) 0x000000006ffd4040
 Begin Bits: [0x00000000128f0000, 0x00000000147c8000)
 End Bits:   [0x00000000147c8000, 0x00000000166a0000)

Polling page: 0x0000000000330000

CodeCache: size=245760Kb used=3594Kb max_used=3594Kb free=242165Kb
 bounds [0x0000000002a10000, 0x0000000002da0000, 0x0000000011a10000]
 total_blobs=1434 nmethods=871 adapters=476
 compilation: enabled

Compilation events (10 events):
Event: 2.493 Thread 0x000000005747f000  867       1       java.awt.Component::getParent_NoClientCode (5 bytes)
Event: 2.493 Thread 0x000000005747f000 nmethod 867 0x0000000002d84450 code [0x0000000002d845a0, 0x0000000002d846b0]
Event: 2.496 Thread 0x000000005747f000  868       3       java.awt.Component::getTreeLock (4 bytes)
Event: 2.496 Thread 0x000000005747f000 nmethod 868 0x0000000002d84150 code [0x0000000002d842a0, 0x0000000002d843f0]
Event: 2.498 Thread 0x000000005747f000  869       3       sun.util.locale.LocaleUtils::isUpper (18 bytes)
Event: 2.498 Thread 0x000000005747f000 nmethod 869 0x0000000002d83b50 code [0x0000000002d83ca0, 0x0000000002d83e70]
Event: 2.504 Thread 0x000000005747d800  870       4       java.util.ArrayList::indexOf (67 bytes)
Event: 2.504 Thread 0x000000005747f000  871   !   3       org.bytedeco.javacpp.Loader::loadLibrary (675 bytes)
Event: 2.507 Thread 0x000000005747d800 nmethod 870 0x0000000002d83590 code [0x0000000002d836e0, 0x0000000002d83938]
Event: 2.511 Thread 0x000000005747f000 nmethod 871 0x0000000002d890d0 code [0x0000000002d89a20, 0x0000000002d910d8]

GC Heap History (0 events):
No events

Deoptimization events (10 events):
Event: 2.397 Thread 0x0000000002628000 Uncommon trap: reason=unstable_if action=reinterpret pc=0x0000000002c633f0 method=sun.misc.MetaIndex.mayContain(Ljava/lang/String;)Z @ 38
Event: 2.398 Thread 0x0000000002628000 Uncommon trap: reason=class_check action=maybe_recompile pc=0x0000000002c7a254 method=java.io.FilterInputStream.read([BII)I @ 7
Event: 2.399 Thread 0x0000000002628000 Uncommon trap: reason=unstable_if action=reinterpret pc=0x0000000002c5c55c method=java.lang.AbstractStringBuilder.append(Ljava/lang/String;)Ljava/lang/AbstractStringBuilder; @ 1
Event: 2.399 Thread 0x0000000002628000 Uncommon trap: reason=unstable_if action=reinterpret pc=0x0000000002c1ea08 method=java.lang.AbstractStringBuilder.append(Ljava/lang/String;)Ljava/lang/AbstractStringBuilder; @ 1
Event: 2.402 Thread 0x0000000002628000 Uncommon trap: reason=unstable_if action=reinterpret pc=0x0000000002c99d28 method=java.util.HashMap.hash(Ljava/lang/Object;)I @ 1
Event: 2.402 Thread 0x0000000002628000 Uncommon trap: reason=unstable_if action=reinterpret pc=0x0000000002d5ad60 method=java.util.HashMap.hash(Ljava/lang/Object;)I @ 1
Event: 2.414 Thread 0x00000000596ad000 Uncommon trap: reason=bimorphic action=maybe_recompile pc=0x0000000002d5e66c method=java.util.HashMap.putVal(ILjava/lang/Object;Ljava/lang/Object;ZZ)Ljava/lang/Object; @ 203
Event: 2.415 Thread 0x00000000596ad000 Uncommon trap: reason=bimorphic action=maybe_recompile pc=0x0000000002d5e5ec method=java.util.HashMap.putVal(ILjava/lang/Object;Ljava/lang/Object;ZZ)Ljava/lang/Object; @ 91
Event: 2.415 Thread 0x00000000596ad000 Uncommon trap: reason=bimorphic action=maybe_recompile pc=0x0000000002d5e66c method=java.util.HashMap.putVal(ILjava/lang/Object;Ljava/lang/Object;ZZ)Ljava/lang/Object; @ 203
Event: 2.415 Thread 0x00000000596ad000 Uncommon trap: reason=bimorphic action=maybe_recompile pc=0x0000000002d5e66c method=java.util.HashMap.putVal(ILjava/lang/Object;Ljava/lang/Object;ZZ)Ljava/lang/Object; @ 203

Internal exceptions (10 events):
Event: 2.108 Thread 0x0000000002628000 Exception <a 'java/lang/UnsatisfiedLinkError'> (0x00000000d837d508) thrown at [C:\re\workspace\8-2-build-windows-amd64-cygwin\jdk8u45\3627\hotspot\src\share\vm\prims\jni.cpp, line 709]
Event: 2.238 Thread 0x0000000002628000 Exception <a 'java/lang/UnsatisfiedLinkError'> (0x00000000d84104f0) thrown at [C:\re\workspace\8-2-build-windows-amd64-cygwin\jdk8u45\3627\hotspot\src\share\vm\prims\jvm.cpp, line 3965]
Event: 2.239 Thread 0x0000000002628000 Exception <a 'java/lang/UnsatisfiedLinkError'> (0x00000000d84104f0) thrown at [C:\re\workspace\8-2-build-windows-amd64-cygwin\jdk8u45\3627\hotspot\src\share\vm\prims\jni.cpp, line 709]
Event: 2.330 Thread 0x0000000002628000 Exception <a 'java/lang/UnsatisfiedLinkError'> (0x00000000d848b408) thrown at [C:\re\workspace\8-2-build-windows-amd64-cygwin\jdk8u45\3627\hotspot\src\share\vm\prims\jvm.cpp, line 3965]
Event: 2.330 Thread 0x0000000002628000 Exception <a 'java/lang/UnsatisfiedLinkError'> (0x00000000d848b408) thrown at [C:\re\workspace\8-2-build-windows-amd64-cygwin\jdk8u45\3627\hotspot\src\share\vm\prims\jni.cpp, line 709]
Event: 2.370 Thread 0x0000000002628000 Exception <a 'java/io/FileNotFoundException'> (0x00000000d84ba6a0) thrown at [C:\re\workspace\8-2-build-windows-amd64-cygwin\jdk8u45\3627\hotspot\src\share\vm\prims\jni.cpp, line 709]
Event: 2.399 Thread 0x0000000002628000 Implicit null exception at 0x0000000002c5c206 to 0x0000000002c5c545
Event: 2.399 Thread 0x0000000002628000 Implicit null exception at 0x0000000002c1e6c6 to 0x0000000002c1e9f1
Event: 2.402 Thread 0x0000000002628000 Implicit null exception at 0x0000000002c99b45 to 0x0000000002c99d19
Event: 2.402 Thread 0x0000000002628000 Implicit null exception at 0x0000000002d5acc8 to 0x0000000002d5ad56

Events (10 events):
Event: 2.498 loading class sun/util/locale/LanguageTag
Event: 2.498 loading class sun/util/locale/LanguageTag done
Event: 2.498 loading class sun/util/locale/ParseStatus
Event: 2.498 loading class sun/util/locale/ParseStatus done
Event: 2.498 loading class sun/util/locale/StringTokenIterator
Event: 2.498 loading class sun/util/locale/StringTokenIterator done
Event: 2.498 loading class sun/util/locale/InternalLocaleBuilder
Event: 2.499 loading class sun/util/locale/InternalLocaleBuilder done
Event: 2.499 loading class sun/util/locale/InternalLocaleBuilder$CaseInsensitiveChar
Event: 2.499 loading class sun/util/locale/InternalLocaleBuilder$CaseInsensitiveChar done


Dynamic libraries:
0x000000013f9b0000 - 0x000000013f9e7000 	C:\Program Files\Java\jre1.8.0_45\bin\javaw.exe
0x0000000077140000 - 0x00000000772ea000 	C:\Windows\SYSTEM32\ntdll.dll
0x0000000076f20000 - 0x000000007703f000 	C:\Windows\system32\kernel32.dll
0x000007fefce90000 - 0x000007fefcefa000 	C:\Windows\system32\KERNELBASE.dll
0x000007fefe880000 - 0x000007fefe95b000 	C:\Windows\system32\ADVAPI32.dll
0x000007fefedd0000 - 0x000007fefee6f000 	C:\Windows\system32\msvcrt.dll
0x000007fefea90000 - 0x000007fefeaaf000 	C:\Windows\SYSTEM32\sechost.dll
0x000007fefe960000 - 0x000007fefea8d000 	C:\Windows\system32\RPCRT4.dll
0x0000000077040000 - 0x000000007713a000 	C:\Windows\system32\USER32.dll
0x000007feff090000 - 0x000007feff0f7000 	C:\Windows\system32\GDI32.dll
0x000007fefee70000 - 0x000007fefee7e000 	C:\Windows\system32\LPK.dll
0x000007fefe610000 - 0x000007fefe6da000 	C:\Windows\system32\USP10.dll
0x000007fefa100000 - 0x000007fefa2f4000 	C:\Windows\WinSxS\amd64_microsoft.windows.common-controls_6595b64144ccf1df_6.0.7601.18837_none_fa3b1e3d17594757\COMCTL32.dll
0x000007feff100000 - 0x000007feff171000 	C:\Windows\system32\SHLWAPI.dll
0x000007fefcc70000 - 0x000007fefccc7000 	C:\Windows\system32\apphelp.dll
0x000007fee66b0000 - 0x000007fee6701000 	C:\Windows\AppPatch\AppPatch64\AcGenral.DLL
0x000007fefcc40000 - 0x000007fefcc65000 	C:\Windows\system32\SspiCli.dll
0x000007fefee80000 - 0x000007feff083000 	C:\Windows\system32\ole32.dll
0x000007fefd880000 - 0x000007fefe60c000 	C:\Windows\system32\SHELL32.dll
0x000000006c3f0000 - 0x000000006c3f3000 	C:\Windows\system32\sfc.dll
0x000007fef5d10000 - 0x000007fef5d20000 	C:\Windows\system32\sfc_os.DLL
0x000007fefcf10000 - 0x000007fefcf2e000 	C:\Windows\system32\USERENV.dll
0x000007fefce80000 - 0x000007fefce8f000 	C:\Windows\system32\profapi.dll
0x000007fef97e0000 - 0x000007fef97f8000 	C:\Windows\system32\dwmapi.dll
0x000007feed7a0000 - 0x000007feed7b8000 	C:\Windows\system32\MPR.dll
0x000007fefe780000 - 0x000007fefe7ae000 	C:\Windows\system32\IMM32.DLL
0x000007fefecc0000 - 0x000007fefedc9000 	C:\Windows\system32\MSCTF.dll
0x0000000077f20000 - 0x0000000077ff2000 	C:\Program Files\Java\jre1.8.0_45\bin\msvcr100.dll
0x000000006f7d0000 - 0x0000000070053000 	C:\Program Files\Java\jre1.8.0_45\bin\server\jvm.dll
0x000007fefa5a0000 - 0x000007fefa5a9000 	C:\Windows\system32\WSOCK32.dll
0x000007fefe7b0000 - 0x000007fefe7fd000 	C:\Windows\system32\WS2_32.dll
0x000007fefd2d0000 - 0x000007fefd2d8000 	C:\Windows\system32\NSI.dll
0x000007fef7bd0000 - 0x000007fef7c0b000 	C:\Windows\system32\WINMM.dll
0x000007fefbda0000 - 0x000007fefbdac000 	C:\Windows\system32\VERSION.dll
0x0000000077300000 - 0x0000000077307000 	C:\Windows\system32\PSAPI.DLL
0x0000000070650000 - 0x000000007065f000 	C:\Program Files\Java\jre1.8.0_45\bin\verify.dll
0x000000006ca70000 - 0x000000006ca99000 	C:\Program Files\Java\jre1.8.0_45\bin\java.dll
0x0000000070680000 - 0x0000000070696000 	C:\Program Files\Java\jre1.8.0_45\bin\zip.dll
0x00000000594e0000 - 0x0000000059678000 	C:\Program Files\Java\jre1.8.0_45\bin\awt.dll
0x000007fefd2e0000 - 0x000007fefd3ba000 	C:\Windows\system32\OLEAUT32.dll
0x000007fefa4d0000 - 0x000007fefa526000 	C:\Windows\system32\uxtheme.dll
0x000007feeb200000 - 0x000007feeba90000 	C:\Windows\system32\SOGOUPY.IME
0x000007fef7c70000 - 0x000007fef7c77000 	C:\Windows\system32\MSIMG32.dll
0x000007fef7c10000 - 0x000007fef7c64000 	C:\Windows\system32\OLEACC.dll
0x000007fefbc70000 - 0x000007fefbc9d000 	C:\Windows\system32\ntmarta.dll
0x000007fefeab0000 - 0x000007fefeb02000 	C:\Windows\system32\WLDAP32.dll
0x000007fefcd10000 - 0x000007fefcd1f000 	C:\Windows\system32\CRYPTBASE.dll
0x000007fee7630000 - 0x000007fee7867000 	c:\Program Files (x86)\SogouInput\Components\PicFace\1.0.0.1455\PicFace64.dll
0x0000000058e80000 - 0x0000000058e95000 	C:\Users\KYWang\AppData\Local\Temp\javacpp5954391433201\libusb0.dll
0x000007fefd6a0000 - 0x000007fefd877000 	C:\Windows\system32\SETUPAPI.dll
0x000007fefd020000 - 0x000007fefd056000 	C:\Windows\system32\CFGMGR32.dll
0x000007fefd060000 - 0x000007fefd07a000 	C:\Windows\system32\DEVOBJ.dll
0x000007fefaa70000 - 0x000007fefaaa4000 	C:\Users\KYWang\AppData\Local\Temp\javacpp5954391433201\freenect.dll
0x000007fefaa50000 - 0x000007fefaa69000 	C:\Users\KYWang\AppData\Local\Temp\javacpp5954391433201\pthreadVC2.dll
0x000007fefaa20000 - 0x000007fefaa43000 	C:\Users\KYWang\AppData\Local\Temp\javacpp5954391433201\jnifreenect.dll
0x000007fef63f0000 - 0x000007fef64df000 	C:\Windows\system32\MSVCR120.dll
0x000007fefa9f0000 - 0x000007fefaa14000 	C:\Users\KYWang\AppData\Local\Temp\javacpp5954391433201\jnivideoInputLib.dll
0x000007fee9c20000 - 0x000007fee9cc6000 	C:\Windows\system32\MSVCP120.dll
0x000007fefd230000 - 0x000007fefd2c9000 	C:\Windows\system32\CLBCatQ.DLL
0x000007fef7800000 - 0x000007fef7816000 	C:\Windows\system32\devenum.dll
0x000007fefd1f0000 - 0x000007fefd22b000 	C:\Windows\system32\WINTRUST.dll
0x000007fefd080000 - 0x000007fefd1ed000 	C:\Windows\system32\CRYPT32.dll
0x000007fefce70000 - 0x000007fefce7f000 	C:\Windows\system32\MSASN1.dll
0x000007fefa9e0000 - 0x000007fefa9ed000 	C:\Windows\system32\msdmo.dll
0x000007fef77d0000 - 0x000007fef77ff000 	C:\Windows\system32\qcap.dll
0x000007fede3a0000 - 0x000007fede553000 	C:\Windows\system32\quartz.dll
0x000007fef3090000 - 0x000007fef30d1000 	C:\Windows\system32\ksproxy.ax
0x000000006a330000 - 0x000000006a336000 	C:\Windows\system32\ksuser.dll
0x000007fef9810000 - 0x000007fef9a0f000 	C:\Windows\system32\d3d9.dll
0x000007fef9800000 - 0x000007fef9807000 	C:\Windows\system32\d3d8thk.dll
0x000007fef7660000 - 0x000007fef7684000 	C:\Windows\system32\kswdmcap.ax
0x000007fee10e0000 - 0x000007fee123c000 	C:\Windows\system32\MFC42.dll
0x000007fef04d0000 - 0x000007fef0581000 	C:\Windows\system32\ODBC32.dll
0x000000005a1a0000 - 0x000000005a1d8000 	C:\Windows\system32\odbcint.dll
0x000007fef09e0000 - 0x000007fef0a7b000 	C:\Windows\System32\qedit.dll
0x000007fef3100000 - 0x000007fef3129000 	C:\Windows\System32\MSVFW32.dll
0x000007fefe6e0000 - 0x000007fefe777000 	C:\Windows\system32\COMDLG32.dll
0x000007fef9ba0000 - 0x000007fef9db6000 	C:\Windows\WinSxS\amd64_microsoft.windows.gdiplus_6595b64144ccf1df_1.1.7601.23508_none_145555328b95eaaa\gdiplus.dll
0x000007fef1540000 - 0x000007fef1631000 	C:\Windows\system32\DDRAW.dll
0x000007fef52d0000 - 0x000007fef52d8000 	C:\Windows\system32\DCIMAN32.dll
0x000007fee1800000 - 0x000007fee18ef000 	C:\Users\KYWang\AppData\Local\Temp\javacpp5954391433201\msvcr120.dll
0x000007fef0930000 - 0x000007fef09d6000 	C:\Users\KYWang\AppData\Local\Temp\javacpp5954391433201\msvcp120.dll
0x000007fede110000 - 0x000007fede391000 	C:\Users\KYWang\AppData\Local\Temp\javacpp5954391433201\opencv_core300.dll
0x000007feddd90000 - 0x000007fede10f000 	C:\Users\KYWang\AppData\Local\Temp\javacpp5954391433201\opencv_imgproc300.dll
0x000007feddbd0000 - 0x000007feddd88000 	C:\Users\KYWang\AppData\Local\Temp\javacpp5954391433201\jniopencv_core.dll
0x000007fee1030000 - 0x000007fee10d5000 	C:\Users\KYWang\AppData\Local\Temp\javacpp5954391433201\jniopencv_imgproc.dll
0x000007fedd910000 - 0x000007feddbc7000 	C:\Users\KYWang\AppData\Local\Temp\javacpp5954391433201\opencv_imgcodecs300.dll
0x000007fef77b0000 - 0x000007fef77cb000 	C:\Users\KYWang\AppData\Local\Temp\javacpp5954391433201\jniopencv_imgcodecs.dll
0x0000000066840000 - 0x00000000676b4000 	C:\Windows\System32\opencv_ffmpeg300_64.dll
0x000007fef0130000 - 0x000007fef0178000 	C:\Users\KYWang\AppData\Local\Temp\javacpp5954391433201\opencv_videoio300.dll
0x000007fef3170000 - 0x000007fef318f000 	C:\Windows\system32\AVIFIL32.dll
0x000007fee8a60000 - 0x000007fee8a78000 	C:\Windows\system32\MSACM32.dll
0x000007fef30e0000 - 0x000007fef30f7000 	C:\Windows\system32\AVICAP32.dll
0x000007fef3040000 - 0x000007fef3054000 	C:\Users\KYWang\AppData\Local\Temp\javacpp5954391433201\jniopencv_videoio.dll
0x000007fef2120000 - 0x000007fef214a000 	C:\Users\KYWang\AppData\Local\Temp\javacpp5954391433201\opencv_highgui300.dll
0x000007fef0490000 - 0x000007fef04c4000 	C:\Users\KYWang\AppData\Local\Temp\javacpp5954391433201\jniopencv_highgui.dll
0x000007fedd840000 - 0x000007fedd910000 	C:\Users\KYWang\AppData\Local\Temp\javacpp5954391433201\opencv_ml300.dll
0x000007fef1e80000 - 0x000007fef1eaf000 	C:\Users\KYWang\AppData\Local\Temp\javacpp5954391433201\jniopencv_ml.dll
0x000007fee0f90000 - 0x000007fee1030000 	C:\Users\KYWang\AppData\Local\Temp\javacpp5954391433201\opencv_objdetect300.dll
0x000007fef00e0000 - 0x000007fef012c000 	C:\Users\KYWang\AppData\Local\Temp\javacpp5954391433201\jniopencv_objdetect.dll
0x0000000058bb0000 - 0x0000000058bf7000 	C:\Program Files\Java\jre1.8.0_45\bin\fontmanager.dll
0x0000000070240000 - 0x000000007025a000 	C:\Program Files\Java\jre1.8.0_45\bin\net.dll
0x000007fefc5f0000 - 0x000007fefc645000 	C:\Windows\system32\mswsock.dll
0x000007fefc660000 - 0x000007fefc667000 	C:\Windows\System32\wship6.dll
0x0000000058c00000 - 0x0000000058c11000 	C:\Program Files\Java\jre1.8.0_45\bin\nio.dll
0x000000005cb90000 - 0x000000005cc6d000 	c:\Program Files (x86)\SogouInput\8.0.0.8051\Resource.dll
0x000007fefa5b0000 - 0x000007fefa6d5000 	C:\Windows\system32\dbghelp.dll

VM Arguments:
jvm_args: -Dfile.encoding=GBK 
java_command: Main
java_class_path (initial): E:\GestureRecognition\code\HandDetection\bin;E:\GestureRecognition\javacv-bin\;E:\GestureRecognition\javacv-bin\javacpp.jar;E:\GestureRecognition\javacv-bin\opencv-linux-x86.jar;E:\GestureRecognition\javacv-bin\opencv-linux-x86_64.jar;E:\GestureRecognition\javacv-bin\opencv-macosx-x86_64.jar;E:\GestureRecognition\javacv-bin\opencv-windows-x86.jar;E:\GestureRecognition\javacv-bin\opencv-windows-x86_64.jar;E:\GestureRecognition\javacv-bin\opencv.jar;E:\GestureRecognition\javacv-bin\ffmpeg-linux-x86.jar;E:\GestureRecognition\javacv-bin\ffmpeg-linux-x86_64.jar;E:\GestureRecognition\javacv-bin\ffmpeg-macosx-x86_64.jar;E:\GestureRecognition\javacv-bin\ffmpeg-windows-x86.jar;E:\GestureRecognition\javacv-bin\ffmpeg-windows-x86_64.jar;E:\GestureRecognition\javacv-bin\ffmpeg.jar;E:\GestureRecognition\javacv-bin\flycapture-linux-x86.jar;E:\GestureRecognition\javacv-bin\flycapture-linux-x86_64.jar;E:\GestureRecognition\javacv-bin\flycapture-windows-x86.jar;E:\GestureRecognition\javacv-bin\flycapture-windows-x86_64.jar;E:\GestureRecognition\javacv-bin\flycapture.jar;E:\GestureRecognition\javacv-bin\libdc1394-linux-x86.jar;E:\GestureRecognition\javacv-bin\libdc1394-linux-x86_64.jar;E:\GestureRecognition\javacv-bin\libdc1394-macosx-x86_64.jar;E:\GestureRecognition\javacv-bin\libdc1394.jar;E:\GestureRecognition\javacv-bin\libfreenect-linux-x86.jar;E:\GestureRecognition\javacv-bin\libfreenect-linux-x86_64.jar;E:\GestureRecognition\javacv-bin\libfreenect-macosx-x86_64.jar;E:\GestureRecognition\javacv-bin\libfreenect-windows-x86.jar;E:\GestureRecognition\javacv-bin\libfreenect-windows-x86_64.jar;E:\GestureRecognition\javacv-bin\libfreenect.jar;E:\GestureRecognition\javacv-bin\videoinput-windows-x86.jar;E:\GestureRecognition\javacv-bin\videoinput-windows-x86_64.jar;E:\GestureRecognition\javacv-bin\videoinput.jar;E:\GestureRecognition\javacv-bin\artoolkitplus-linux-x86.jar;E:\GestureRecognition\javacv-bin\artoolkitplus-linux-x86_64.jar;E:\GestureRecognition\
Launcher Type: SUN_STANDARD

Environment Variables:
JAVA_HOME=C:\Program Files\Java\jdk1.8.0_25
PATH=C:/Program Files/Java/jre1.8.0_45/bin/server;C:/Program Files/Java/jre1.8.0_45/bin;C:/Program Files/Java/jre1.8.0_45/lib/amd64;C:\ProgramData\Oracle\Java\javapath;C:\Program Files (x86)\Intel\iCLS Client\;C:\Program Files\Intel\iCLS Client\;C:\Windows\system32;C:\Windows;C:\Windows\System32\Wbem;C:\Windows\System32\WindowsPowerShell\v1.0\;C:\Program Files\Intel\Intel(R) Management Engine Components\DAL;C:\Program Files\Intel\Intel(R) Management Engine Components\IPT;C:\Program Files (x86)\Intel\Intel(R) Management Engine Components\DAL;C:\Program Files (x86)\Intel\Intel(R) Management Engine Components\IPT;C:\Program Files\Lenovo\Fingerprint Manager Pro\;C:\Program Files (x86)\Common Files\Lenovo;C:\SWTOOLS\ReadyApps;C:\Program Files (x86)\Lenovo\Access Connections\;C:\Program Files (x86)\Lenovo\Password Manager\;C:\Program Files\SourceGear\Common\DiffMerge\;d:\MATLAB\R2014b\runtime\win64;d:\MATLAB\R2014b\bin;d:\MATLAB\R2014b\polyspace\bin;C:\Program Files (x86)\Microsoft SQL Server\100\Tools\Binn\;C:\Program Files\Microsoft SQL Server\100\Tools\Binn\;C:\Program Files\Microsoft SQL Server\100\DTS\Binn\;C:\Program Files (x86)\Windows Kits\10\Windows Performance Toolkit\;C:\Program Files\Intel\WiFi\bin\;C:\Program Files\Common Files\Intel\WirelessCommon\;C:\Program Files (x86)\GtkSharp\2.12\bin;C:\Program Files (x86)\QuickTime\QTSystem\;C:\Users\KYWang\AppData\Local\Programs\Python\Python35\Scripts\;C:\Users\KYWang\AppData\Local\Programs\Python\Python35\;C:\Program Files\Java\jdk1.8.0_25/bin;C:\Program Files (x86)\Google\google_appengine\;C:\Program Files\mingw-w64\x86_64-5.2.0-posix-seh-rt_v4-rev0\mingw64\bin;D:\opencv\build\x86\vc12\bin;D:\opencv\build\x64\vc12\bin;D:\opencv\build\MinGW64\bin;C:\Users\KYWang\AppData\Local\Android\sdk\platform-tools;C:\Program Files\Intel\WiFi\bin\;C:\Program Files\Common Files\Intel\WirelessCommon\;D:\eclipse;
USERNAME=KYWang
OS=Windows_NT
PROCESSOR_IDENTIFIER=Intel64 Family 6 Model 69 Stepping 1, GenuineIntel



---------------  S Y S T E M  ---------------

OS: Windows 7 , 64 bit Build 7601 (6.1.7601.23539)

CPU:total 4 (2 cores per cpu, 2 threads per core) family 6 model 69 stepping 1, cmov, cx8, fxsr, mmx, sse, sse2, sse3, ssse3, sse4.1, sse4.2, popcnt, avx, avx2, clmul, erms, lzcnt, ht, tsc, tscinvbit, bmi1, bmi2

Memory: 4k page, physical 8085152k(3238864k free), swap 16168444k(10291432k free)

vm_info: Java HotSpot(TM) 64-Bit Server VM (25.45-b02) for windows-amd64 JRE (1.8.0_45-b15), built on Apr 30 2015 12:40:44 by "java_re" with MS VC++ 10.0 (VS2010)

time: Tue Sep 20 10:32:46 2016
elapsed time: 2 seconds (0d 0h 0m 2s)

