#
# A fatal error has been detected by the Java Runtime Environment:
#
#  EXCEPTION_ACCESS_VIOLATION (0xc0000005) at pc=0x000007fee2641cbd, pid=11116, tid=10244
#
# JRE version: Java(TM) SE Runtime Environment (8.0_45-b15) (build 1.8.0_45-b15)
# Java VM: Java HotSpot(TM) 64-Bit Server VM (25.45-b02 mixed mode windows-amd64 compressed oops)
# Problematic frame:
# C  [opencv_objdetect300.dll+0x1cbd]
#
# Failed to write core dump. Minidumps are not enabled by default on client versions of Windows
#
# If you would like to submit a bug report, please visit:
#   http://bugreport.java.com/bugreport/crash.jsp
# The crash happened outside the Java Virtual Machine in native code.
# See problematic frame for where to report the bug.
#

---------------  T H R E A D  ---------------

Current thread (0x0000000002598000):  JavaThread "main" [_thread_in_native, id=10244, stack(0x00000000027e0000,0x00000000028e0000)]

siginfo: ExceptionCode=0xc0000005, writing address 0x0000001c42500008

Registers:
RAX=0x00000000ffffffff, RBX=0x00000000003d5a50, RCX=0x0000001c42500000, RDX=0x00000000028df648
RSP=0x00000000028df5d0, RBP=0x00000000028df798, RSI=0x000000005d183110, RDI=0x00000000003d5a50
R8 =0x0000000062c27520, R9 =0x0000000062f426d0, R10=0x0000000077a92c30, R11=0x0000000062826060
R12=0x00000000028df7b8, R13=0x00000000003d5a50, R14=0x0000000000000000, R15=0x000000005d183110
RIP=0x000007fee2641cbd, EFLAGS=0x0000000000010286

Top of Stack: (sp=0x00000000028df5d0)
0x00000000028df5d0:   0000000062f426d0 000007fee2649265
0x00000000028df5e0:   0000000062f426d0 0000000062f426d8
0x00000000028df5f0:   fffffffffffffffe 0000001c42500000
0x00000000028df600:   0000001e00000012 fffffffffffffffe
0x00000000028df610:   00000000028df6c0 000007fee2666125
0x00000000028df620:   00000000028df648 0000000062c27520
0x00000000028df630:   00000000028df6c0 000007fee1cfb1b1
0x00000000028df640:   fffffffffffffffe 0000000062c27520
0x00000000028df650:   0000000062f426d0 000000005d183110
0x00000000028df660:   0000000000000019 000007fee91e4d0b
0x00000000028df670:   00000000025981f8 000000005d183110
0x00000000028df680:   00000000028df7b8 00000000025981f8
0x00000000028df690:   000000005d183110 0000000059e19816
0x00000000028df6a0:   fffffffffffffffe 000000005d183110
0x00000000028df6b0:   0000000000000000 000000005d183110
0x00000000028df6c0:   0000000062825fe4 0000000000000019 

Instructions: (pc=0x000007fee2641cbd)
0x000007fee2641c9d:   48 8b 09 48 89 4c 24 28 4c 89 03 48 8b 43 08 48
0x000007fee2641cad:   89 44 24 30 4c 89 4b 08 48 85 c9 74 18 83 c8 ff
0x000007fee2641cbd:   f0 0f c1 41 08 83 f8 01 75 0b 48 8b 4c 24 28 48
0x000007fee2641ccd:   8b 01 ff 50 08 0f 57 c0 f3 0f 7f 44 24 28 48 8b 


Register to memory mapping:

RAX=0x00000000ffffffff is an unallocated location in the heap
RBX=0x00000000003d5a50 is an unknown value
RCX=0x0000001c42500000 is an unknown value
RDX=0x00000000028df648 is pointing into the stack for thread: 0x0000000002598000
RSP=0x00000000028df5d0 is pointing into the stack for thread: 0x0000000002598000
RBP=0x00000000028df798 is pointing into the stack for thread: 0x0000000002598000
RSI=0x000000005d183110 is an unknown value
RDI=0x00000000003d5a50 is an unknown value
R8 =0x0000000062c27520 is an unknown value
R9 =0x0000000062f426d0 is an unknown value
R10=0x0000000077a92c30 is an unknown value
R11=0x0000000062826060 is an unknown value
R12=0x00000000028df7b8 is pointing into the stack for thread: 0x0000000002598000
R13=0x00000000003d5a50 is an unknown value
R14=0x0000000000000000 is an unknown value
R15=0x000000005d183110 is an unknown value


Stack: [0x00000000027e0000,0x00000000028e0000],  sp=0x00000000028df5d0,  free space=1021k
Native frames: (J=compiled Java code, j=interpreted, Vv=VM code, C=native code)
C  [opencv_objdetect300.dll+0x1cbd]
C  [opencv_objdetect300.dll+0x26125]
C  [jniopencv_objdetect.dll+0x14d0b]
C  0x00000000028f5e14

Java frames: (J=compiled Java code, j=interpreted, Vv=VM code)
j  org.bytedeco.javacpp.opencv_objdetect$CascadeClassifier.load(Ljava/lang/String;)Z+0
j  Hand.<init>(II)V+301
j  Main.main([Ljava/lang/String;)V+100
v  ~StubRoutines::call_stub

---------------  P R O C E S S  ---------------

Java Threads: ( => current thread )
  0x000000005904f800 JavaThread "AWT-Windows" daemon [_thread_in_native, id=10976, stack(0x0000000059750000,0x0000000059850000)]
  0x000000005904c800 JavaThread "Java2D Disposer" daemon [_thread_blocked, id=6696, stack(0x0000000059b80000,0x0000000059c80000)]
  0x000000005745f000 JavaThread "Service Thread" daemon [_thread_blocked, id=9860, stack(0x0000000058810000,0x0000000058910000)]
  0x000000005745d000 JavaThread "C1 CompilerThread2" daemon [_thread_blocked, id=9384, stack(0x00000000595e0000,0x00000000596e0000)]
  0x000000005745c000 JavaThread "C2 CompilerThread1" daemon [_thread_blocked, id=2904, stack(0x00000000594c0000,0x00000000595c0000)]
  0x0000000058cb9000 JavaThread "C2 CompilerThread0" daemon [_thread_blocked, id=10448, stack(0x0000000059280000,0x0000000059380000)]
  0x0000000058cab800 JavaThread "Attach Listener" daemon [_thread_blocked, id=10928, stack(0x0000000058a90000,0x0000000058b90000)]
  0x0000000057451000 JavaThread "Signal Dispatcher" daemon [_thread_blocked, id=2884, stack(0x0000000059140000,0x0000000059240000)]
  0x00000000573f8800 JavaThread "Finalizer" daemon [_thread_blocked, id=10932, stack(0x0000000058ba0000,0x0000000058ca0000)]
  0x00000000573f1800 JavaThread "Reference Handler" daemon [_thread_blocked, id=6600, stack(0x0000000058990000,0x0000000058a90000)]
=>0x0000000002598000 JavaThread "main" [_thread_in_native, id=10244, stack(0x00000000027e0000,0x00000000028e0000)]

Other Threads:
  0x00000000573ec000 VMThread [stack: 0x0000000058710000,0x0000000058810000] [id=1840]
  0x0000000058d62800 WatcherThread [stack: 0x0000000059870000,0x0000000059970000] [id=9972]

VM state:not at safepoint (normal execution)

VM Mutex/Monitor currently owned by a thread: None

Heap:
 PSYoungGen      total 36864K, used 24206K [0x00000000d6e00000, 0x00000000d9700000, 0x0000000100000000)
  eden space 31744K, 76% used [0x00000000d6e00000,0x00000000d85a3928,0x00000000d8d00000)
  from space 5120K, 0% used [0x00000000d9200000,0x00000000d9200000,0x00000000d9700000)
  to   space 5120K, 0% used [0x00000000d8d00000,0x00000000d8d00000,0x00000000d9200000)
 ParOldGen       total 84992K, used 0K [0x0000000084a00000, 0x0000000089d00000, 0x00000000d6e00000)
  object space 84992K, 0% used [0x0000000084a00000,0x0000000084a00000,0x0000000089d00000)
 Metaspace       used 8635K, capacity 8866K, committed 8960K, reserved 1056768K
  class space    used 954K, capacity 1023K, committed 1024K, reserved 1048576K

Card table byte_map: [0x0000000011ca0000,0x0000000012080000] byte_map_base: 0x000000001187b000

Marking Bits: (ParMarkBitMap*) 0x000000005a564040
 Begin Bits: [0x00000000128d0000, 0x00000000147a8000)
 End Bits:   [0x00000000147a8000, 0x0000000016680000)

Polling page: 0x0000000000230000

CodeCache: size=245760Kb used=3389Kb max_used=3389Kb free=242370Kb
 bounds [0x00000000028e0000, 0x0000000002c40000, 0x00000000118e0000]
 total_blobs=1252 nmethods=785 adapters=380
 compilation: enabled

Compilation events (10 events):
Event: 3.231 Thread 0x000000005745d000  781       3       java.net.URLClassLoader$2::run (5 bytes)
Event: 3.232 Thread 0x000000005745d000 nmethod 781 0x0000000002c26a10 code [0x0000000002c26b80, 0x0000000002c26dc8]
Event: 3.232 Thread 0x000000005745d000  782       3       java.net.URLClassLoader$2::run (16 bytes)
Event: 3.232 Thread 0x000000005745d000 nmethod 782 0x0000000002c265d0 code [0x0000000002c26740, 0x0000000002c26908]
Event: 3.369 Thread 0x000000005745d000  783       3       java.util.ArrayList::toArray (12 bytes)
Event: 3.369 Thread 0x000000005745d000 nmethod 783 0x0000000002c260d0 code [0x0000000002c26240, 0x0000000002c264c8]
Event: 3.372 Thread 0x000000005745d000  784   !   3       java.io.File::toURI (69 bytes)
Event: 3.372 Thread 0x000000005745d000 nmethod 784 0x0000000002c24850 code [0x0000000002c24ac0, 0x0000000002c258f8]
Event: 3.372 Thread 0x000000005745d000  785       3       java.net.URI::defineString (289 bytes)
Event: 3.375 Thread 0x000000005745d000 nmethod 785 0x0000000002c2edd0 code [0x0000000002c2f280, 0x0000000002c33eb8]

GC Heap History (0 events):
No events

Deoptimization events (0 events):
No events

Internal exceptions (10 events):
Event: 3.024 Thread 0x0000000002598000 Exception <a 'java/lang/UnsatisfiedLinkError'> (0x00000000d83cb510) thrown at [C:\re\workspace\8-2-build-windows-amd64-cygwin\jdk8u45\3627\hotspot\src\share\vm\prims\jvm.cpp, line 3965]
Event: 3.025 Thread 0x0000000002598000 Exception <a 'java/lang/UnsatisfiedLinkError'> (0x00000000d83cb510) thrown at [C:\re\workspace\8-2-build-windows-amd64-cygwin\jdk8u45\3627\hotspot\src\share\vm\prims\jni.cpp, line 709]
Event: 3.030 Thread 0x0000000002598000 Exception <a 'java/lang/UnsatisfiedLinkError'> (0x00000000d83f3ba0) thrown at [C:\re\workspace\8-2-build-windows-amd64-cygwin\jdk8u45\3627\hotspot\src\share\vm\prims\jvm.cpp, line 3965]
Event: 3.030 Thread 0x0000000002598000 Exception <a 'java/lang/UnsatisfiedLinkError'> (0x00000000d83f3ba0) thrown at [C:\re\workspace\8-2-build-windows-amd64-cygwin\jdk8u45\3627\hotspot\src\share\vm\prims\jni.cpp, line 709]
Event: 3.036 Thread 0x0000000002598000 Exception <a 'java/lang/UnsatisfiedLinkError'> (0x00000000d841c2e8) thrown at [C:\re\workspace\8-2-build-windows-amd64-cygwin\jdk8u45\3627\hotspot\src\share\vm\prims\jvm.cpp, line 3965]
Event: 3.036 Thread 0x0000000002598000 Exception <a 'java/lang/UnsatisfiedLinkError'> (0x00000000d841c2e8) thrown at [C:\re\workspace\8-2-build-windows-amd64-cygwin\jdk8u45\3627\hotspot\src\share\vm\prims\jni.cpp, line 709]
Event: 3.231 Thread 0x0000000002598000 Exception <a 'java/lang/UnsatisfiedLinkError'> (0x00000000d84aee60) thrown at [C:\re\workspace\8-2-build-windows-amd64-cygwin\jdk8u45\3627\hotspot\src\share\vm\prims\jvm.cpp, line 3965]
Event: 3.231 Thread 0x0000000002598000 Exception <a 'java/lang/UnsatisfiedLinkError'> (0x00000000d84aee60) thrown at [C:\re\workspace\8-2-build-windows-amd64-cygwin\jdk8u45\3627\hotspot\src\share\vm\prims\jni.cpp, line 709]
Event: 3.371 Thread 0x0000000002598000 Exception <a 'java/lang/UnsatisfiedLinkError'> (0x00000000d8529d78) thrown at [C:\re\workspace\8-2-build-windows-amd64-cygwin\jdk8u45\3627\hotspot\src\share\vm\prims\jvm.cpp, line 3965]
Event: 3.371 Thread 0x0000000002598000 Exception <a 'java/lang/UnsatisfiedLinkError'> (0x00000000d8529d78) thrown at [C:\re\workspace\8-2-build-windows-amd64-cygwin\jdk8u45\3627\hotspot\src\share\vm\prims\jni.cpp, line 709]

Events (10 events):
Event: 3.367 loading class org/bytedeco/javacpp/opencv_objdetect$CvHaarClassifierCascade
Event: 3.367 loading class org/bytedeco/javacpp/opencv_objdetect$CvHaarClassifierCascade done
Event: 3.367 loading class org/bytedeco/javacpp/helper/opencv_objdetect$AbstractCvHaarClassifierCascade
Event: 3.367 loading class org/bytedeco/javacpp/helper/opencv_objdetect$AbstractCvHaarClassifierCascade done
Event: 3.368 loading class org/bytedeco/javacpp/opencv_objdetect$CvHaarStageClassifier
Event: 3.368 loading class org/bytedeco/javacpp/opencv_objdetect$CvHaarStageClassifier done
Event: 3.368 loading class org/bytedeco/javacpp/opencv_objdetect$CvHaarClassifier
Event: 3.368 loading class org/bytedeco/javacpp/opencv_objdetect$CvHaarClassifier done
Event: 3.368 loading class org/bytedeco/javacpp/opencv_objdetect$CvHaarFeature
Event: 3.368 loading class org/bytedeco/javacpp/opencv_objdetect$CvHaarFeature done


Dynamic libraries:
0x000000013f300000 - 0x000000013f337000 	C:\Program Files\Java\jre1.8.0_45\bin\javaw.exe
0x0000000077960000 - 0x0000000077b0a000 	C:\Windows\SYSTEM32\ntdll.dll
0x0000000077840000 - 0x000000007795f000 	C:\Windows\system32\kernel32.dll
0x000007fefd830000 - 0x000007fefd89a000 	C:\Windows\system32\KERNELBASE.dll
0x000007fefef90000 - 0x000007feff06b000 	C:\Windows\system32\ADVAPI32.dll
0x000007feff070000 - 0x000007feff10f000 	C:\Windows\system32\msvcrt.dll
0x000007feffaa0000 - 0x000007feffabf000 	C:\Windows\SYSTEM32\sechost.dll
0x000007fefde30000 - 0x000007fefdf5d000 	C:\Windows\system32\RPCRT4.dll
0x0000000077740000 - 0x000000007783a000 	C:\Windows\system32\USER32.dll
0x000007fefedd0000 - 0x000007fefee37000 	C:\Windows\system32\GDI32.dll
0x000007fefee40000 - 0x000007fefee4e000 	C:\Windows\system32\LPK.dll
0x000007feffac0000 - 0x000007feffb8a000 	C:\Windows\system32\USP10.dll
0x000007fefa640000 - 0x000007fefa834000 	C:\Windows\WinSxS\amd64_microsoft.windows.common-controls_6595b64144ccf1df_6.0.7601.18837_none_fa3b1e3d17594757\COMCTL32.dll
0x000007feff570000 - 0x000007feff5e1000 	C:\Windows\system32\SHLWAPI.dll
0x000007fefd4a0000 - 0x000007fefd4f7000 	C:\Windows\system32\apphelp.dll
0x000007fefb200000 - 0x000007fefb251000 	C:\Windows\AppPatch\AppPatch64\AcGenral.DLL
0x000007fefd470000 - 0x000007fefd495000 	C:\Windows\system32\SspiCli.dll
0x000007fefdbc0000 - 0x000007fefddc3000 	C:\Windows\system32\ole32.dll
0x000007fefdfa0000 - 0x000007fefed2c000 	C:\Windows\system32\SHELL32.dll
0x000000006df30000 - 0x000000006df33000 	C:\Windows\system32\sfc.dll
0x000007fef3e50000 - 0x000007fef3e60000 	C:\Windows\system32\sfc_os.DLL
0x000007fefd770000 - 0x000007fefd78e000 	C:\Windows\system32\USERENV.dll
0x000007fefd6a0000 - 0x000007fefd6af000 	C:\Windows\system32\profapi.dll
0x000007fefa220000 - 0x000007fefa238000 	C:\Windows\system32\dwmapi.dll
0x000007feee2f0000 - 0x000007feee308000 	C:\Windows\system32\MPR.dll
0x000007fefdf70000 - 0x000007fefdf9e000 	C:\Windows\system32\IMM32.DLL
0x000007fefdab0000 - 0x000007fefdbb9000 	C:\Windows\system32\MSCTF.dll
0x0000000058530000 - 0x0000000058602000 	C:\Program Files\Java\jre1.8.0_45\bin\msvcr100.dll
0x0000000059d60000 - 0x000000005a5e3000 	C:\Program Files\Java\jre1.8.0_45\bin\server\jvm.dll
0x000007fefadd0000 - 0x000007fefadd9000 	C:\Windows\system32\WSOCK32.dll
0x000007fefda60000 - 0x000007fefdaad000 	C:\Windows\system32\WS2_32.dll
0x000007fefdf60000 - 0x000007fefdf68000 	C:\Windows\system32\NSI.dll
0x000007fef8370000 - 0x000007fef83ab000 	C:\Windows\system32\WINMM.dll
0x000007fefc5d0000 - 0x000007fefc5dc000 	C:\Windows\system32\VERSION.dll
0x0000000077b30000 - 0x0000000077b37000 	C:\Windows\system32\PSAPI.DLL
0x0000000070f70000 - 0x0000000070f7f000 	C:\Program Files\Java\jre1.8.0_45\bin\verify.dll
0x0000000070f40000 - 0x0000000070f69000 	C:\Program Files\Java\jre1.8.0_45\bin\java.dll
0x0000000070f20000 - 0x0000000070f36000 	C:\Program Files\Java\jre1.8.0_45\bin\zip.dll
0x0000000059970000 - 0x0000000059b08000 	C:\Program Files\Java\jre1.8.0_45\bin\awt.dll
0x000007feffb90000 - 0x000007feffc68000 	C:\Windows\system32\OLEAUT32.dll
0x000007fefad00000 - 0x000007fefad56000 	C:\Windows\system32\uxtheme.dll
0x000007feebaf0000 - 0x000007feec380000 	C:\Windows\system32\SOGOUPY.IME
0x000007fef8410000 - 0x000007fef8417000 	C:\Windows\system32\MSIMG32.dll
0x000007fef83b0000 - 0x000007fef8404000 	C:\Windows\system32\OLEACC.dll
0x000007fefc4a0000 - 0x000007fefc4cd000 	C:\Windows\system32\ntmarta.dll
0x000007fefddd0000 - 0x000007fefde22000 	C:\Windows\system32\WLDAP32.dll
0x000007fefd500000 - 0x000007fefd50f000 	C:\Windows\system32\CRYPTBASE.dll
0x000007fee8630000 - 0x000007fee8867000 	c:\Program Files (x86)\SogouInput\Components\PicFace\1.0.0.1455\PicFace64.dll
0x0000000058510000 - 0x0000000058525000 	C:\Users\KYWang\AppData\Local\Temp\javacpp18525711784361\libusb0.dll
0x000007feff8c0000 - 0x000007feffa97000 	C:\Windows\system32\SETUPAPI.dll
0x000007fefd730000 - 0x000007fefd766000 	C:\Windows\system32\CFGMGR32.dll
0x000007fefd8d0000 - 0x000007fefd8ea000 	C:\Windows\system32\DEVOBJ.dll
0x000007fef2420000 - 0x000007fef2454000 	C:\Users\KYWang\AppData\Local\Temp\javacpp18525711784361\freenect.dll
0x000007fef6680000 - 0x000007fef6699000 	C:\Users\KYWang\AppData\Local\Temp\javacpp18525711784361\pthreadVC2.dll
0x000007fef4040000 - 0x000007fef4063000 	C:\Users\KYWang\AppData\Local\Temp\javacpp18525711784361\jnifreenect.dll
0x000007fef5d60000 - 0x000007fef5e4f000 	C:\Windows\system32\MSVCR120.dll
0x000007fef3bf0000 - 0x000007fef3c14000 	C:\Users\KYWang\AppData\Local\Temp\javacpp18525711784361\jnivideoInputLib.dll
0x000007feea180000 - 0x000007feea226000 	C:\Windows\system32\MSVCP120.dll
0x000007fefee50000 - 0x000007fefeee9000 	C:\Windows\system32\CLBCatQ.DLL
0x000007fef26f0000 - 0x000007fef2706000 	C:\Windows\system32\devenum.dll
0x000007fefd6e0000 - 0x000007fefd71b000 	C:\Windows\system32\WINTRUST.dll
0x000007fefd8f0000 - 0x000007fefda5d000 	C:\Windows\system32\CRYPT32.dll
0x000007fefd6b0000 - 0x000007fefd6bf000 	C:\Windows\system32\MSASN1.dll
0x000007fef69a0000 - 0x000007fef69ad000 	C:\Windows\system32\msdmo.dll
0x000007fef3330000 - 0x000007fef335f000 	C:\Windows\system32\qcap.dll
0x000007fee2440000 - 0x000007fee25f3000 	C:\Windows\system32\quartz.dll
0x000007fef1b70000 - 0x000007fef1bb1000 	C:\Windows\system32\ksproxy.ax
0x000000006df40000 - 0x000000006df46000 	C:\Windows\system32\ksuser.dll
0x000007fef9e70000 - 0x000007fefa06f000 	C:\Windows\system32\d3d9.dll
0x000007fef9e60000 - 0x000007fef9e67000 	C:\Windows\system32\d3d8thk.dll
0x000007fef22f0000 - 0x000007fef2314000 	C:\Windows\system32\kswdmcap.ax
0x000007feeea60000 - 0x000007feeebbc000 	C:\Windows\system32\MFC42.dll
0x000007feee9a0000 - 0x000007feeea51000 	C:\Windows\system32\ODBC32.dll
0x00000000590a0000 - 0x00000000590d8000 	C:\Windows\system32\odbcint.dll
0x000007fee7c90000 - 0x000007fee7d2b000 	C:\Windows\System32\qedit.dll
0x000007fef1be0000 - 0x000007fef1c09000 	C:\Windows\System32\MSVFW32.dll
0x000007fefed30000 - 0x000007fefedc7000 	C:\Windows\system32\COMDLG32.dll
0x000007fefa3d0000 - 0x000007fefa5e6000 	C:\Windows\WinSxS\amd64_microsoft.windows.gdiplus_6595b64144ccf1df_1.1.7601.23508_none_145555328b95eaaa\gdiplus.dll
0x000007fef2fb0000 - 0x000007fef30a1000 	C:\Windows\system32\DDRAW.dll
0x000007fef3d00000 - 0x000007fef3d08000 	C:\Windows\system32\DCIMAN32.dll
0x000007fee7ba0000 - 0x000007fee7c8f000 	C:\Users\KYWang\AppData\Local\Temp\javacpp18525711784361\msvcr120.dll
0x000007feee410000 - 0x000007feee4b6000 	C:\Users\KYWang\AppData\Local\Temp\javacpp18525711784361\msvcp120.dll
0x000007fee1b70000 - 0x000007fee1df1000 	C:\Users\KYWang\AppData\Local\Temp\javacpp18525711784361\opencv_core300.dll
0x000007fee0e90000 - 0x000007fee120f000 	C:\Users\KYWang\AppData\Local\Temp\javacpp18525711784361\opencv_imgproc300.dll
0x000007fee0cd0000 - 0x000007fee0e88000 	C:\Users\KYWang\AppData\Local\Temp\javacpp18525711784361\jniopencv_core.dll
0x000007fee0c20000 - 0x000007fee0cc5000 	C:\Users\KYWang\AppData\Local\Temp\javacpp18525711784361\jniopencv_imgproc.dll
0x000007fee0960000 - 0x000007fee0c17000 	C:\Users\KYWang\AppData\Local\Temp\javacpp18525711784361\opencv_imgcodecs300.dll
0x000007fef2400000 - 0x000007fef241b000 	C:\Users\KYWang\AppData\Local\Temp\javacpp18525711784361\jniopencv_imgcodecs.dll
0x0000000066840000 - 0x00000000676b4000 	C:\Windows\System32\opencv_ffmpeg300_64.dll
0x000007fef1860000 - 0x000007fef18a8000 	C:\Users\KYWang\AppData\Local\Temp\javacpp18525711784361\opencv_videoio300.dll
0x000007fef1d70000 - 0x000007fef1d8f000 	C:\Windows\system32\AVIFIL32.dll
0x000007fee92c0000 - 0x000007fee92d8000 	C:\Windows\system32\MSACM32.dll
0x000007fef1bc0000 - 0x000007fef1bd7000 	C:\Windows\system32\AVICAP32.dll
0x000007fef1840000 - 0x000007fef1854000 	C:\Users\KYWang\AppData\Local\Temp\javacpp18525711784361\jniopencv_videoio.dll
0x000007fef1790000 - 0x000007fef17ba000 	C:\Users\KYWang\AppData\Local\Temp\javacpp18525711784361\opencv_highgui300.dll
0x000007fef1750000 - 0x000007fef1784000 	C:\Users\KYWang\AppData\Local\Temp\javacpp18525711784361\jniopencv_highgui.dll
0x000007fee0890000 - 0x000007fee0960000 	C:\Users\KYWang\AppData\Local\Temp\javacpp18525711784361\opencv_ml300.dll
0x000007fef11b0000 - 0x000007fef11df000 	C:\Users\KYWang\AppData\Local\Temp\javacpp18525711784361\jniopencv_ml.dll
0x000007fee2640000 - 0x000007fee26e0000 	C:\Users\KYWang\AppData\Local\Temp\javacpp18525711784361\opencv_objdetect300.dll
0x000007fee91d0000 - 0x000007fee921c000 	C:\Users\KYWang\AppData\Local\Temp\javacpp18525711784361\jniopencv_objdetect.dll
0x000007fefade0000 - 0x000007fefaf05000 	C:\Windows\system32\dbghelp.dll

VM Arguments:
jvm_args: -Dfile.encoding=GBK 
java_command: Main
java_class_path (initial): E:\GestureRecognition\code\HandDetection\bin;E:\GestureRecognition\javacv-bin\;E:\GestureRecognition\javacv-bin\javacpp.jar;E:\GestureRecognition\javacv-bin\opencv-linux-x86.jar;E:\GestureRecognition\javacv-bin\opencv-linux-x86_64.jar;E:\GestureRecognition\javacv-bin\opencv-macosx-x86_64.jar;E:\GestureRecognition\javacv-bin\opencv-windows-x86.jar;E:\GestureRecognition\javacv-bin\opencv-windows-x86_64.jar;E:\GestureRecognition\javacv-bin\opencv.jar;E:\GestureRecognition\javacv-bin\ffmpeg-linux-x86.jar;E:\GestureRecognition\javacv-bin\ffmpeg-linux-x86_64.jar;E:\GestureRecognition\javacv-bin\ffmpeg-macosx-x86_64.jar;E:\GestureRecognition\javacv-bin\ffmpeg-windows-x86.jar;E:\GestureRecognition\javacv-bin\ffmpeg-windows-x86_64.jar;E:\GestureRecognition\javacv-bin\ffmpeg.jar;E:\GestureRecognition\javacv-bin\flycapture-linux-x86.jar;E:\GestureRecognition\javacv-bin\flycapture-linux-x86_64.jar;E:\GestureRecognition\javacv-bin\flycapture-windows-x86.jar;E:\GestureRecognition\javacv-bin\flycapture-windows-x86_64.jar;E:\GestureRecognition\javacv-bin\flycapture.jar;E:\GestureRecognition\javacv-bin\libdc1394-linux-x86.jar;E:\GestureRecognition\javacv-bin\libdc1394-linux-x86_64.jar;E:\GestureRecognition\javacv-bin\libdc1394-macosx-x86_64.jar;E:\GestureRecognition\javacv-bin\libdc1394.jar;E:\GestureRecognition\javacv-bin\libfreenect-linux-x86.jar;E:\GestureRecognition\javacv-bin\libfreenect-linux-x86_64.jar;E:\GestureRecognition\javacv-bin\libfreenect-macosx-x86_64.jar;E:\GestureRecognition\javacv-bin\libfreenect-windows-x86.jar;E:\GestureRecognition\javacv-bin\libfreenect-windows-x86_64.jar;E:\GestureRecognition\javacv-bin\libfreenect.jar;E:\GestureRecognition\javacv-bin\videoinput-windows-x86.jar;E:\GestureRecognition\javacv-bin\videoinput-windows-x86_64.jar;E:\GestureRecognition\javacv-bin\videoinput.jar;E:\GestureRecognition\javacv-bin\artoolkitplus-linux-x86.jar;E:\GestureRecognition\javacv-bin\artoolkitplus-linux-x86_64.jar;E:\GestureRecognition\
Launcher Type: SUN_STANDARD

Environment Variables:
JAVA_HOME=C:\Program Files\Java\jdk1.8.0_25
PATH=C:/Program Files/Java/jre1.8.0_45/bin/server;C:/Program Files/Java/jre1.8.0_45/bin;C:/Program Files/Java/jre1.8.0_45/lib/amd64;C:\ProgramData\Oracle\Java\javapath;C:\Program Files (x86)\Intel\iCLS Client\;C:\Program Files\Intel\iCLS Client\;C:\Windows\system32;C:\Windows;C:\Windows\System32\Wbem;C:\Windows\System32\WindowsPowerShell\v1.0\;C:\Program Files\Intel\Intel(R) Management Engine Components\DAL;C:\Program Files\Intel\Intel(R) Management Engine Components\IPT;C:\Program Files (x86)\Intel\Intel(R) Management Engine Components\DAL;C:\Program Files (x86)\Intel\Intel(R) Management Engine Components\IPT;C:\Program Files\Lenovo\Fingerprint Manager Pro\;C:\Program Files (x86)\Common Files\Lenovo;C:\SWTOOLS\ReadyApps;C:\Program Files (x86)\Lenovo\Access Connections\;C:\Program Files (x86)\Lenovo\Password Manager\;C:\Program Files\SourceGear\Common\DiffMerge\;d:\MATLAB\R2014b\runtime\win64;d:\MATLAB\R2014b\bin;d:\MATLAB\R2014b\polyspace\bin;C:\Program Files (x86)\Microsoft SQL Server\100\Tools\Binn\;C:\Program Files\Microsoft SQL Server\100\Tools\Binn\;C:\Program Files\Microsoft SQL Server\100\DTS\Binn\;C:\Program Files (x86)\Windows Kits\10\Windows Performance Toolkit\;C:\Program Files\Intel\WiFi\bin\;C:\Program Files\Common Files\Intel\WirelessCommon\;C:\Program Files (x86)\GtkSharp\2.12\bin;C:\Program Files (x86)\QuickTime\QTSystem\;C:\Users\KYWang\AppData\Local\Programs\Python\Python35\Scripts\;C:\Users\KYWang\AppData\Local\Programs\Python\Python35\;C:\Program Files\Java\jdk1.8.0_25/bin;C:\Program Files (x86)\Google\google_appengine\;C:\Program Files\mingw-w64\x86_64-5.2.0-posix-seh-rt_v4-rev0\mingw64\bin;D:\opencv\build\x86\vc12\bin;D:\opencv\build\x64\vc12\bin;D:\opencv\build\MinGW64\bin;C:\Users\KYWang\AppData\Local\Android\sdk\platform-tools;C:\Program Files\Intel\WiFi\bin\;C:\Program Files\Common Files\Intel\WirelessCommon\;D:\eclipse;
USERNAME=KYWang
OS=Windows_NT
PROCESSOR_IDENTIFIER=Intel64 Family 6 Model 69 Stepping 1, GenuineIntel



---------------  S Y S T E M  ---------------

OS: Windows 7 , 64 bit Build 7601 (6.1.7601.23418)

CPU:total 4 (2 cores per cpu, 2 threads per core) family 6 model 69 stepping 1, cmov, cx8, fxsr, mmx, sse, sse2, sse3, ssse3, sse4.1, sse4.2, popcnt, avx, avx2, clmul, erms, lzcnt, ht, tsc, tscinvbit, bmi1, bmi2

Memory: 4k page, physical 8085152k(2376676k free), swap 16168444k(8669008k free)

vm_info: Java HotSpot(TM) 64-Bit Server VM (25.45-b02) for windows-amd64 JRE (1.8.0_45-b15), built on Apr 30 2015 12:40:44 by "java_re" with MS VC++ 10.0 (VS2010)

time: Sat Sep 17 16:42:02 2016
elapsed time: 3 seconds (0d 0h 0m 3s)

